14:10:15 - INFO - Initializing Polymarket Arbitrage Bot...
14:10:15 - INFO - âœ… Polymarket client initialized (Level 2 - Full Access)
14:10:15 - INFO - Risk manager initialized
/Users/hayssamhoballah/clawd/polymarket-arbitrage/src/notification_service.py:69: RuntimeWarning: coroutine 'Bot.get_me' was never awaited
  self.telegram_bot.get_me()
RuntimeWarning: Enable tracemalloc to get the object allocation traceback
14:10:15 - INFO - âœ… Telegram bot connected
14:10:15 - INFO - Notification service initialized (Telegram: True)
14:10:15 - INFO - Database initialized: data/trades.db
14:10:15 - INFO - Bot initialized successfully
14:10:15 - INFO - ðŸš€ Starting Polymarket Arbitrage Bot
14:10:16 - INFO - HTTP Request: POST https://api.telegram.org/bot8336844524:AAFPyCmd1xl-oAppgrJhi-XBcWX9Xr0uDaM/sendMessage "HTTP/1.1 200 OK"
14:10:16 - INFO - Notification sent: ðŸ¤– Arbitrage Bot Started
14:10:17 - INFO - HTTP Request: GET https://clob.polymarket.com/markets?next_cursor=MA== "HTTP/2 200 OK"
14:10:17 - INFO - HTTP Request: GET https://clob.polymarket.com/markets?next_cursor=MA== "HTTP/2 200 OK"
14:10:18 - INFO - HTTP Request: GET https://clob.polymarket.com/markets?next_cursor=MA== "HTTP/2 200 OK"
14:10:21 - INFO - HTTP Request: GET https://clob.polymarket.com/markets?next_cursor=MA== "HTTP/2 200 OK"
14:10:24 - INFO - HTTP Request: GET https://clob.polymarket.com/markets?next_cursor=MA== "HTTP/2 200 OK"
14:10:24 - INFO - HTTP Request: GET https://clob.polymarket.com/markets?next_cursor=MA== "HTTP/2 200 OK"
14:10:24 - INFO - HTTP Request: GET https://clob.polymarket.com/markets?next_cursor=MA== "HTTP/2 200 OK"
14:10:25 - INFO - HTTP Request: GET https://clob.polymarket.com/markets?next_cursor=MA== "HTTP/2 200 OK"
14:10:27 - INFO - HTTP Request: GET https://clob.polymarket.com/markets?next_cursor=MA== "HTTP/2 200 OK"
14:10:28 - INFO - HTTP Request: GET https://clob.polymarket.com/markets?next_cursor=MA== "HTTP/2 200 OK"
14:10:29 - INFO - HTTP Request: GET https://clob.polymarket.com/markets?next_cursor=MA== "HTTP/2 200 OK"
14:10:30 - INFO - HTTP Request: GET https://clob.polymarket.com/markets?next_cursor=MA== "HTTP/2 200 OK"
14:10:36 - INFO - HTTP Request: GET https://clob.polymarket.com/markets?next_cursor=MA== "HTTP/2 200 OK"
14:10:36 - INFO - HTTP Request: GET https://clob.polymarket.com/markets?next_cursor=MA== "HTTP/2 200 OK"
14:10:37 - INFO - HTTP Request: GET https://clob.polymarket.com/markets?next_cursor=MA== "HTTP/2 200 OK"
14:10:38 - INFO - HTTP Request: GET https://clob.polymarket.com/markets?next_cursor=MA== "HTTP/2 200 OK"
14:10:41 - INFO - HTTP Request: GET https://clob.polymarket.com/markets?next_cursor=MA== "HTTP/2 200 OK"
14:10:43 - INFO - HTTP Request: GET https://clob.polymarket.com/markets?next_cursor=MA== "HTTP/2 200 OK"
14:10:44 - INFO - HTTP Request: GET https://clob.polymarket.com/markets?next_cursor=MA== "HTTP/2 200 OK"
14:10:45 - INFO - HTTP Request: GET https://clob.polymarket.com/markets?next_cursor=MA== "HTTP/2 200 OK"
14:10:48 - INFO - HTTP Request: GET https://clob.polymarket.com/markets?next_cursor=MA== "HTTP/2 200 OK"
14:10:49 - INFO - HTTP Request: GET https://clob.polymarket.com/markets?next_cursor=MA== "HTTP/2 200 OK"
14:10:50 - INFO - HTTP Request: GET https://clob.polymarket.com/markets?next_cursor=MA== "HTTP/2 200 OK"
14:10:52 - INFO - HTTP Request: GET https://clob.polymarket.com/markets?next_cursor=MA== "HTTP/2 200 OK"
14:10:55 - INFO - HTTP Request: GET https://clob.polymarket.com/markets?next_cursor=MA== "HTTP/2 200 OK"
14:10:57 - INFO - HTTP Request: GET https://clob.polymarket.com/markets?next_cursor=MA== "HTTP/2 200 OK"
14:10:58 - INFO - HTTP Request: GET https://clob.polymarket.com/markets?next_cursor=MA== "HTTP/2 200 OK"
14:11:00 - INFO - HTTP Request: GET https://clob.polymarket.com/markets?next_cursor=MA== "HTTP/2 200 OK"
14:11:04 - INFO - HTTP Request: GET https://clob.polymarket.com/markets?next_cursor=MA== "HTTP/2 200 OK"
14:11:05 - INFO - HTTP Request: GET https://clob.polymarket.com/markets?next_cursor=MA== "HTTP/2 200 OK"
14:11:07 - INFO - HTTP Request: GET https://clob.polymarket.com/markets?next_cursor=MA== "HTTP/2 200 OK"
14:11:10 - INFO - HTTP Request: GET https://clob.polymarket.com/markets?next_cursor=MA== "HTTP/2 200 OK"
14:11:14 - INFO - HTTP Request: GET https://clob.polymarket.com/markets?next_cursor=MA== "HTTP/2 200 OK"
14:11:16 - INFO - HTTP Request: GET https://clob.polymarket.com/markets?next_cursor=MA== "HTTP/2 200 OK"
14:11:18 - INFO - HTTP Request: GET https://clob.polymarket.com/markets?next_cursor=MA== "HTTP/2 200 OK"
14:11:20 - INFO - HTTP Request: GET https://clob.polymarket.com/markets?next_cursor=MA== "HTTP/2 200 OK"
14:11:24 - INFO - HTTP Request: GET https://clob.polymarket.com/markets?next_cursor=MA== "HTTP/2 200 OK"
14:11:25 - INFO - HTTP Request: GET https://clob.polymarket.com/markets?next_cursor=MA== "HTTP/2 200 OK"
14:11:27 - INFO - HTTP Request: GET https://clob.polymarket.com/markets?next_cursor=MA== "HTTP/2 200 OK"
14:11:28 - INFO - HTTP Request: GET https://clob.polymarket.com/markets?next_cursor=MA== "HTTP/2 200 OK"
14:11:32 - INFO - HTTP Request: GET https://clob.polymarket.com/markets?next_cursor=MA== "HTTP/2 200 OK"
14:11:33 - INFO - HTTP Request: GET https://clob.polymarket.com/markets?next_cursor=MA== "HTTP/2 200 OK"
14:11:34 - INFO - HTTP Request: GET https://clob.polymarket.com/markets?next_cursor=MA== "HTTP/2 200 OK"
14:11:36 - INFO - HTTP Request: GET https://clob.polymarket.com/markets?next_cursor=MA== "HTTP/2 200 OK"
14:11:44 - INFO - HTTP Request: GET https://clob.polymarket.com/markets?next_cursor=MA== "HTTP/2 200 OK"
14:11:45 - INFO - HTTP Request: GET https://clob.polymarket.com/markets?next_cursor=MA== "HTTP/2 200 OK"
14:11:47 - INFO - HTTP Request: GET https://clob.polymarket.com/markets?next_cursor=MA== "HTTP/2 200 OK"
14:11:48 - INFO - HTTP Request: GET https://clob.polymarket.com/markets?next_cursor=MA== "HTTP/2 200 OK"
14:11:52 - INFO - HTTP Request: GET https://clob.polymarket.com/markets?next_cursor=MA== "HTTP/2 200 OK"
14:11:54 - INFO - HTTP Request: GET https://clob.polymarket.com/markets?next_cursor=MA== "HTTP/2 200 OK"
14:11:56 - INFO - HTTP Request: GET https://clob.polymarket.com/markets?next_cursor=MA== "HTTP/2 200 OK"
14:11:58 - INFO - HTTP Request: GET https://clob.polymarket.com/markets?next_cursor=MA== "HTTP/2 200 OK"
14:12:02 - INFO - HTTP Request: GET https://clob.polymarket.com/markets?next_cursor=MA== "HTTP/2 200 OK"
14:12:03 - INFO - HTTP Request: GET https://clob.polymarket.com/markets?next_cursor=MA== "HTTP/2 200 OK"
14:12:05 - INFO - HTTP Request: GET https://clob.polymarket.com/markets?next_cursor=MA== "HTTP/2 200 OK"
14:12:07 - INFO - HTTP Request: GET https://clob.polymarket.com/markets?next_cursor=MA== "HTTP/2 200 OK"
14:12:11 - INFO - HTTP Request: GET https://clob.polymarket.com/markets?next_cursor=MA== "HTTP/2 200 OK"
14:12:12 - INFO - HTTP Request: GET https://clob.polymarket.com/markets?next_cursor=MA== "HTTP/2 200 OK"
14:12:13 - INFO - HTTP Request: GET https://clob.polymarket.com/markets?next_cursor=MA== "HTTP/2 200 OK"
14:12:15 - INFO - HTTP Request: GET https://clob.polymarket.com/markets?next_cursor=MA== "HTTP/2 200 OK"
14:12:18 - INFO - HTTP Request: GET https://clob.polymarket.com/markets?next_cursor=MA== "HTTP/2 200 OK"
14:12:19 - INFO - HTTP Request: GET https://clob.polymarket.com/markets?next_cursor=MA== "HTTP/2 200 OK"
14:12:22 - INFO - HTTP Request: GET https://clob.polymarket.com/markets?next_cursor=MA== "HTTP/2 200 OK"
14:12:23 - INFO - HTTP Request: GET https://clob.polymarket.com/markets?next_cursor=MA== "HTTP/2 200 OK"
14:12:26 - INFO - HTTP Request: GET https://clob.polymarket.com/markets?next_cursor=MA== "HTTP/2 200 OK"
14:12:27 - INFO - HTTP Request: GET https://clob.polymarket.com/markets?next_cursor=MA== "HTTP/2 200 OK"
14:12:28 - INFO - HTTP Request: GET https://clob.polymarket.com/markets?next_cursor=MA== "HTTP/2 200 OK"
14:12:29 - INFO - HTTP Request: GET https://clob.polymarket.com/markets?next_cursor=MA== "HTTP/2 200 OK"
14:12:32 - INFO - HTTP Request: GET https://clob.polymarket.com/markets?next_cursor=MA== "HTTP/2 200 OK"
14:12:33 - INFO - HTTP Request: GET https://clob.polymarket.com/markets?next_cursor=MA== "HTTP/2 200 OK"
14:12:34 - INFO - HTTP Request: GET https://clob.polymarket.com/markets?next_cursor=MA== "HTTP/2 200 OK"
14:12:34 - INFO - HTTP Request: GET https://clob.polymarket.com/markets?next_cursor=MA== "HTTP/2 200 OK"
14:12:37 - INFO - HTTP Request: GET https://clob.polymarket.com/markets?next_cursor=MA== "HTTP/2 200 OK"
14:12:38 - INFO - HTTP Request: GET https://clob.polymarket.com/markets?next_cursor=MA== "HTTP/2 200 OK"
14:12:39 - INFO - HTTP Request: GET https://clob.polymarket.com/markets?next_cursor=MA== "HTTP/2 200 OK"
14:12:40 - INFO - HTTP Request: GET https://clob.polymarket.com/markets?next_cursor=MA== "HTTP/2 200 OK"
14:12:43 - INFO - HTTP Request: GET https://clob.polymarket.com/markets?next_cursor=MA== "HTTP/2 200 OK"
14:12:43 - INFO - HTTP Request: GET https://clob.polymarket.com/markets?next_cursor=MA== "HTTP/2 200 OK"
14:12:44 - INFO - HTTP Request: GET https://clob.polymarket.com/markets?next_cursor=MA== "HTTP/2 200 OK"
14:12:45 - INFO - HTTP Request: GET https://clob.polymarket.com/markets?next_cursor=MA== "HTTP/2 200 OK"
14:12:48 - INFO - HTTP Request: GET https://clob.polymarket.com/markets?next_cursor=MA== "HTTP/2 200 OK"
14:12:49 - INFO - HTTP Request: GET https://clob.polymarket.com/markets?next_cursor=MA== "HTTP/2 200 OK"
14:12:51 - INFO - HTTP Request: GET https://clob.polymarket.com/markets?next_cursor=MA== "HTTP/2 200 OK"
14:12:52 - INFO - HTTP Request: GET https://clob.polymarket.com/markets?next_cursor=MA== "HTTP/2 200 OK"
14:12:57 - INFO - HTTP Request: GET https://clob.polymarket.com/markets?next_cursor=MA== "HTTP/2 200 OK"
14:12:57 - INFO - HTTP Request: GET https://clob.polymarket.com/markets?next_cursor=MA== "HTTP/2 200 OK"
14:12:58 - INFO - HTTP Request: GET https://clob.polymarket.com/markets?next_cursor=MA== "HTTP/2 200 OK"
14:12:58 - INFO - HTTP Request: GET https://clob.polymarket.com/markets?next_cursor=MA== "HTTP/2 200 OK"
14:13:02 - INFO - HTTP Request: GET https://clob.polymarket.com/markets?next_cursor=MA== "HTTP/2 200 OK"
14:13:03 - INFO - HTTP Request: GET https://clob.polymarket.com/markets?next_cursor=MA== "HTTP/2 200 OK"
14:13:04 - INFO - HTTP Request: GET https://clob.polymarket.com/markets?next_cursor=MA== "HTTP/2 200 OK"
14:13:07 - INFO - HTTP Request: GET https://clob.polymarket.com/markets?next_cursor=MA== "HTTP/2 200 OK"
14:13:11 - INFO - HTTP Request: GET https://clob.polymarket.com/markets?next_cursor=MA== "HTTP/2 200 OK"
14:13:13 - INFO - HTTP Request: GET https://clob.polymarket.com/markets?next_cursor=MA== "HTTP/2 200 OK"
14:13:14 - INFO - HTTP Request: GET https://clob.polymarket.com/markets?next_cursor=MA== "HTTP/2 200 OK"
14:13:15 - INFO - HTTP Request: GET https://clob.polymarket.com/markets?next_cursor=MA== "HTTP/2 200 OK"
14:13:19 - INFO - HTTP Request: GET https://clob.polymarket.com/markets?next_cursor=MA== "HTTP/2 200 OK"
14:13:20 - INFO - HTTP Request: GET https://clob.polymarket.com/markets?next_cursor=MA== "HTTP/2 200 OK"
14:13:20 - INFO - HTTP Request: GET https://clob.polymarket.com/markets?next_cursor=MA== "HTTP/2 200 OK"
14:13:21 - INFO - HTTP Request: GET https://clob.polymarket.com/markets?next_cursor=MA== "HTTP/2 200 OK"
14:13:24 - INFO - HTTP Request: GET https://clob.polymarket.com/markets?next_cursor=MA== "HTTP/2 200 OK"
14:13:26 - INFO - HTTP Request: GET https://clob.polymarket.com/markets?next_cursor=MA== "HTTP/2 200 OK"
14:13:28 - INFO - HTTP Request: GET https://clob.polymarket.com/markets?next_cursor=MA== "HTTP/2 200 OK"
14:13:29 - INFO - HTTP Request: GET https://clob.polymarket.com/markets?next_cursor=MA== "HTTP/2 200 OK"
14:13:33 - INFO - HTTP Request: GET https://clob.polymarket.com/markets?next_cursor=MA== "HTTP/2 200 OK"
14:13:35 - INFO - HTTP Request: GET https://clob.polymarket.com/markets?next_cursor=MA== "HTTP/2 200 OK"
14:13:36 - INFO - HTTP Request: GET https://clob.polymarket.com/markets?next_cursor=MA== "HTTP/2 200 OK"
14:13:38 - INFO - HTTP Request: GET https://clob.polymarket.com/markets?next_cursor=MA== "HTTP/2 200 OK"
14:13:42 - INFO - HTTP Request: GET https://clob.polymarket.com/markets?next_cursor=MA== "HTTP/2 200 OK"
14:13:45 - INFO - HTTP Request: GET https://clob.polymarket.com/markets?next_cursor=MA== "HTTP/2 200 OK"
14:13:47 - INFO - HTTP Request: GET https://clob.polymarket.com/markets?next_cursor=MA== "HTTP/2 200 OK"
14:13:50 - INFO - HTTP Request: GET https://clob.polymarket.com/markets?next_cursor=MA== "HTTP/2 200 OK"
14:13:55 - INFO - HTTP Request: GET https://clob.polymarket.com/markets?next_cursor=MA== "HTTP/2 200 OK"
14:13:56 - INFO - HTTP Request: GET https://clob.polymarket.com/markets?next_cursor=MA== "HTTP/2 200 OK"
14:14:01 - INFO - HTTP Request: GET https://clob.polymarket.com/markets?next_cursor=MA== "HTTP/2 200 OK"
14:14:05 - INFO - HTTP Request: GET https://clob.polymarket.com/markets?next_cursor=MA== "HTTP/2 200 OK"
14:14:09 - INFO - HTTP Request: GET https://clob.polymarket.com/markets?next_cursor=MA== "HTTP/2 200 OK"
14:14:14 - INFO - HTTP Request: GET https://clob.polymarket.com/markets?next_cursor=MA== "HTTP/2 200 OK"
14:14:18 - INFO - HTTP Request: GET https://clob.polymarket.com/markets?next_cursor=MA== "HTTP/2 200 OK"
14:14:21 - INFO - HTTP Request: GET https://clob.polymarket.com/markets?next_cursor=MA== "HTTP/2 200 OK"
14:14:26 - INFO - HTTP Request: GET https://clob.polymarket.com/markets?next_cursor=MA== "HTTP/2 200 OK"
14:14:28 - INFO - HTTP Request: GET https://clob.polymarket.com/markets?next_cursor=MA== "HTTP/2 200 OK"
14:14:32 - INFO - HTTP Request: GET https://clob.polymarket.com/markets?next_cursor=MA== "HTTP/2 200 OK"
14:14:35 - INFO - HTTP Request: GET https://clob.polymarket.com/markets?next_cursor=MA== "HTTP/2 200 OK"
14:14:41 - INFO - HTTP Request: GET https://clob.polymarket.com/markets?next_cursor=MA== "HTTP/2 200 OK"
14:14:43 - INFO - HTTP Request: GET https://clob.polymarket.com/markets?next_cursor=MA== "HTTP/2 200 OK"
14:14:46 - INFO - HTTP Request: GET https://clob.polymarket.com/markets?next_cursor=MA== "HTTP/2 200 OK"
14:14:50 - INFO - HTTP Request: GET https://clob.polymarket.com/markets?next_cursor=MA== "HTTP/2 200 OK"
14:14:54 - INFO - HTTP Request: GET https://clob.polymarket.com/markets?next_cursor=MA== "HTTP/2 200 OK"
14:14:58 - INFO - HTTP Request: GET https://clob.polymarket.com/markets?next_cursor=MA== "HTTP/2 200 OK"
14:15:03 - INFO - HTTP Request: GET https://clob.polymarket.com/markets?next_cursor=MA== "HTTP/2 200 OK"
14:15:09 - ERROR - Error fetching markets: PolyApiException[status_code=None, error_message=Request exception!]
14:15:09 - ERROR - Traceback (most recent call last):
  File "/Users/hayssamhoballah/clawd/polymarket-arbitrage/venv/lib/python3.14/site-packages/httpx/_transports/default.py", line 101, in map_httpcore_exceptions
    yield
  File "/Users/hayssamhoballah/clawd/polymarket-arbitrage/venv/lib/python3.14/site-packages/httpx/_transports/default.py", line 127, in __iter__
    for part in self._httpcore_stream:
                ^^^^^^^^^^^^^^^^^^^^^
  File "/Users/hayssamhoballah/clawd/polymarket-arbitrage/venv/lib/python3.14/site-packages/httpcore/_sync/connection_pool.py", line 407, in __iter__
    raise exc from None
  File "/Users/hayssamhoballah/clawd/polymarket-arbitrage/venv/lib/python3.14/site-packages/httpcore/_sync/connection_pool.py", line 403, in __iter__
    for part in self._stream:
                ^^^^^^^^^^^^
  File "/Users/hayssamhoballah/clawd/polymarket-arbitrage/venv/lib/python3.14/site-packages/httpcore/_sync/http2.py", line 585, in __iter__
    raise exc
  File "/Users/hayssamhoballah/clawd/polymarket-arbitrage/venv/lib/python3.14/site-packages/httpcore/_sync/http2.py", line 575, in __iter__
    for chunk in self._connection._receive_response_body(
                 ~~~~~~~~~~~~~~~~~~~~~~~~~~~~~~~~~~~~~~~^
        request=self._request, stream_id=self._stream_id
        ^^^^^^^^^^^^^^^^^^^^^^^^^^^^^^^^^^^^^^^^^^^^^^^^
    ):
    ^
  File "/Users/hayssamhoballah/clawd/polymarket-arbitrage/venv/lib/python3.14/site-packages/httpcore/_sync/http2.py", line 316, in _receive_response_body
    event = self._receive_stream_event(request, stream_id)
  File "/Users/hayssamhoballah/clawd/polymarket-arbitrage/venv/lib/python3.14/site-packages/httpcore/_sync/http2.py", line 336, in _receive_stream_event
    self._receive_events(request, stream_id)
    ~~~~~~~~~~~~~~~~~~~~^^^^^^^^^^^^^^^^^^^^
  File "/Users/hayssamhoballah/clawd/polymarket-arbitrage/venv/lib/python3.14/site-packages/httpcore/_sync/http2.py", line 364, in _receive_events
    events = self._read_incoming_data(request)
  File "/Users/hayssamhoballah/clawd/polymarket-arbitrage/venv/lib/python3.14/site-packages/httpcore/_sync/http2.py", line 455, in _read_incoming_data
    raise exc
  File "/Users/hayssamhoballah/clawd/polymarket-arbitrage/venv/lib/python3.14/site-packages/httpcore/_sync/http2.py", line 441, in _read_incoming_data
    data = self._network_stream.read(self.READ_NUM_BYTES, timeout)
  File "/Users/hayssamhoballah/clawd/polymarket-arbitrage/venv/lib/python3.14/site-packages/httpcore/_backends/sync.py", line 126, in read
    with map_exceptions(exc_map):
         ~~~~~~~~~~~~~~^^^^^^^^^
  File "/opt/homebrew/Cellar/python@3.14/3.14.2_1/Frameworks/Python.framework/Versions/3.14/lib/python3.14/contextlib.py", line 162, in __exit__
    self.gen.throw(value)
    ~~~~~~~~~~~~~~^^^^^^^
  File "/Users/hayssamhoballah/clawd/polymarket-arbitrage/venv/lib/python3.14/site-packages/httpcore/_exceptions.py", line 14, in map_exceptions
    raise to_exc(exc) from exc
httpcore.ReadTimeout: The read operation timed out

The above exception was the direct cause of the following exception:

Traceback (most recent call last):
  File "/Users/hayssamhoballah/clawd/polymarket-arbitrage/venv/lib/python3.14/site-packages/py_clob_client/http_helpers/helpers.py", line 49, in request
    resp = _http_client.request(
        method=method,
    ...<2 lines>...
        json=data,
    )
  File "/Users/hayssamhoballah/clawd/polymarket-arbitrage/venv/lib/python3.14/site-packages/httpx/_client.py", line 825, in request
    return self.send(request, auth=auth, follow_redirects=follow_redirects)
           ~~~~~~~~~^^^^^^^^^^^^^^^^^^^^^^^^^^^^^^^^^^^^^^^^^^^^^^^^^^^^^^^
  File "/Users/hayssamhoballah/clawd/polymarket-arbitrage/venv/lib/python3.14/site-packages/httpx/_client.py", line 928, in send
    raise exc
  File "/Users/hayssamhoballah/clawd/polymarket-arbitrage/venv/lib/python3.14/site-packages/httpx/_client.py", line 922, in send
    response.read()
    ~~~~~~~~~~~~~^^
  File "/Users/hayssamhoballah/clawd/polymarket-arbitrage/venv/lib/python3.14/site-packages/httpx/_models.py", line 881, in read
    self._content = b"".join(self.iter_bytes())
                    ~~~~~~~~^^^^^^^^^^^^^^^^^^^
  File "/Users/hayssamhoballah/clawd/polymarket-arbitrage/venv/lib/python3.14/site-packages/httpx/_models.py", line 897, in iter_bytes
    for raw_bytes in self.iter_raw():
                     ~~~~~~~~~~~~~^^
  File "/Users/hayssamhoballah/clawd/polymarket-arbitrage/venv/lib/python3.14/site-packages/httpx/_models.py", line 951, in iter_raw
    for raw_stream_bytes in self.stream:
                            ^^^^^^^^^^^
  File "/Users/hayssamhoballah/clawd/polymarket-arbitrage/venv/lib/python3.14/site-packages/httpx/_client.py", line 153, in __iter__
    for chunk in self._stream:
                 ^^^^^^^^^^^^
  File "/Users/hayssamhoballah/clawd/polymarket-arbitrage/venv/lib/python3.14/site-packages/httpx/_transports/default.py", line 126, in __iter__
    with map_httpcore_exceptions():
         ~~~~~~~~~~~~~~~~~~~~~~~^^
  File "/opt/homebrew/Cellar/python@3.14/3.14.2_1/Frameworks/Python.framework/Versions/3.14/lib/python3.14/contextlib.py", line 162, in __exit__
    self.gen.throw(value)
    ~~~~~~~~~~~~~~^^^^^^^
  File "/Users/hayssamhoballah/clawd/polymarket-arbitrage/venv/lib/python3.14/site-packages/httpx/_transports/default.py", line 118, in map_httpcore_exceptions
    raise mapped_exc(message) from exc
httpx.ReadTimeout: The read operation timed out

During handling of the above exception, another exception occurred:

Traceback (most recent call last):
  File "/Users/hayssamhoballah/clawd/polymarket-arbitrage/src/polymarket_client.py", line 97, in get_markets
    response = self.client.get_markets()
  File "/Users/hayssamhoballah/clawd/polymarket-arbitrage/venv/lib/python3.14/site-packages/py_clob_client/client.py", line 978, in get_markets
    return get("{}{}?next_cursor={}".format(self.host, GET_MARKETS, next_cursor))
  File "/Users/hayssamhoballah/clawd/polymarket-arbitrage/venv/lib/python3.14/site-packages/py_clob_client/http_helpers/helpers.py", line 73, in get
    return request(endpoint, GET, headers, data)
  File "/Users/hayssamhoballah/clawd/polymarket-arbitrage/venv/lib/python3.14/site-packages/py_clob_client/http_helpers/helpers.py", line 65, in request
    raise PolyApiException(error_msg="Request exception!")
py_clob_client.exceptions.PolyApiException: PolyApiException[status_code=None, error_message=Request exception!]

14:15:22 - INFO - HTTP Request: GET https://clob.polymarket.com/markets?next_cursor=MA== "HTTP/2 200 OK"
14:15:29 - ERROR - Error fetching markets: PolyApiException[status_code=None, error_message=Request exception!]
14:15:29 - ERROR - Traceback (most recent call last):
  File "/Users/hayssamhoballah/clawd/polymarket-arbitrage/venv/lib/python3.14/site-packages/httpx/_transports/default.py", line 101, in map_httpcore_exceptions
    yield
  File "/Users/hayssamhoballah/clawd/polymarket-arbitrage/venv/lib/python3.14/site-packages/httpx/_transports/default.py", line 127, in __iter__
    for part in self._httpcore_stream:
                ^^^^^^^^^^^^^^^^^^^^^
  File "/Users/hayssamhoballah/clawd/polymarket-arbitrage/venv/lib/python3.14/site-packages/httpcore/_sync/connection_pool.py", line 407, in __iter__
    raise exc from None
  File "/Users/hayssamhoballah/clawd/polymarket-arbitrage/venv/lib/python3.14/site-packages/httpcore/_sync/connection_pool.py", line 403, in __iter__
    for part in self._stream:
                ^^^^^^^^^^^^
  File "/Users/hayssamhoballah/clawd/polymarket-arbitrage/venv/lib/python3.14/site-packages/httpcore/_sync/http2.py", line 585, in __iter__
    raise exc
  File "/Users/hayssamhoballah/clawd/polymarket-arbitrage/venv/lib/python3.14/site-packages/httpcore/_sync/http2.py", line 575, in __iter__
    for chunk in self._connection._receive_response_body(
                 ~~~~~~~~~~~~~~~~~~~~~~~~~~~~~~~~~~~~~~~^
        request=self._request, stream_id=self._stream_id
        ^^^^^^^^^^^^^^^^^^^^^^^^^^^^^^^^^^^^^^^^^^^^^^^^
    ):
    ^
  File "/Users/hayssamhoballah/clawd/polymarket-arbitrage/venv/lib/python3.14/site-packages/httpcore/_sync/http2.py", line 316, in _receive_response_body
    event = self._receive_stream_event(request, stream_id)
  File "/Users/hayssamhoballah/clawd/polymarket-arbitrage/venv/lib/python3.14/site-packages/httpcore/_sync/http2.py", line 336, in _receive_stream_event
    self._receive_events(request, stream_id)
    ~~~~~~~~~~~~~~~~~~~~^^^^^^^^^^^^^^^^^^^^
  File "/Users/hayssamhoballah/clawd/polymarket-arbitrage/venv/lib/python3.14/site-packages/httpcore/_sync/http2.py", line 364, in _receive_events
    events = self._read_incoming_data(request)
  File "/Users/hayssamhoballah/clawd/polymarket-arbitrage/venv/lib/python3.14/site-packages/httpcore/_sync/http2.py", line 455, in _read_incoming_data
    raise exc
  File "/Users/hayssamhoballah/clawd/polymarket-arbitrage/venv/lib/python3.14/site-packages/httpcore/_sync/http2.py", line 441, in _read_incoming_data
    data = self._network_stream.read(self.READ_NUM_BYTES, timeout)
  File "/Users/hayssamhoballah/clawd/polymarket-arbitrage/venv/lib/python3.14/site-packages/httpcore/_backends/sync.py", line 126, in read
    with map_exceptions(exc_map):
         ~~~~~~~~~~~~~~^^^^^^^^^
  File "/opt/homebrew/Cellar/python@3.14/3.14.2_1/Frameworks/Python.framework/Versions/3.14/lib/python3.14/contextlib.py", line 162, in __exit__
    self.gen.throw(value)
    ~~~~~~~~~~~~~~^^^^^^^
  File "/Users/hayssamhoballah/clawd/polymarket-arbitrage/venv/lib/python3.14/site-packages/httpcore/_exceptions.py", line 14, in map_exceptions
    raise to_exc(exc) from exc
httpcore.ReadTimeout: The read operation timed out

The above exception was the direct cause of the following exception:

Traceback (most recent call last):
  File "/Users/hayssamhoballah/clawd/polymarket-arbitrage/venv/lib/python3.14/site-packages/py_clob_client/http_helpers/helpers.py", line 49, in request
    resp = _http_client.request(
        method=method,
    ...<2 lines>...
        json=data,
    )
  File "/Users/hayssamhoballah/clawd/polymarket-arbitrage/venv/lib/python3.14/site-packages/httpx/_client.py", line 825, in request
    return self.send(request, auth=auth, follow_redirects=follow_redirects)
           ~~~~~~~~~^^^^^^^^^^^^^^^^^^^^^^^^^^^^^^^^^^^^^^^^^^^^^^^^^^^^^^^
  File "/Users/hayssamhoballah/clawd/polymarket-arbitrage/venv/lib/python3.14/site-packages/httpx/_client.py", line 928, in send
    raise exc
  File "/Users/hayssamhoballah/clawd/polymarket-arbitrage/venv/lib/python3.14/site-packages/httpx/_client.py", line 922, in send
    response.read()
    ~~~~~~~~~~~~~^^
  File "/Users/hayssamhoballah/clawd/polymarket-arbitrage/venv/lib/python3.14/site-packages/httpx/_models.py", line 881, in read
    self._content = b"".join(self.iter_bytes())
                    ~~~~~~~~^^^^^^^^^^^^^^^^^^^
  File "/Users/hayssamhoballah/clawd/polymarket-arbitrage/venv/lib/python3.14/site-packages/httpx/_models.py", line 897, in iter_bytes
    for raw_bytes in self.iter_raw():
                     ~~~~~~~~~~~~~^^
  File "/Users/hayssamhoballah/clawd/polymarket-arbitrage/venv/lib/python3.14/site-packages/httpx/_models.py", line 951, in iter_raw
    for raw_stream_bytes in self.stream:
                            ^^^^^^^^^^^
  File "/Users/hayssamhoballah/clawd/polymarket-arbitrage/venv/lib/python3.14/site-packages/httpx/_client.py", line 153, in __iter__
    for chunk in self._stream:
                 ^^^^^^^^^^^^
  File "/Users/hayssamhoballah/clawd/polymarket-arbitrage/venv/lib/python3.14/site-packages/httpx/_transports/default.py", line 126, in __iter__
    with map_httpcore_exceptions():
         ~~~~~~~~~~~~~~~~~~~~~~~^^
  File "/opt/homebrew/Cellar/python@3.14/3.14.2_1/Frameworks/Python.framework/Versions/3.14/lib/python3.14/contextlib.py", line 162, in __exit__
    self.gen.throw(value)
    ~~~~~~~~~~~~~~^^^^^^^
  File "/Users/hayssamhoballah/clawd/polymarket-arbitrage/venv/lib/python3.14/site-packages/httpx/_transports/default.py", line 118, in map_httpcore_exceptions
    raise mapped_exc(message) from exc
httpx.ReadTimeout: The read operation timed out

During handling of the above exception, another exception occurred:

Traceback (most recent call last):
  File "/Users/hayssamhoballah/clawd/polymarket-arbitrage/src/polymarket_client.py", line 97, in get_markets
    response = self.client.get_markets()
  File "/Users/hayssamhoballah/clawd/polymarket-arbitrage/venv/lib/python3.14/site-packages/py_clob_client/client.py", line 978, in get_markets
    return get("{}{}?next_cursor={}".format(self.host, GET_MARKETS, next_cursor))
  File "/Users/hayssamhoballah/clawd/polymarket-arbitrage/venv/lib/python3.14/site-packages/py_clob_client/http_helpers/helpers.py", line 73, in get
    return request(endpoint, GET, headers, data)
  File "/Users/hayssamhoballah/clawd/polymarket-arbitrage/venv/lib/python3.14/site-packages/py_clob_client/http_helpers/helpers.py", line 65, in request
    raise PolyApiException(error_msg="Request exception!")
py_clob_client.exceptions.PolyApiException: PolyApiException[status_code=None, error_message=Request exception!]

14:15:41 - ERROR - Error fetching markets: PolyApiException[status_code=None, error_message=Request exception!]
14:15:41 - ERROR - Traceback (most recent call last):
  File "/Users/hayssamhoballah/clawd/polymarket-arbitrage/venv/lib/python3.14/site-packages/httpx/_transports/default.py", line 101, in map_httpcore_exceptions
    yield
  File "/Users/hayssamhoballah/clawd/polymarket-arbitrage/venv/lib/python3.14/site-packages/httpx/_transports/default.py", line 250, in handle_request
    resp = self._pool.handle_request(req)
  File "/Users/hayssamhoballah/clawd/polymarket-arbitrage/venv/lib/python3.14/site-packages/httpcore/_sync/connection_pool.py", line 256, in handle_request
    raise exc from None
  File "/Users/hayssamhoballah/clawd/polymarket-arbitrage/venv/lib/python3.14/site-packages/httpcore/_sync/connection_pool.py", line 236, in handle_request
    response = connection.handle_request(
        pool_request.request
    )
  File "/Users/hayssamhoballah/clawd/polymarket-arbitrage/venv/lib/python3.14/site-packages/httpcore/_sync/connection.py", line 101, in handle_request
    raise exc
  File "/Users/hayssamhoballah/clawd/polymarket-arbitrage/venv/lib/python3.14/site-packages/httpcore/_sync/connection.py", line 78, in handle_request
    stream = self._connect(request)
  File "/Users/hayssamhoballah/clawd/polymarket-arbitrage/venv/lib/python3.14/site-packages/httpcore/_sync/connection.py", line 124, in _connect
    stream = self._network_backend.connect_tcp(**kwargs)
  File "/Users/hayssamhoballah/clawd/polymarket-arbitrage/venv/lib/python3.14/site-packages/httpcore/_backends/sync.py", line 207, in connect_tcp
    with map_exceptions(exc_map):
         ~~~~~~~~~~~~~~^^^^^^^^^
  File "/opt/homebrew/Cellar/python@3.14/3.14.2_1/Frameworks/Python.framework/Versions/3.14/lib/python3.14/contextlib.py", line 162, in __exit__
    self.gen.throw(value)
    ~~~~~~~~~~~~~~^^^^^^^
  File "/Users/hayssamhoballah/clawd/polymarket-arbitrage/venv/lib/python3.14/site-packages/httpcore/_exceptions.py", line 14, in map_exceptions
    raise to_exc(exc) from exc
httpcore.ConnectTimeout: timed out

The above exception was the direct cause of the following exception:

Traceback (most recent call last):
  File "/Users/hayssamhoballah/clawd/polymarket-arbitrage/venv/lib/python3.14/site-packages/py_clob_client/http_helpers/helpers.py", line 49, in request
    resp = _http_client.request(
        method=method,
    ...<2 lines>...
        json=data,
    )
  File "/Users/hayssamhoballah/clawd/polymarket-arbitrage/venv/lib/python3.14/site-packages/httpx/_client.py", line 825, in request
    return self.send(request, auth=auth, follow_redirects=follow_redirects)
           ~~~~~~~~~^^^^^^^^^^^^^^^^^^^^^^^^^^^^^^^^^^^^^^^^^^^^^^^^^^^^^^^
  File "/Users/hayssamhoballah/clawd/polymarket-arbitrage/venv/lib/python3.14/site-packages/httpx/_client.py", line 914, in send
    response = self._send_handling_auth(
        request,
    ...<2 lines>...
        history=[],
    )
  File "/Users/hayssamhoballah/clawd/polymarket-arbitrage/venv/lib/python3.14/site-packages/httpx/_client.py", line 942, in _send_handling_auth
    response = self._send_handling_redirects(
        request,
        follow_redirects=follow_redirects,
        history=history,
    )
  File "/Users/hayssamhoballah/clawd/polymarket-arbitrage/venv/lib/python3.14/site-packages/httpx/_client.py", line 979, in _send_handling_redirects
    response = self._send_single_request(request)
  File "/Users/hayssamhoballah/clawd/polymarket-arbitrage/venv/lib/python3.14/site-packages/httpx/_client.py", line 1014, in _send_single_request
    response = transport.handle_request(request)
  File "/Users/hayssamhoballah/clawd/polymarket-arbitrage/venv/lib/python3.14/site-packages/httpx/_transports/default.py", line 249, in handle_request
    with map_httpcore_exceptions():
         ~~~~~~~~~~~~~~~~~~~~~~~^^
  File "/opt/homebrew/Cellar/python@3.14/3.14.2_1/Frameworks/Python.framework/Versions/3.14/lib/python3.14/contextlib.py", line 162, in __exit__
    self.gen.throw(value)
    ~~~~~~~~~~~~~~^^^^^^^
  File "/Users/hayssamhoballah/clawd/polymarket-arbitrage/venv/lib/python3.14/site-packages/httpx/_transports/default.py", line 118, in map_httpcore_exceptions
    raise mapped_exc(message) from exc
httpx.ConnectTimeout: timed out

During handling of the above exception, another exception occurred:

Traceback (most recent call last):
  File "/Users/hayssamhoballah/clawd/polymarket-arbitrage/src/polymarket_client.py", line 97, in get_markets
    response = self.client.get_markets()
  File "/Users/hayssamhoballah/clawd/polymarket-arbitrage/venv/lib/python3.14/site-packages/py_clob_client/client.py", line 978, in get_markets
    return get("{}{}?next_cursor={}".format(self.host, GET_MARKETS, next_cursor))
  File "/Users/hayssamhoballah/clawd/polymarket-arbitrage/venv/lib/python3.14/site-packages/py_clob_client/http_helpers/helpers.py", line 73, in get
    return request(endpoint, GET, headers, data)
  File "/Users/hayssamhoballah/clawd/polymarket-arbitrage/venv/lib/python3.14/site-packages/py_clob_client/http_helpers/helpers.py", line 65, in request
    raise PolyApiException(error_msg="Request exception!")
py_clob_client.exceptions.PolyApiException: PolyApiException[status_code=None, error_message=Request exception!]

14:15:51 - ERROR - Error fetching markets: PolyApiException[status_code=None, error_message=Request exception!]
14:15:51 - ERROR - Traceback (most recent call last):
  File "/Users/hayssamhoballah/clawd/polymarket-arbitrage/venv/lib/python3.14/site-packages/httpx/_transports/default.py", line 101, in map_httpcore_exceptions
    yield
  File "/Users/hayssamhoballah/clawd/polymarket-arbitrage/venv/lib/python3.14/site-packages/httpx/_transports/default.py", line 250, in handle_request
    resp = self._pool.handle_request(req)
  File "/Users/hayssamhoballah/clawd/polymarket-arbitrage/venv/lib/python3.14/site-packages/httpcore/_sync/connection_pool.py", line 256, in handle_request
    raise exc from None
  File "/Users/hayssamhoballah/clawd/polymarket-arbitrage/venv/lib/python3.14/site-packages/httpcore/_sync/connection_pool.py", line 236, in handle_request
    response = connection.handle_request(
        pool_request.request
    )
  File "/Users/hayssamhoballah/clawd/polymarket-arbitrage/venv/lib/python3.14/site-packages/httpcore/_sync/connection.py", line 101, in handle_request
    raise exc
  File "/Users/hayssamhoballah/clawd/polymarket-arbitrage/venv/lib/python3.14/site-packages/httpcore/_sync/connection.py", line 78, in handle_request
    stream = self._connect(request)
  File "/Users/hayssamhoballah/clawd/polymarket-arbitrage/venv/lib/python3.14/site-packages/httpcore/_sync/connection.py", line 124, in _connect
    stream = self._network_backend.connect_tcp(**kwargs)
  File "/Users/hayssamhoballah/clawd/polymarket-arbitrage/venv/lib/python3.14/site-packages/httpcore/_backends/sync.py", line 207, in connect_tcp
    with map_exceptions(exc_map):
         ~~~~~~~~~~~~~~^^^^^^^^^
  File "/opt/homebrew/Cellar/python@3.14/3.14.2_1/Frameworks/Python.framework/Versions/3.14/lib/python3.14/contextlib.py", line 162, in __exit__
    self.gen.throw(value)
    ~~~~~~~~~~~~~~^^^^^^^
  File "/Users/hayssamhoballah/clawd/polymarket-arbitrage/venv/lib/python3.14/site-packages/httpcore/_exceptions.py", line 14, in map_exceptions
    raise to_exc(exc) from exc
httpcore.ConnectTimeout: timed out

The above exception was the direct cause of the following exception:

Traceback (most recent call last):
  File "/Users/hayssamhoballah/clawd/polymarket-arbitrage/venv/lib/python3.14/site-packages/py_clob_client/http_helpers/helpers.py", line 49, in request
    resp = _http_client.request(
        method=method,
    ...<2 lines>...
        json=data,
    )
  File "/Users/hayssamhoballah/clawd/polymarket-arbitrage/venv/lib/python3.14/site-packages/httpx/_client.py", line 825, in request
    return self.send(request, auth=auth, follow_redirects=follow_redirects)
           ~~~~~~~~~^^^^^^^^^^^^^^^^^^^^^^^^^^^^^^^^^^^^^^^^^^^^^^^^^^^^^^^
  File "/Users/hayssamhoballah/clawd/polymarket-arbitrage/venv/lib/python3.14/site-packages/httpx/_client.py", line 914, in send
    response = self._send_handling_auth(
        request,
    ...<2 lines>...
        history=[],
    )
  File "/Users/hayssamhoballah/clawd/polymarket-arbitrage/venv/lib/python3.14/site-packages/httpx/_client.py", line 942, in _send_handling_auth
    response = self._send_handling_redirects(
        request,
        follow_redirects=follow_redirects,
        history=history,
    )
  File "/Users/hayssamhoballah/clawd/polymarket-arbitrage/venv/lib/python3.14/site-packages/httpx/_client.py", line 979, in _send_handling_redirects
    response = self._send_single_request(request)
  File "/Users/hayssamhoballah/clawd/polymarket-arbitrage/venv/lib/python3.14/site-packages/httpx/_client.py", line 1014, in _send_single_request
    response = transport.handle_request(request)
  File "/Users/hayssamhoballah/clawd/polymarket-arbitrage/venv/lib/python3.14/site-packages/httpx/_transports/default.py", line 249, in handle_request
    with map_httpcore_exceptions():
         ~~~~~~~~~~~~~~~~~~~~~~~^^
  File "/opt/homebrew/Cellar/python@3.14/3.14.2_1/Frameworks/Python.framework/Versions/3.14/lib/python3.14/contextlib.py", line 162, in __exit__
    self.gen.throw(value)
    ~~~~~~~~~~~~~~^^^^^^^
  File "/Users/hayssamhoballah/clawd/polymarket-arbitrage/venv/lib/python3.14/site-packages/httpx/_transports/default.py", line 118, in map_httpcore_exceptions
    raise mapped_exc(message) from exc
httpx.ConnectTimeout: timed out

During handling of the above exception, another exception occurred:

Traceback (most recent call last):
  File "/Users/hayssamhoballah/clawd/polymarket-arbitrage/src/polymarket_client.py", line 97, in get_markets
    response = self.client.get_markets()
  File "/Users/hayssamhoballah/clawd/polymarket-arbitrage/venv/lib/python3.14/site-packages/py_clob_client/client.py", line 978, in get_markets
    return get("{}{}?next_cursor={}".format(self.host, GET_MARKETS, next_cursor))
  File "/Users/hayssamhoballah/clawd/polymarket-arbitrage/venv/lib/python3.14/site-packages/py_clob_client/http_helpers/helpers.py", line 73, in get
    return request(endpoint, GET, headers, data)
  File "/Users/hayssamhoballah/clawd/polymarket-arbitrage/venv/lib/python3.14/site-packages/py_clob_client/http_helpers/helpers.py", line 65, in request
    raise PolyApiException(error_msg="Request exception!")
py_clob_client.exceptions.PolyApiException: PolyApiException[status_code=None, error_message=Request exception!]

14:16:09 - ERROR - Error fetching markets: PolyApiException[status_code=None, error_message=Request exception!]
14:16:09 - ERROR - Traceback (most recent call last):
  File "/Users/hayssamhoballah/clawd/polymarket-arbitrage/venv/lib/python3.14/site-packages/httpx/_transports/default.py", line 101, in map_httpcore_exceptions
    yield
  File "/Users/hayssamhoballah/clawd/polymarket-arbitrage/venv/lib/python3.14/site-packages/httpx/_transports/default.py", line 250, in handle_request
    resp = self._pool.handle_request(req)
  File "/Users/hayssamhoballah/clawd/polymarket-arbitrage/venv/lib/python3.14/site-packages/httpcore/_sync/connection_pool.py", line 256, in handle_request
    raise exc from None
  File "/Users/hayssamhoballah/clawd/polymarket-arbitrage/venv/lib/python3.14/site-packages/httpcore/_sync/connection_pool.py", line 236, in handle_request
    response = connection.handle_request(
        pool_request.request
    )
  File "/Users/hayssamhoballah/clawd/polymarket-arbitrage/venv/lib/python3.14/site-packages/httpcore/_sync/connection.py", line 103, in handle_request
    return self._connection.handle_request(request)
           ~~~~~~~~~~~~~~~~~~~~~~~~~~~~~~~^^^^^^^^^
  File "/Users/hayssamhoballah/clawd/polymarket-arbitrage/venv/lib/python3.14/site-packages/httpcore/_sync/http2.py", line 187, in handle_request
    raise exc
  File "/Users/hayssamhoballah/clawd/polymarket-arbitrage/venv/lib/python3.14/site-packages/httpcore/_sync/http2.py", line 150, in handle_request
    status, headers = self._receive_response(
                      ~~~~~~~~~~~~~~~~~~~~~~^
        request=request, stream_id=stream_id
        ^^^^^^^^^^^^^^^^^^^^^^^^^^^^^^^^^^^^
    )
    ^
  File "/Users/hayssamhoballah/clawd/polymarket-arbitrage/venv/lib/python3.14/site-packages/httpcore/_sync/http2.py", line 294, in _receive_response
    event = self._receive_stream_event(request, stream_id)
  File "/Users/hayssamhoballah/clawd/polymarket-arbitrage/venv/lib/python3.14/site-packages/httpcore/_sync/http2.py", line 336, in _receive_stream_event
    self._receive_events(request, stream_id)
    ~~~~~~~~~~~~~~~~~~~~^^^^^^^^^^^^^^^^^^^^
  File "/Users/hayssamhoballah/clawd/polymarket-arbitrage/venv/lib/python3.14/site-packages/httpcore/_sync/http2.py", line 364, in _receive_events
    events = self._read_incoming_data(request)
  File "/Users/hayssamhoballah/clawd/polymarket-arbitrage/venv/lib/python3.14/site-packages/httpcore/_sync/http2.py", line 455, in _read_incoming_data
    raise exc
  File "/Users/hayssamhoballah/clawd/polymarket-arbitrage/venv/lib/python3.14/site-packages/httpcore/_sync/http2.py", line 441, in _read_incoming_data
    data = self._network_stream.read(self.READ_NUM_BYTES, timeout)
  File "/Users/hayssamhoballah/clawd/polymarket-arbitrage/venv/lib/python3.14/site-packages/httpcore/_backends/sync.py", line 126, in read
    with map_exceptions(exc_map):
         ~~~~~~~~~~~~~~^^^^^^^^^
  File "/opt/homebrew/Cellar/python@3.14/3.14.2_1/Frameworks/Python.framework/Versions/3.14/lib/python3.14/contextlib.py", line 162, in __exit__
    self.gen.throw(value)
    ~~~~~~~~~~~~~~^^^^^^^
  File "/Users/hayssamhoballah/clawd/polymarket-arbitrage/venv/lib/python3.14/site-packages/httpcore/_exceptions.py", line 14, in map_exceptions
    raise to_exc(exc) from exc
httpcore.ReadTimeout: The read operation timed out

The above exception was the direct cause of the following exception:

Traceback (most recent call last):
  File "/Users/hayssamhoballah/clawd/polymarket-arbitrage/venv/lib/python3.14/site-packages/py_clob_client/http_helpers/helpers.py", line 49, in request
    resp = _http_client.request(
        method=method,
    ...<2 lines>...
        json=data,
    )
  File "/Users/hayssamhoballah/clawd/polymarket-arbitrage/venv/lib/python3.14/site-packages/httpx/_client.py", line 825, in request
    return self.send(request, auth=auth, follow_redirects=follow_redirects)
           ~~~~~~~~~^^^^^^^^^^^^^^^^^^^^^^^^^^^^^^^^^^^^^^^^^^^^^^^^^^^^^^^
  File "/Users/hayssamhoballah/clawd/polymarket-arbitrage/venv/lib/python3.14/site-packages/httpx/_client.py", line 914, in send
    response = self._send_handling_auth(
        request,
    ...<2 lines>...
        history=[],
    )
  File "/Users/hayssamhoballah/clawd/polymarket-arbitrage/venv/lib/python3.14/site-packages/httpx/_client.py", line 942, in _send_handling_auth
    response = self._send_handling_redirects(
        request,
        follow_redirects=follow_redirects,
        history=history,
    )
  File "/Users/hayssamhoballah/clawd/polymarket-arbitrage/venv/lib/python3.14/site-packages/httpx/_client.py", line 979, in _send_handling_redirects
    response = self._send_single_request(request)
  File "/Users/hayssamhoballah/clawd/polymarket-arbitrage/venv/lib/python3.14/site-packages/httpx/_client.py", line 1014, in _send_single_request
    response = transport.handle_request(request)
  File "/Users/hayssamhoballah/clawd/polymarket-arbitrage/venv/lib/python3.14/site-packages/httpx/_transports/default.py", line 249, in handle_request
    with map_httpcore_exceptions():
         ~~~~~~~~~~~~~~~~~~~~~~~^^
  File "/opt/homebrew/Cellar/python@3.14/3.14.2_1/Frameworks/Python.framework/Versions/3.14/lib/python3.14/contextlib.py", line 162, in __exit__
    self.gen.throw(value)
    ~~~~~~~~~~~~~~^^^^^^^
  File "/Users/hayssamhoballah/clawd/polymarket-arbitrage/venv/lib/python3.14/site-packages/httpx/_transports/default.py", line 118, in map_httpcore_exceptions
    raise mapped_exc(message) from exc
httpx.ReadTimeout: The read operation timed out

During handling of the above exception, another exception occurred:

Traceback (most recent call last):
  File "/Users/hayssamhoballah/clawd/polymarket-arbitrage/src/polymarket_client.py", line 97, in get_markets
    response = self.client.get_markets()
  File "/Users/hayssamhoballah/clawd/polymarket-arbitrage/venv/lib/python3.14/site-packages/py_clob_client/client.py", line 978, in get_markets
    return get("{}{}?next_cursor={}".format(self.host, GET_MARKETS, next_cursor))
  File "/Users/hayssamhoballah/clawd/polymarket-arbitrage/venv/lib/python3.14/site-packages/py_clob_client/http_helpers/helpers.py", line 73, in get
    return request(endpoint, GET, headers, data)
  File "/Users/hayssamhoballah/clawd/polymarket-arbitrage/venv/lib/python3.14/site-packages/py_clob_client/http_helpers/helpers.py", line 65, in request
    raise PolyApiException(error_msg="Request exception!")
py_clob_client.exceptions.PolyApiException: PolyApiException[status_code=None, error_message=Request exception!]

14:16:13 - INFO - HTTP Request: GET https://clob.polymarket.com/markets?next_cursor=MA== "HTTP/2 200 OK"
14:16:21 - ERROR - Error fetching markets: PolyApiException[status_code=None, error_message=Request exception!]
14:16:21 - ERROR - Traceback (most recent call last):
  File "/Users/hayssamhoballah/clawd/polymarket-arbitrage/venv/lib/python3.14/site-packages/httpx/_transports/default.py", line 101, in map_httpcore_exceptions
    yield
  File "/Users/hayssamhoballah/clawd/polymarket-arbitrage/venv/lib/python3.14/site-packages/httpx/_transports/default.py", line 127, in __iter__
    for part in self._httpcore_stream:
                ^^^^^^^^^^^^^^^^^^^^^
  File "/Users/hayssamhoballah/clawd/polymarket-arbitrage/venv/lib/python3.14/site-packages/httpcore/_sync/connection_pool.py", line 407, in __iter__
    raise exc from None
  File "/Users/hayssamhoballah/clawd/polymarket-arbitrage/venv/lib/python3.14/site-packages/httpcore/_sync/connection_pool.py", line 403, in __iter__
    for part in self._stream:
                ^^^^^^^^^^^^
  File "/Users/hayssamhoballah/clawd/polymarket-arbitrage/venv/lib/python3.14/site-packages/httpcore/_sync/http2.py", line 585, in __iter__
    raise exc
  File "/Users/hayssamhoballah/clawd/polymarket-arbitrage/venv/lib/python3.14/site-packages/httpcore/_sync/http2.py", line 575, in __iter__
    for chunk in self._connection._receive_response_body(
                 ~~~~~~~~~~~~~~~~~~~~~~~~~~~~~~~~~~~~~~~^
        request=self._request, stream_id=self._stream_id
        ^^^^^^^^^^^^^^^^^^^^^^^^^^^^^^^^^^^^^^^^^^^^^^^^
    ):
    ^
  File "/Users/hayssamhoballah/clawd/polymarket-arbitrage/venv/lib/python3.14/site-packages/httpcore/_sync/http2.py", line 316, in _receive_response_body
    event = self._receive_stream_event(request, stream_id)
  File "/Users/hayssamhoballah/clawd/polymarket-arbitrage/venv/lib/python3.14/site-packages/httpcore/_sync/http2.py", line 336, in _receive_stream_event
    self._receive_events(request, stream_id)
    ~~~~~~~~~~~~~~~~~~~~^^^^^^^^^^^^^^^^^^^^
  File "/Users/hayssamhoballah/clawd/polymarket-arbitrage/venv/lib/python3.14/site-packages/httpcore/_sync/http2.py", line 364, in _receive_events
    events = self._read_incoming_data(request)
  File "/Users/hayssamhoballah/clawd/polymarket-arbitrage/venv/lib/python3.14/site-packages/httpcore/_sync/http2.py", line 455, in _read_incoming_data
    raise exc
  File "/Users/hayssamhoballah/clawd/polymarket-arbitrage/venv/lib/python3.14/site-packages/httpcore/_sync/http2.py", line 441, in _read_incoming_data
    data = self._network_stream.read(self.READ_NUM_BYTES, timeout)
  File "/Users/hayssamhoballah/clawd/polymarket-arbitrage/venv/lib/python3.14/site-packages/httpcore/_backends/sync.py", line 126, in read
    with map_exceptions(exc_map):
         ~~~~~~~~~~~~~~^^^^^^^^^
  File "/opt/homebrew/Cellar/python@3.14/3.14.2_1/Frameworks/Python.framework/Versions/3.14/lib/python3.14/contextlib.py", line 162, in __exit__
    self.gen.throw(value)
    ~~~~~~~~~~~~~~^^^^^^^
  File "/Users/hayssamhoballah/clawd/polymarket-arbitrage/venv/lib/python3.14/site-packages/httpcore/_exceptions.py", line 14, in map_exceptions
    raise to_exc(exc) from exc
httpcore.ReadTimeout: The read operation timed out

The above exception was the direct cause of the following exception:

Traceback (most recent call last):
  File "/Users/hayssamhoballah/clawd/polymarket-arbitrage/venv/lib/python3.14/site-packages/py_clob_client/http_helpers/helpers.py", line 49, in request
    resp = _http_client.request(
        method=method,
    ...<2 lines>...
        json=data,
    )
  File "/Users/hayssamhoballah/clawd/polymarket-arbitrage/venv/lib/python3.14/site-packages/httpx/_client.py", line 825, in request
    return self.send(request, auth=auth, follow_redirects=follow_redirects)
           ~~~~~~~~~^^^^^^^^^^^^^^^^^^^^^^^^^^^^^^^^^^^^^^^^^^^^^^^^^^^^^^^
  File "/Users/hayssamhoballah/clawd/polymarket-arbitrage/venv/lib/python3.14/site-packages/httpx/_client.py", line 928, in send
    raise exc
  File "/Users/hayssamhoballah/clawd/polymarket-arbitrage/venv/lib/python3.14/site-packages/httpx/_client.py", line 922, in send
    response.read()
    ~~~~~~~~~~~~~^^
  File "/Users/hayssamhoballah/clawd/polymarket-arbitrage/venv/lib/python3.14/site-packages/httpx/_models.py", line 881, in read
    self._content = b"".join(self.iter_bytes())
                    ~~~~~~~~^^^^^^^^^^^^^^^^^^^
  File "/Users/hayssamhoballah/clawd/polymarket-arbitrage/venv/lib/python3.14/site-packages/httpx/_models.py", line 897, in iter_bytes
    for raw_bytes in self.iter_raw():
                     ~~~~~~~~~~~~~^^
  File "/Users/hayssamhoballah/clawd/polymarket-arbitrage/venv/lib/python3.14/site-packages/httpx/_models.py", line 951, in iter_raw
    for raw_stream_bytes in self.stream:
                            ^^^^^^^^^^^
  File "/Users/hayssamhoballah/clawd/polymarket-arbitrage/venv/lib/python3.14/site-packages/httpx/_client.py", line 153, in __iter__
    for chunk in self._stream:
                 ^^^^^^^^^^^^
  File "/Users/hayssamhoballah/clawd/polymarket-arbitrage/venv/lib/python3.14/site-packages/httpx/_transports/default.py", line 126, in __iter__
    with map_httpcore_exceptions():
         ~~~~~~~~~~~~~~~~~~~~~~~^^
  File "/opt/homebrew/Cellar/python@3.14/3.14.2_1/Frameworks/Python.framework/Versions/3.14/lib/python3.14/contextlib.py", line 162, in __exit__
    self.gen.throw(value)
    ~~~~~~~~~~~~~~^^^^^^^
  File "/Users/hayssamhoballah/clawd/polymarket-arbitrage/venv/lib/python3.14/site-packages/httpx/_transports/default.py", line 118, in map_httpcore_exceptions
    raise mapped_exc(message) from exc
httpx.ReadTimeout: The read operation timed out

During handling of the above exception, another exception occurred:

Traceback (most recent call last):
  File "/Users/hayssamhoballah/clawd/polymarket-arbitrage/src/polymarket_client.py", line 97, in get_markets
    response = self.client.get_markets()
  File "/Users/hayssamhoballah/clawd/polymarket-arbitrage/venv/lib/python3.14/site-packages/py_clob_client/client.py", line 978, in get_markets
    return get("{}{}?next_cursor={}".format(self.host, GET_MARKETS, next_cursor))
  File "/Users/hayssamhoballah/clawd/polymarket-arbitrage/venv/lib/python3.14/site-packages/py_clob_client/http_helpers/helpers.py", line 73, in get
    return request(endpoint, GET, headers, data)
  File "/Users/hayssamhoballah/clawd/polymarket-arbitrage/venv/lib/python3.14/site-packages/py_clob_client/http_helpers/helpers.py", line 65, in request
    raise PolyApiException(error_msg="Request exception!")
py_clob_client.exceptions.PolyApiException: PolyApiException[status_code=None, error_message=Request exception!]

14:16:33 - ERROR - Error fetching markets: PolyApiException[status_code=None, error_message=Request exception!]
14:16:33 - ERROR - Traceback (most recent call last):
  File "/Users/hayssamhoballah/clawd/polymarket-arbitrage/venv/lib/python3.14/site-packages/httpx/_transports/default.py", line 101, in map_httpcore_exceptions
    yield
  File "/Users/hayssamhoballah/clawd/polymarket-arbitrage/venv/lib/python3.14/site-packages/httpx/_transports/default.py", line 250, in handle_request
    resp = self._pool.handle_request(req)
  File "/Users/hayssamhoballah/clawd/polymarket-arbitrage/venv/lib/python3.14/site-packages/httpcore/_sync/connection_pool.py", line 256, in handle_request
    raise exc from None
  File "/Users/hayssamhoballah/clawd/polymarket-arbitrage/venv/lib/python3.14/site-packages/httpcore/_sync/connection_pool.py", line 236, in handle_request
    response = connection.handle_request(
        pool_request.request
    )
  File "/Users/hayssamhoballah/clawd/polymarket-arbitrage/venv/lib/python3.14/site-packages/httpcore/_sync/connection.py", line 103, in handle_request
    return self._connection.handle_request(request)
           ~~~~~~~~~~~~~~~~~~~~~~~~~~~~~~~^^^^^^^^^
  File "/Users/hayssamhoballah/clawd/polymarket-arbitrage/venv/lib/python3.14/site-packages/httpcore/_sync/http2.py", line 187, in handle_request
    raise exc
  File "/Users/hayssamhoballah/clawd/polymarket-arbitrage/venv/lib/python3.14/site-packages/httpcore/_sync/http2.py", line 150, in handle_request
    status, headers = self._receive_response(
                      ~~~~~~~~~~~~~~~~~~~~~~^
        request=request, stream_id=stream_id
        ^^^^^^^^^^^^^^^^^^^^^^^^^^^^^^^^^^^^
    )
    ^
  File "/Users/hayssamhoballah/clawd/polymarket-arbitrage/venv/lib/python3.14/site-packages/httpcore/_sync/http2.py", line 294, in _receive_response
    event = self._receive_stream_event(request, stream_id)
  File "/Users/hayssamhoballah/clawd/polymarket-arbitrage/venv/lib/python3.14/site-packages/httpcore/_sync/http2.py", line 336, in _receive_stream_event
    self._receive_events(request, stream_id)
    ~~~~~~~~~~~~~~~~~~~~^^^^^^^^^^^^^^^^^^^^
  File "/Users/hayssamhoballah/clawd/polymarket-arbitrage/venv/lib/python3.14/site-packages/httpcore/_sync/http2.py", line 364, in _receive_events
    events = self._read_incoming_data(request)
  File "/Users/hayssamhoballah/clawd/polymarket-arbitrage/venv/lib/python3.14/site-packages/httpcore/_sync/http2.py", line 455, in _read_incoming_data
    raise exc
  File "/Users/hayssamhoballah/clawd/polymarket-arbitrage/venv/lib/python3.14/site-packages/httpcore/_sync/http2.py", line 441, in _read_incoming_data
    data = self._network_stream.read(self.READ_NUM_BYTES, timeout)
  File "/Users/hayssamhoballah/clawd/polymarket-arbitrage/venv/lib/python3.14/site-packages/httpcore/_backends/sync.py", line 126, in read
    with map_exceptions(exc_map):
         ~~~~~~~~~~~~~~^^^^^^^^^
  File "/opt/homebrew/Cellar/python@3.14/3.14.2_1/Frameworks/Python.framework/Versions/3.14/lib/python3.14/contextlib.py", line 162, in __exit__
    self.gen.throw(value)
    ~~~~~~~~~~~~~~^^^^^^^
  File "/Users/hayssamhoballah/clawd/polymarket-arbitrage/venv/lib/python3.14/site-packages/httpcore/_exceptions.py", line 14, in map_exceptions
    raise to_exc(exc) from exc
httpcore.ReadTimeout: The read operation timed out

The above exception was the direct cause of the following exception:

Traceback (most recent call last):
  File "/Users/hayssamhoballah/clawd/polymarket-arbitrage/venv/lib/python3.14/site-packages/py_clob_client/http_helpers/helpers.py", line 49, in request
    resp = _http_client.request(
        method=method,
    ...<2 lines>...
        json=data,
    )
  File "/Users/hayssamhoballah/clawd/polymarket-arbitrage/venv/lib/python3.14/site-packages/httpx/_client.py", line 825, in request
    return self.send(request, auth=auth, follow_redirects=follow_redirects)
           ~~~~~~~~~^^^^^^^^^^^^^^^^^^^^^^^^^^^^^^^^^^^^^^^^^^^^^^^^^^^^^^^
  File "/Users/hayssamhoballah/clawd/polymarket-arbitrage/venv/lib/python3.14/site-packages/httpx/_client.py", line 914, in send
    response = self._send_handling_auth(
        request,
    ...<2 lines>...
        history=[],
    )
  File "/Users/hayssamhoballah/clawd/polymarket-arbitrage/venv/lib/python3.14/site-packages/httpx/_client.py", line 942, in _send_handling_auth
    response = self._send_handling_redirects(
        request,
        follow_redirects=follow_redirects,
        history=history,
    )
  File "/Users/hayssamhoballah/clawd/polymarket-arbitrage/venv/lib/python3.14/site-packages/httpx/_client.py", line 979, in _send_handling_redirects
    response = self._send_single_request(request)
  File "/Users/hayssamhoballah/clawd/polymarket-arbitrage/venv/lib/python3.14/site-packages/httpx/_client.py", line 1014, in _send_single_request
    response = transport.handle_request(request)
  File "/Users/hayssamhoballah/clawd/polymarket-arbitrage/venv/lib/python3.14/site-packages/httpx/_transports/default.py", line 249, in handle_request
    with map_httpcore_exceptions():
         ~~~~~~~~~~~~~~~~~~~~~~~^^
  File "/opt/homebrew/Cellar/python@3.14/3.14.2_1/Frameworks/Python.framework/Versions/3.14/lib/python3.14/contextlib.py", line 162, in __exit__
    self.gen.throw(value)
    ~~~~~~~~~~~~~~^^^^^^^
  File "/Users/hayssamhoballah/clawd/polymarket-arbitrage/venv/lib/python3.14/site-packages/httpx/_transports/default.py", line 118, in map_httpcore_exceptions
    raise mapped_exc(message) from exc
httpx.ReadTimeout: The read operation timed out

During handling of the above exception, another exception occurred:

Traceback (most recent call last):
  File "/Users/hayssamhoballah/clawd/polymarket-arbitrage/src/polymarket_client.py", line 97, in get_markets
    response = self.client.get_markets()
  File "/Users/hayssamhoballah/clawd/polymarket-arbitrage/venv/lib/python3.14/site-packages/py_clob_client/client.py", line 978, in get_markets
    return get("{}{}?next_cursor={}".format(self.host, GET_MARKETS, next_cursor))
  File "/Users/hayssamhoballah/clawd/polymarket-arbitrage/venv/lib/python3.14/site-packages/py_clob_client/http_helpers/helpers.py", line 73, in get
    return request(endpoint, GET, headers, data)
  File "/Users/hayssamhoballah/clawd/polymarket-arbitrage/venv/lib/python3.14/site-packages/py_clob_client/http_helpers/helpers.py", line 65, in request
    raise PolyApiException(error_msg="Request exception!")
py_clob_client.exceptions.PolyApiException: PolyApiException[status_code=None, error_message=Request exception!]

14:16:41 - INFO - HTTP Request: GET https://clob.polymarket.com/markets?next_cursor=MA== "HTTP/2 200 OK"
14:16:47 - ERROR - Error fetching markets: PolyApiException[status_code=None, error_message=Request exception!]
14:16:47 - ERROR - Traceback (most recent call last):
  File "/Users/hayssamhoballah/clawd/polymarket-arbitrage/venv/lib/python3.14/site-packages/httpx/_transports/default.py", line 101, in map_httpcore_exceptions
    yield
  File "/Users/hayssamhoballah/clawd/polymarket-arbitrage/venv/lib/python3.14/site-packages/httpx/_transports/default.py", line 127, in __iter__
    for part in self._httpcore_stream:
                ^^^^^^^^^^^^^^^^^^^^^
  File "/Users/hayssamhoballah/clawd/polymarket-arbitrage/venv/lib/python3.14/site-packages/httpcore/_sync/connection_pool.py", line 407, in __iter__
    raise exc from None
  File "/Users/hayssamhoballah/clawd/polymarket-arbitrage/venv/lib/python3.14/site-packages/httpcore/_sync/connection_pool.py", line 403, in __iter__
    for part in self._stream:
                ^^^^^^^^^^^^
  File "/Users/hayssamhoballah/clawd/polymarket-arbitrage/venv/lib/python3.14/site-packages/httpcore/_sync/http2.py", line 585, in __iter__
    raise exc
  File "/Users/hayssamhoballah/clawd/polymarket-arbitrage/venv/lib/python3.14/site-packages/httpcore/_sync/http2.py", line 575, in __iter__
    for chunk in self._connection._receive_response_body(
                 ~~~~~~~~~~~~~~~~~~~~~~~~~~~~~~~~~~~~~~~^
        request=self._request, stream_id=self._stream_id
        ^^^^^^^^^^^^^^^^^^^^^^^^^^^^^^^^^^^^^^^^^^^^^^^^
    ):
    ^
  File "/Users/hayssamhoballah/clawd/polymarket-arbitrage/venv/lib/python3.14/site-packages/httpcore/_sync/http2.py", line 316, in _receive_response_body
    event = self._receive_stream_event(request, stream_id)
  File "/Users/hayssamhoballah/clawd/polymarket-arbitrage/venv/lib/python3.14/site-packages/httpcore/_sync/http2.py", line 336, in _receive_stream_event
    self._receive_events(request, stream_id)
    ~~~~~~~~~~~~~~~~~~~~^^^^^^^^^^^^^^^^^^^^
  File "/Users/hayssamhoballah/clawd/polymarket-arbitrage/venv/lib/python3.14/site-packages/httpcore/_sync/http2.py", line 364, in _receive_events
    events = self._read_incoming_data(request)
  File "/Users/hayssamhoballah/clawd/polymarket-arbitrage/venv/lib/python3.14/site-packages/httpcore/_sync/http2.py", line 455, in _read_incoming_data
    raise exc
  File "/Users/hayssamhoballah/clawd/polymarket-arbitrage/venv/lib/python3.14/site-packages/httpcore/_sync/http2.py", line 441, in _read_incoming_data
    data = self._network_stream.read(self.READ_NUM_BYTES, timeout)
  File "/Users/hayssamhoballah/clawd/polymarket-arbitrage/venv/lib/python3.14/site-packages/httpcore/_backends/sync.py", line 126, in read
    with map_exceptions(exc_map):
         ~~~~~~~~~~~~~~^^^^^^^^^
  File "/opt/homebrew/Cellar/python@3.14/3.14.2_1/Frameworks/Python.framework/Versions/3.14/lib/python3.14/contextlib.py", line 162, in __exit__
    self.gen.throw(value)
    ~~~~~~~~~~~~~~^^^^^^^
  File "/Users/hayssamhoballah/clawd/polymarket-arbitrage/venv/lib/python3.14/site-packages/httpcore/_exceptions.py", line 14, in map_exceptions
    raise to_exc(exc) from exc
httpcore.ReadTimeout: The read operation timed out

The above exception was the direct cause of the following exception:

Traceback (most recent call last):
  File "/Users/hayssamhoballah/clawd/polymarket-arbitrage/venv/lib/python3.14/site-packages/py_clob_client/http_helpers/helpers.py", line 49, in request
    resp = _http_client.request(
        method=method,
    ...<2 lines>...
        json=data,
    )
  File "/Users/hayssamhoballah/clawd/polymarket-arbitrage/venv/lib/python3.14/site-packages/httpx/_client.py", line 825, in request
    return self.send(request, auth=auth, follow_redirects=follow_redirects)
           ~~~~~~~~~^^^^^^^^^^^^^^^^^^^^^^^^^^^^^^^^^^^^^^^^^^^^^^^^^^^^^^^
  File "/Users/hayssamhoballah/clawd/polymarket-arbitrage/venv/lib/python3.14/site-packages/httpx/_client.py", line 928, in send
    raise exc
  File "/Users/hayssamhoballah/clawd/polymarket-arbitrage/venv/lib/python3.14/site-packages/httpx/_client.py", line 922, in send
    response.read()
    ~~~~~~~~~~~~~^^
  File "/Users/hayssamhoballah/clawd/polymarket-arbitrage/venv/lib/python3.14/site-packages/httpx/_models.py", line 881, in read
    self._content = b"".join(self.iter_bytes())
                    ~~~~~~~~^^^^^^^^^^^^^^^^^^^
  File "/Users/hayssamhoballah/clawd/polymarket-arbitrage/venv/lib/python3.14/site-packages/httpx/_models.py", line 897, in iter_bytes
    for raw_bytes in self.iter_raw():
                     ~~~~~~~~~~~~~^^
  File "/Users/hayssamhoballah/clawd/polymarket-arbitrage/venv/lib/python3.14/site-packages/httpx/_models.py", line 951, in iter_raw
    for raw_stream_bytes in self.stream:
                            ^^^^^^^^^^^
  File "/Users/hayssamhoballah/clawd/polymarket-arbitrage/venv/lib/python3.14/site-packages/httpx/_client.py", line 153, in __iter__
    for chunk in self._stream:
                 ^^^^^^^^^^^^
  File "/Users/hayssamhoballah/clawd/polymarket-arbitrage/venv/lib/python3.14/site-packages/httpx/_transports/default.py", line 126, in __iter__
    with map_httpcore_exceptions():
         ~~~~~~~~~~~~~~~~~~~~~~~^^
  File "/opt/homebrew/Cellar/python@3.14/3.14.2_1/Frameworks/Python.framework/Versions/3.14/lib/python3.14/contextlib.py", line 162, in __exit__
    self.gen.throw(value)
    ~~~~~~~~~~~~~~^^^^^^^
  File "/Users/hayssamhoballah/clawd/polymarket-arbitrage/venv/lib/python3.14/site-packages/httpx/_transports/default.py", line 118, in map_httpcore_exceptions
    raise mapped_exc(message) from exc
httpx.ReadTimeout: The read operation timed out

During handling of the above exception, another exception occurred:

Traceback (most recent call last):
  File "/Users/hayssamhoballah/clawd/polymarket-arbitrage/src/polymarket_client.py", line 97, in get_markets
    response = self.client.get_markets()
  File "/Users/hayssamhoballah/clawd/polymarket-arbitrage/venv/lib/python3.14/site-packages/py_clob_client/client.py", line 978, in get_markets
    return get("{}{}?next_cursor={}".format(self.host, GET_MARKETS, next_cursor))
  File "/Users/hayssamhoballah/clawd/polymarket-arbitrage/venv/lib/python3.14/site-packages/py_clob_client/http_helpers/helpers.py", line 73, in get
    return request(endpoint, GET, headers, data)
  File "/Users/hayssamhoballah/clawd/polymarket-arbitrage/venv/lib/python3.14/site-packages/py_clob_client/http_helpers/helpers.py", line 65, in request
    raise PolyApiException(error_msg="Request exception!")
py_clob_client.exceptions.PolyApiException: PolyApiException[status_code=None, error_message=Request exception!]

14:16:57 - ERROR - Error fetching markets: PolyApiException[status_code=None, error_message=Request exception!]
14:16:57 - ERROR - Traceback (most recent call last):
  File "/Users/hayssamhoballah/clawd/polymarket-arbitrage/venv/lib/python3.14/site-packages/httpx/_transports/default.py", line 101, in map_httpcore_exceptions
    yield
  File "/Users/hayssamhoballah/clawd/polymarket-arbitrage/venv/lib/python3.14/site-packages/httpx/_transports/default.py", line 250, in handle_request
    resp = self._pool.handle_request(req)
  File "/Users/hayssamhoballah/clawd/polymarket-arbitrage/venv/lib/python3.14/site-packages/httpcore/_sync/connection_pool.py", line 256, in handle_request
    raise exc from None
  File "/Users/hayssamhoballah/clawd/polymarket-arbitrage/venv/lib/python3.14/site-packages/httpcore/_sync/connection_pool.py", line 236, in handle_request
    response = connection.handle_request(
        pool_request.request
    )
  File "/Users/hayssamhoballah/clawd/polymarket-arbitrage/venv/lib/python3.14/site-packages/httpcore/_sync/connection.py", line 101, in handle_request
    raise exc
  File "/Users/hayssamhoballah/clawd/polymarket-arbitrage/venv/lib/python3.14/site-packages/httpcore/_sync/connection.py", line 78, in handle_request
    stream = self._connect(request)
  File "/Users/hayssamhoballah/clawd/polymarket-arbitrage/venv/lib/python3.14/site-packages/httpcore/_sync/connection.py", line 124, in _connect
    stream = self._network_backend.connect_tcp(**kwargs)
  File "/Users/hayssamhoballah/clawd/polymarket-arbitrage/venv/lib/python3.14/site-packages/httpcore/_backends/sync.py", line 207, in connect_tcp
    with map_exceptions(exc_map):
         ~~~~~~~~~~~~~~^^^^^^^^^
  File "/opt/homebrew/Cellar/python@3.14/3.14.2_1/Frameworks/Python.framework/Versions/3.14/lib/python3.14/contextlib.py", line 162, in __exit__
    self.gen.throw(value)
    ~~~~~~~~~~~~~~^^^^^^^
  File "/Users/hayssamhoballah/clawd/polymarket-arbitrage/venv/lib/python3.14/site-packages/httpcore/_exceptions.py", line 14, in map_exceptions
    raise to_exc(exc) from exc
httpcore.ConnectTimeout: timed out

The above exception was the direct cause of the following exception:

Traceback (most recent call last):
  File "/Users/hayssamhoballah/clawd/polymarket-arbitrage/venv/lib/python3.14/site-packages/py_clob_client/http_helpers/helpers.py", line 49, in request
    resp = _http_client.request(
        method=method,
    ...<2 lines>...
        json=data,
    )
  File "/Users/hayssamhoballah/clawd/polymarket-arbitrage/venv/lib/python3.14/site-packages/httpx/_client.py", line 825, in request
    return self.send(request, auth=auth, follow_redirects=follow_redirects)
           ~~~~~~~~~^^^^^^^^^^^^^^^^^^^^^^^^^^^^^^^^^^^^^^^^^^^^^^^^^^^^^^^
  File "/Users/hayssamhoballah/clawd/polymarket-arbitrage/venv/lib/python3.14/site-packages/httpx/_client.py", line 914, in send
    response = self._send_handling_auth(
        request,
    ...<2 lines>...
        history=[],
    )
  File "/Users/hayssamhoballah/clawd/polymarket-arbitrage/venv/lib/python3.14/site-packages/httpx/_client.py", line 942, in _send_handling_auth
    response = self._send_handling_redirects(
        request,
        follow_redirects=follow_redirects,
        history=history,
    )
  File "/Users/hayssamhoballah/clawd/polymarket-arbitrage/venv/lib/python3.14/site-packages/httpx/_client.py", line 979, in _send_handling_redirects
    response = self._send_single_request(request)
  File "/Users/hayssamhoballah/clawd/polymarket-arbitrage/venv/lib/python3.14/site-packages/httpx/_client.py", line 1014, in _send_single_request
    response = transport.handle_request(request)
  File "/Users/hayssamhoballah/clawd/polymarket-arbitrage/venv/lib/python3.14/site-packages/httpx/_transports/default.py", line 249, in handle_request
    with map_httpcore_exceptions():
         ~~~~~~~~~~~~~~~~~~~~~~~^^
  File "/opt/homebrew/Cellar/python@3.14/3.14.2_1/Frameworks/Python.framework/Versions/3.14/lib/python3.14/contextlib.py", line 162, in __exit__
    self.gen.throw(value)
    ~~~~~~~~~~~~~~^^^^^^^
  File "/Users/hayssamhoballah/clawd/polymarket-arbitrage/venv/lib/python3.14/site-packages/httpx/_transports/default.py", line 118, in map_httpcore_exceptions
    raise mapped_exc(message) from exc
httpx.ConnectTimeout: timed out

During handling of the above exception, another exception occurred:

Traceback (most recent call last):
  File "/Users/hayssamhoballah/clawd/polymarket-arbitrage/src/polymarket_client.py", line 97, in get_markets
    response = self.client.get_markets()
  File "/Users/hayssamhoballah/clawd/polymarket-arbitrage/venv/lib/python3.14/site-packages/py_clob_client/client.py", line 978, in get_markets
    return get("{}{}?next_cursor={}".format(self.host, GET_MARKETS, next_cursor))
  File "/Users/hayssamhoballah/clawd/polymarket-arbitrage/venv/lib/python3.14/site-packages/py_clob_client/http_helpers/helpers.py", line 73, in get
    return request(endpoint, GET, headers, data)
  File "/Users/hayssamhoballah/clawd/polymarket-arbitrage/venv/lib/python3.14/site-packages/py_clob_client/http_helpers/helpers.py", line 65, in request
    raise PolyApiException(error_msg="Request exception!")
py_clob_client.exceptions.PolyApiException: PolyApiException[status_code=None, error_message=Request exception!]

14:17:07 - ERROR - Error fetching markets: PolyApiException[status_code=None, error_message=Request exception!]
14:17:07 - ERROR - Traceback (most recent call last):
  File "/Users/hayssamhoballah/clawd/polymarket-arbitrage/venv/lib/python3.14/site-packages/httpx/_transports/default.py", line 101, in map_httpcore_exceptions
    yield
  File "/Users/hayssamhoballah/clawd/polymarket-arbitrage/venv/lib/python3.14/site-packages/httpx/_transports/default.py", line 250, in handle_request
    resp = self._pool.handle_request(req)
  File "/Users/hayssamhoballah/clawd/polymarket-arbitrage/venv/lib/python3.14/site-packages/httpcore/_sync/connection_pool.py", line 256, in handle_request
    raise exc from None
  File "/Users/hayssamhoballah/clawd/polymarket-arbitrage/venv/lib/python3.14/site-packages/httpcore/_sync/connection_pool.py", line 236, in handle_request
    response = connection.handle_request(
        pool_request.request
    )
  File "/Users/hayssamhoballah/clawd/polymarket-arbitrage/venv/lib/python3.14/site-packages/httpcore/_sync/connection.py", line 101, in handle_request
    raise exc
  File "/Users/hayssamhoballah/clawd/polymarket-arbitrage/venv/lib/python3.14/site-packages/httpcore/_sync/connection.py", line 78, in handle_request
    stream = self._connect(request)
  File "/Users/hayssamhoballah/clawd/polymarket-arbitrage/venv/lib/python3.14/site-packages/httpcore/_sync/connection.py", line 124, in _connect
    stream = self._network_backend.connect_tcp(**kwargs)
  File "/Users/hayssamhoballah/clawd/polymarket-arbitrage/venv/lib/python3.14/site-packages/httpcore/_backends/sync.py", line 207, in connect_tcp
    with map_exceptions(exc_map):
         ~~~~~~~~~~~~~~^^^^^^^^^
  File "/opt/homebrew/Cellar/python@3.14/3.14.2_1/Frameworks/Python.framework/Versions/3.14/lib/python3.14/contextlib.py", line 162, in __exit__
    self.gen.throw(value)
    ~~~~~~~~~~~~~~^^^^^^^
  File "/Users/hayssamhoballah/clawd/polymarket-arbitrage/venv/lib/python3.14/site-packages/httpcore/_exceptions.py", line 14, in map_exceptions
    raise to_exc(exc) from exc
httpcore.ConnectTimeout: timed out

The above exception was the direct cause of the following exception:

Traceback (most recent call last):
  File "/Users/hayssamhoballah/clawd/polymarket-arbitrage/venv/lib/python3.14/site-packages/py_clob_client/http_helpers/helpers.py", line 49, in request
    resp = _http_client.request(
        method=method,
    ...<2 lines>...
        json=data,
    )
  File "/Users/hayssamhoballah/clawd/polymarket-arbitrage/venv/lib/python3.14/site-packages/httpx/_client.py", line 825, in request
    return self.send(request, auth=auth, follow_redirects=follow_redirects)
           ~~~~~~~~~^^^^^^^^^^^^^^^^^^^^^^^^^^^^^^^^^^^^^^^^^^^^^^^^^^^^^^^
  File "/Users/hayssamhoballah/clawd/polymarket-arbitrage/venv/lib/python3.14/site-packages/httpx/_client.py", line 914, in send
    response = self._send_handling_auth(
        request,
    ...<2 lines>...
        history=[],
    )
  File "/Users/hayssamhoballah/clawd/polymarket-arbitrage/venv/lib/python3.14/site-packages/httpx/_client.py", line 942, in _send_handling_auth
    response = self._send_handling_redirects(
        request,
        follow_redirects=follow_redirects,
        history=history,
    )
  File "/Users/hayssamhoballah/clawd/polymarket-arbitrage/venv/lib/python3.14/site-packages/httpx/_client.py", line 979, in _send_handling_redirects
    response = self._send_single_request(request)
  File "/Users/hayssamhoballah/clawd/polymarket-arbitrage/venv/lib/python3.14/site-packages/httpx/_client.py", line 1014, in _send_single_request
    response = transport.handle_request(request)
  File "/Users/hayssamhoballah/clawd/polymarket-arbitrage/venv/lib/python3.14/site-packages/httpx/_transports/default.py", line 249, in handle_request
    with map_httpcore_exceptions():
         ~~~~~~~~~~~~~~~~~~~~~~~^^
  File "/opt/homebrew/Cellar/python@3.14/3.14.2_1/Frameworks/Python.framework/Versions/3.14/lib/python3.14/contextlib.py", line 162, in __exit__
    self.gen.throw(value)
    ~~~~~~~~~~~~~~^^^^^^^
  File "/Users/hayssamhoballah/clawd/polymarket-arbitrage/venv/lib/python3.14/site-packages/httpx/_transports/default.py", line 118, in map_httpcore_exceptions
    raise mapped_exc(message) from exc
httpx.ConnectTimeout: timed out

During handling of the above exception, another exception occurred:

Traceback (most recent call last):
  File "/Users/hayssamhoballah/clawd/polymarket-arbitrage/src/polymarket_client.py", line 97, in get_markets
    response = self.client.get_markets()
  File "/Users/hayssamhoballah/clawd/polymarket-arbitrage/venv/lib/python3.14/site-packages/py_clob_client/client.py", line 978, in get_markets
    return get("{}{}?next_cursor={}".format(self.host, GET_MARKETS, next_cursor))
  File "/Users/hayssamhoballah/clawd/polymarket-arbitrage/venv/lib/python3.14/site-packages/py_clob_client/http_helpers/helpers.py", line 73, in get
    return request(endpoint, GET, headers, data)
  File "/Users/hayssamhoballah/clawd/polymarket-arbitrage/venv/lib/python3.14/site-packages/py_clob_client/http_helpers/helpers.py", line 65, in request
    raise PolyApiException(error_msg="Request exception!")
py_clob_client.exceptions.PolyApiException: PolyApiException[status_code=None, error_message=Request exception!]

14:17:19 - ERROR - Error fetching markets: PolyApiException[status_code=None, error_message=Request exception!]
14:17:19 - ERROR - Traceback (most recent call last):
  File "/Users/hayssamhoballah/clawd/polymarket-arbitrage/venv/lib/python3.14/site-packages/httpx/_transports/default.py", line 101, in map_httpcore_exceptions
    yield
  File "/Users/hayssamhoballah/clawd/polymarket-arbitrage/venv/lib/python3.14/site-packages/httpx/_transports/default.py", line 250, in handle_request
    resp = self._pool.handle_request(req)
  File "/Users/hayssamhoballah/clawd/polymarket-arbitrage/venv/lib/python3.14/site-packages/httpcore/_sync/connection_pool.py", line 256, in handle_request
    raise exc from None
  File "/Users/hayssamhoballah/clawd/polymarket-arbitrage/venv/lib/python3.14/site-packages/httpcore/_sync/connection_pool.py", line 236, in handle_request
    response = connection.handle_request(
        pool_request.request
    )
  File "/Users/hayssamhoballah/clawd/polymarket-arbitrage/venv/lib/python3.14/site-packages/httpcore/_sync/connection.py", line 101, in handle_request
    raise exc
  File "/Users/hayssamhoballah/clawd/polymarket-arbitrage/venv/lib/python3.14/site-packages/httpcore/_sync/connection.py", line 78, in handle_request
    stream = self._connect(request)
  File "/Users/hayssamhoballah/clawd/polymarket-arbitrage/venv/lib/python3.14/site-packages/httpcore/_sync/connection.py", line 124, in _connect
    stream = self._network_backend.connect_tcp(**kwargs)
  File "/Users/hayssamhoballah/clawd/polymarket-arbitrage/venv/lib/python3.14/site-packages/httpcore/_backends/sync.py", line 207, in connect_tcp
    with map_exceptions(exc_map):
         ~~~~~~~~~~~~~~^^^^^^^^^
  File "/opt/homebrew/Cellar/python@3.14/3.14.2_1/Frameworks/Python.framework/Versions/3.14/lib/python3.14/contextlib.py", line 162, in __exit__
    self.gen.throw(value)
    ~~~~~~~~~~~~~~^^^^^^^
  File "/Users/hayssamhoballah/clawd/polymarket-arbitrage/venv/lib/python3.14/site-packages/httpcore/_exceptions.py", line 14, in map_exceptions
    raise to_exc(exc) from exc
httpcore.ConnectTimeout: timed out

The above exception was the direct cause of the following exception:

Traceback (most recent call last):
  File "/Users/hayssamhoballah/clawd/polymarket-arbitrage/venv/lib/python3.14/site-packages/py_clob_client/http_helpers/helpers.py", line 49, in request
    resp = _http_client.request(
        method=method,
    ...<2 lines>...
        json=data,
    )
  File "/Users/hayssamhoballah/clawd/polymarket-arbitrage/venv/lib/python3.14/site-packages/httpx/_client.py", line 825, in request
    return self.send(request, auth=auth, follow_redirects=follow_redirects)
           ~~~~~~~~~^^^^^^^^^^^^^^^^^^^^^^^^^^^^^^^^^^^^^^^^^^^^^^^^^^^^^^^
  File "/Users/hayssamhoballah/clawd/polymarket-arbitrage/venv/lib/python3.14/site-packages/httpx/_client.py", line 914, in send
    response = self._send_handling_auth(
        request,
    ...<2 lines>...
        history=[],
    )
  File "/Users/hayssamhoballah/clawd/polymarket-arbitrage/venv/lib/python3.14/site-packages/httpx/_client.py", line 942, in _send_handling_auth
    response = self._send_handling_redirects(
        request,
        follow_redirects=follow_redirects,
        history=history,
    )
  File "/Users/hayssamhoballah/clawd/polymarket-arbitrage/venv/lib/python3.14/site-packages/httpx/_client.py", line 979, in _send_handling_redirects
    response = self._send_single_request(request)
  File "/Users/hayssamhoballah/clawd/polymarket-arbitrage/venv/lib/python3.14/site-packages/httpx/_client.py", line 1014, in _send_single_request
    response = transport.handle_request(request)
  File "/Users/hayssamhoballah/clawd/polymarket-arbitrage/venv/lib/python3.14/site-packages/httpx/_transports/default.py", line 249, in handle_request
    with map_httpcore_exceptions():
         ~~~~~~~~~~~~~~~~~~~~~~~^^
  File "/opt/homebrew/Cellar/python@3.14/3.14.2_1/Frameworks/Python.framework/Versions/3.14/lib/python3.14/contextlib.py", line 162, in __exit__
    self.gen.throw(value)
    ~~~~~~~~~~~~~~^^^^^^^
  File "/Users/hayssamhoballah/clawd/polymarket-arbitrage/venv/lib/python3.14/site-packages/httpx/_transports/default.py", line 118, in map_httpcore_exceptions
    raise mapped_exc(message) from exc
httpx.ConnectTimeout: timed out

During handling of the above exception, another exception occurred:

Traceback (most recent call last):
  File "/Users/hayssamhoballah/clawd/polymarket-arbitrage/src/polymarket_client.py", line 97, in get_markets
    response = self.client.get_markets()
  File "/Users/hayssamhoballah/clawd/polymarket-arbitrage/venv/lib/python3.14/site-packages/py_clob_client/client.py", line 978, in get_markets
    return get("{}{}?next_cursor={}".format(self.host, GET_MARKETS, next_cursor))
  File "/Users/hayssamhoballah/clawd/polymarket-arbitrage/venv/lib/python3.14/site-packages/py_clob_client/http_helpers/helpers.py", line 73, in get
    return request(endpoint, GET, headers, data)
  File "/Users/hayssamhoballah/clawd/polymarket-arbitrage/venv/lib/python3.14/site-packages/py_clob_client/http_helpers/helpers.py", line 65, in request
    raise PolyApiException(error_msg="Request exception!")
py_clob_client.exceptions.PolyApiException: PolyApiException[status_code=None, error_message=Request exception!]

14:17:29 - ERROR - Error fetching markets: PolyApiException[status_code=None, error_message=Request exception!]
14:17:29 - ERROR - Traceback (most recent call last):
  File "/Users/hayssamhoballah/clawd/polymarket-arbitrage/venv/lib/python3.14/site-packages/httpx/_transports/default.py", line 101, in map_httpcore_exceptions
    yield
  File "/Users/hayssamhoballah/clawd/polymarket-arbitrage/venv/lib/python3.14/site-packages/httpx/_transports/default.py", line 250, in handle_request
    resp = self._pool.handle_request(req)
  File "/Users/hayssamhoballah/clawd/polymarket-arbitrage/venv/lib/python3.14/site-packages/httpcore/_sync/connection_pool.py", line 256, in handle_request
    raise exc from None
  File "/Users/hayssamhoballah/clawd/polymarket-arbitrage/venv/lib/python3.14/site-packages/httpcore/_sync/connection_pool.py", line 236, in handle_request
    response = connection.handle_request(
        pool_request.request
    )
  File "/Users/hayssamhoballah/clawd/polymarket-arbitrage/venv/lib/python3.14/site-packages/httpcore/_sync/connection.py", line 101, in handle_request
    raise exc
  File "/Users/hayssamhoballah/clawd/polymarket-arbitrage/venv/lib/python3.14/site-packages/httpcore/_sync/connection.py", line 78, in handle_request
    stream = self._connect(request)
  File "/Users/hayssamhoballah/clawd/polymarket-arbitrage/venv/lib/python3.14/site-packages/httpcore/_sync/connection.py", line 124, in _connect
    stream = self._network_backend.connect_tcp(**kwargs)
  File "/Users/hayssamhoballah/clawd/polymarket-arbitrage/venv/lib/python3.14/site-packages/httpcore/_backends/sync.py", line 207, in connect_tcp
    with map_exceptions(exc_map):
         ~~~~~~~~~~~~~~^^^^^^^^^
  File "/opt/homebrew/Cellar/python@3.14/3.14.2_1/Frameworks/Python.framework/Versions/3.14/lib/python3.14/contextlib.py", line 162, in __exit__
    self.gen.throw(value)
    ~~~~~~~~~~~~~~^^^^^^^
  File "/Users/hayssamhoballah/clawd/polymarket-arbitrage/venv/lib/python3.14/site-packages/httpcore/_exceptions.py", line 14, in map_exceptions
    raise to_exc(exc) from exc
httpcore.ConnectTimeout: timed out

The above exception was the direct cause of the following exception:

Traceback (most recent call last):
  File "/Users/hayssamhoballah/clawd/polymarket-arbitrage/venv/lib/python3.14/site-packages/py_clob_client/http_helpers/helpers.py", line 49, in request
    resp = _http_client.request(
        method=method,
    ...<2 lines>...
        json=data,
    )
  File "/Users/hayssamhoballah/clawd/polymarket-arbitrage/venv/lib/python3.14/site-packages/httpx/_client.py", line 825, in request
    return self.send(request, auth=auth, follow_redirects=follow_redirects)
           ~~~~~~~~~^^^^^^^^^^^^^^^^^^^^^^^^^^^^^^^^^^^^^^^^^^^^^^^^^^^^^^^
  File "/Users/hayssamhoballah/clawd/polymarket-arbitrage/venv/lib/python3.14/site-packages/httpx/_client.py", line 914, in send
    response = self._send_handling_auth(
        request,
    ...<2 lines>...
        history=[],
    )
  File "/Users/hayssamhoballah/clawd/polymarket-arbitrage/venv/lib/python3.14/site-packages/httpx/_client.py", line 942, in _send_handling_auth
    response = self._send_handling_redirects(
        request,
        follow_redirects=follow_redirects,
        history=history,
    )
  File "/Users/hayssamhoballah/clawd/polymarket-arbitrage/venv/lib/python3.14/site-packages/httpx/_client.py", line 979, in _send_handling_redirects
    response = self._send_single_request(request)
  File "/Users/hayssamhoballah/clawd/polymarket-arbitrage/venv/lib/python3.14/site-packages/httpx/_client.py", line 1014, in _send_single_request
    response = transport.handle_request(request)
  File "/Users/hayssamhoballah/clawd/polymarket-arbitrage/venv/lib/python3.14/site-packages/httpx/_transports/default.py", line 249, in handle_request
    with map_httpcore_exceptions():
         ~~~~~~~~~~~~~~~~~~~~~~~^^
  File "/opt/homebrew/Cellar/python@3.14/3.14.2_1/Frameworks/Python.framework/Versions/3.14/lib/python3.14/contextlib.py", line 162, in __exit__
    self.gen.throw(value)
    ~~~~~~~~~~~~~~^^^^^^^
  File "/Users/hayssamhoballah/clawd/polymarket-arbitrage/venv/lib/python3.14/site-packages/httpx/_transports/default.py", line 118, in map_httpcore_exceptions
    raise mapped_exc(message) from exc
httpx.ConnectTimeout: timed out

During handling of the above exception, another exception occurred:

Traceback (most recent call last):
  File "/Users/hayssamhoballah/clawd/polymarket-arbitrage/src/polymarket_client.py", line 97, in get_markets
    response = self.client.get_markets()
  File "/Users/hayssamhoballah/clawd/polymarket-arbitrage/venv/lib/python3.14/site-packages/py_clob_client/client.py", line 978, in get_markets
    return get("{}{}?next_cursor={}".format(self.host, GET_MARKETS, next_cursor))
  File "/Users/hayssamhoballah/clawd/polymarket-arbitrage/venv/lib/python3.14/site-packages/py_clob_client/http_helpers/helpers.py", line 73, in get
    return request(endpoint, GET, headers, data)
  File "/Users/hayssamhoballah/clawd/polymarket-arbitrage/venv/lib/python3.14/site-packages/py_clob_client/http_helpers/helpers.py", line 65, in request
    raise PolyApiException(error_msg="Request exception!")
py_clob_client.exceptions.PolyApiException: PolyApiException[status_code=None, error_message=Request exception!]

14:17:42 - INFO - HTTP Request: GET https://clob.polymarket.com/markets?next_cursor=MA== "HTTP/2 200 OK"
14:17:44 - INFO - HTTP Request: GET https://clob.polymarket.com/markets?next_cursor=MA== "HTTP/2 200 OK"
14:17:50 - ERROR - Error fetching markets: PolyApiException[status_code=None, error_message=Request exception!]
14:17:50 - ERROR - Traceback (most recent call last):
  File "/Users/hayssamhoballah/clawd/polymarket-arbitrage/venv/lib/python3.14/site-packages/httpx/_transports/default.py", line 101, in map_httpcore_exceptions
    yield
  File "/Users/hayssamhoballah/clawd/polymarket-arbitrage/venv/lib/python3.14/site-packages/httpx/_transports/default.py", line 127, in __iter__
    for part in self._httpcore_stream:
                ^^^^^^^^^^^^^^^^^^^^^
  File "/Users/hayssamhoballah/clawd/polymarket-arbitrage/venv/lib/python3.14/site-packages/httpcore/_sync/connection_pool.py", line 407, in __iter__
    raise exc from None
  File "/Users/hayssamhoballah/clawd/polymarket-arbitrage/venv/lib/python3.14/site-packages/httpcore/_sync/connection_pool.py", line 403, in __iter__
    for part in self._stream:
                ^^^^^^^^^^^^
  File "/Users/hayssamhoballah/clawd/polymarket-arbitrage/venv/lib/python3.14/site-packages/httpcore/_sync/http2.py", line 585, in __iter__
    raise exc
  File "/Users/hayssamhoballah/clawd/polymarket-arbitrage/venv/lib/python3.14/site-packages/httpcore/_sync/http2.py", line 575, in __iter__
    for chunk in self._connection._receive_response_body(
                 ~~~~~~~~~~~~~~~~~~~~~~~~~~~~~~~~~~~~~~~^
        request=self._request, stream_id=self._stream_id
        ^^^^^^^^^^^^^^^^^^^^^^^^^^^^^^^^^^^^^^^^^^^^^^^^
    ):
    ^
  File "/Users/hayssamhoballah/clawd/polymarket-arbitrage/venv/lib/python3.14/site-packages/httpcore/_sync/http2.py", line 316, in _receive_response_body
    event = self._receive_stream_event(request, stream_id)
  File "/Users/hayssamhoballah/clawd/polymarket-arbitrage/venv/lib/python3.14/site-packages/httpcore/_sync/http2.py", line 336, in _receive_stream_event
    self._receive_events(request, stream_id)
    ~~~~~~~~~~~~~~~~~~~~^^^^^^^^^^^^^^^^^^^^
  File "/Users/hayssamhoballah/clawd/polymarket-arbitrage/venv/lib/python3.14/site-packages/httpcore/_sync/http2.py", line 364, in _receive_events
    events = self._read_incoming_data(request)
  File "/Users/hayssamhoballah/clawd/polymarket-arbitrage/venv/lib/python3.14/site-packages/httpcore/_sync/http2.py", line 455, in _read_incoming_data
    raise exc
  File "/Users/hayssamhoballah/clawd/polymarket-arbitrage/venv/lib/python3.14/site-packages/httpcore/_sync/http2.py", line 441, in _read_incoming_data
    data = self._network_stream.read(self.READ_NUM_BYTES, timeout)
  File "/Users/hayssamhoballah/clawd/polymarket-arbitrage/venv/lib/python3.14/site-packages/httpcore/_backends/sync.py", line 126, in read
    with map_exceptions(exc_map):
         ~~~~~~~~~~~~~~^^^^^^^^^
  File "/opt/homebrew/Cellar/python@3.14/3.14.2_1/Frameworks/Python.framework/Versions/3.14/lib/python3.14/contextlib.py", line 162, in __exit__
    self.gen.throw(value)
    ~~~~~~~~~~~~~~^^^^^^^
  File "/Users/hayssamhoballah/clawd/polymarket-arbitrage/venv/lib/python3.14/site-packages/httpcore/_exceptions.py", line 14, in map_exceptions
    raise to_exc(exc) from exc
httpcore.ReadTimeout: The read operation timed out

The above exception was the direct cause of the following exception:

Traceback (most recent call last):
  File "/Users/hayssamhoballah/clawd/polymarket-arbitrage/venv/lib/python3.14/site-packages/py_clob_client/http_helpers/helpers.py", line 49, in request
    resp = _http_client.request(
        method=method,
    ...<2 lines>...
        json=data,
    )
  File "/Users/hayssamhoballah/clawd/polymarket-arbitrage/venv/lib/python3.14/site-packages/httpx/_client.py", line 825, in request
    return self.send(request, auth=auth, follow_redirects=follow_redirects)
           ~~~~~~~~~^^^^^^^^^^^^^^^^^^^^^^^^^^^^^^^^^^^^^^^^^^^^^^^^^^^^^^^
  File "/Users/hayssamhoballah/clawd/polymarket-arbitrage/venv/lib/python3.14/site-packages/httpx/_client.py", line 928, in send
    raise exc
  File "/Users/hayssamhoballah/clawd/polymarket-arbitrage/venv/lib/python3.14/site-packages/httpx/_client.py", line 922, in send
    response.read()
    ~~~~~~~~~~~~~^^
  File "/Users/hayssamhoballah/clawd/polymarket-arbitrage/venv/lib/python3.14/site-packages/httpx/_models.py", line 881, in read
    self._content = b"".join(self.iter_bytes())
                    ~~~~~~~~^^^^^^^^^^^^^^^^^^^
  File "/Users/hayssamhoballah/clawd/polymarket-arbitrage/venv/lib/python3.14/site-packages/httpx/_models.py", line 897, in iter_bytes
    for raw_bytes in self.iter_raw():
                     ~~~~~~~~~~~~~^^
  File "/Users/hayssamhoballah/clawd/polymarket-arbitrage/venv/lib/python3.14/site-packages/httpx/_models.py", line 951, in iter_raw
    for raw_stream_bytes in self.stream:
                            ^^^^^^^^^^^
  File "/Users/hayssamhoballah/clawd/polymarket-arbitrage/venv/lib/python3.14/site-packages/httpx/_client.py", line 153, in __iter__
    for chunk in self._stream:
                 ^^^^^^^^^^^^
  File "/Users/hayssamhoballah/clawd/polymarket-arbitrage/venv/lib/python3.14/site-packages/httpx/_transports/default.py", line 126, in __iter__
    with map_httpcore_exceptions():
         ~~~~~~~~~~~~~~~~~~~~~~~^^
  File "/opt/homebrew/Cellar/python@3.14/3.14.2_1/Frameworks/Python.framework/Versions/3.14/lib/python3.14/contextlib.py", line 162, in __exit__
    self.gen.throw(value)
    ~~~~~~~~~~~~~~^^^^^^^
  File "/Users/hayssamhoballah/clawd/polymarket-arbitrage/venv/lib/python3.14/site-packages/httpx/_transports/default.py", line 118, in map_httpcore_exceptions
    raise mapped_exc(message) from exc
httpx.ReadTimeout: The read operation timed out

During handling of the above exception, another exception occurred:

Traceback (most recent call last):
  File "/Users/hayssamhoballah/clawd/polymarket-arbitrage/src/polymarket_client.py", line 97, in get_markets
    response = self.client.get_markets()
  File "/Users/hayssamhoballah/clawd/polymarket-arbitrage/venv/lib/python3.14/site-packages/py_clob_client/client.py", line 978, in get_markets
    return get("{}{}?next_cursor={}".format(self.host, GET_MARKETS, next_cursor))
  File "/Users/hayssamhoballah/clawd/polymarket-arbitrage/venv/lib/python3.14/site-packages/py_clob_client/http_helpers/helpers.py", line 73, in get
    return request(endpoint, GET, headers, data)
  File "/Users/hayssamhoballah/clawd/polymarket-arbitrage/venv/lib/python3.14/site-packages/py_clob_client/http_helpers/helpers.py", line 65, in request
    raise PolyApiException(error_msg="Request exception!")
py_clob_client.exceptions.PolyApiException: PolyApiException[status_code=None, error_message=Request exception!]

14:17:57 - INFO - HTTP Request: GET https://clob.polymarket.com/markets?next_cursor=MA== "HTTP/2 200 OK"
14:18:00 - INFO - HTTP Request: GET https://clob.polymarket.com/markets?next_cursor=MA== "HTTP/2 200 OK"
14:18:06 - ERROR - Error fetching markets: PolyApiException[status_code=None, error_message=Request exception!]
14:18:06 - ERROR - Traceback (most recent call last):
  File "/Users/hayssamhoballah/clawd/polymarket-arbitrage/venv/lib/python3.14/site-packages/httpx/_transports/default.py", line 101, in map_httpcore_exceptions
    yield
  File "/Users/hayssamhoballah/clawd/polymarket-arbitrage/venv/lib/python3.14/site-packages/httpx/_transports/default.py", line 127, in __iter__
    for part in self._httpcore_stream:
                ^^^^^^^^^^^^^^^^^^^^^
  File "/Users/hayssamhoballah/clawd/polymarket-arbitrage/venv/lib/python3.14/site-packages/httpcore/_sync/connection_pool.py", line 407, in __iter__
    raise exc from None
  File "/Users/hayssamhoballah/clawd/polymarket-arbitrage/venv/lib/python3.14/site-packages/httpcore/_sync/connection_pool.py", line 403, in __iter__
    for part in self._stream:
                ^^^^^^^^^^^^
  File "/Users/hayssamhoballah/clawd/polymarket-arbitrage/venv/lib/python3.14/site-packages/httpcore/_sync/http2.py", line 585, in __iter__
    raise exc
  File "/Users/hayssamhoballah/clawd/polymarket-arbitrage/venv/lib/python3.14/site-packages/httpcore/_sync/http2.py", line 575, in __iter__
    for chunk in self._connection._receive_response_body(
                 ~~~~~~~~~~~~~~~~~~~~~~~~~~~~~~~~~~~~~~~^
        request=self._request, stream_id=self._stream_id
        ^^^^^^^^^^^^^^^^^^^^^^^^^^^^^^^^^^^^^^^^^^^^^^^^
    ):
    ^
  File "/Users/hayssamhoballah/clawd/polymarket-arbitrage/venv/lib/python3.14/site-packages/httpcore/_sync/http2.py", line 316, in _receive_response_body
    event = self._receive_stream_event(request, stream_id)
  File "/Users/hayssamhoballah/clawd/polymarket-arbitrage/venv/lib/python3.14/site-packages/httpcore/_sync/http2.py", line 336, in _receive_stream_event
    self._receive_events(request, stream_id)
    ~~~~~~~~~~~~~~~~~~~~^^^^^^^^^^^^^^^^^^^^
  File "/Users/hayssamhoballah/clawd/polymarket-arbitrage/venv/lib/python3.14/site-packages/httpcore/_sync/http2.py", line 364, in _receive_events
    events = self._read_incoming_data(request)
  File "/Users/hayssamhoballah/clawd/polymarket-arbitrage/venv/lib/python3.14/site-packages/httpcore/_sync/http2.py", line 455, in _read_incoming_data
    raise exc
  File "/Users/hayssamhoballah/clawd/polymarket-arbitrage/venv/lib/python3.14/site-packages/httpcore/_sync/http2.py", line 441, in _read_incoming_data
    data = self._network_stream.read(self.READ_NUM_BYTES, timeout)
  File "/Users/hayssamhoballah/clawd/polymarket-arbitrage/venv/lib/python3.14/site-packages/httpcore/_backends/sync.py", line 126, in read
    with map_exceptions(exc_map):
         ~~~~~~~~~~~~~~^^^^^^^^^
  File "/opt/homebrew/Cellar/python@3.14/3.14.2_1/Frameworks/Python.framework/Versions/3.14/lib/python3.14/contextlib.py", line 162, in __exit__
    self.gen.throw(value)
    ~~~~~~~~~~~~~~^^^^^^^
  File "/Users/hayssamhoballah/clawd/polymarket-arbitrage/venv/lib/python3.14/site-packages/httpcore/_exceptions.py", line 14, in map_exceptions
    raise to_exc(exc) from exc
httpcore.ReadTimeout: The read operation timed out

The above exception was the direct cause of the following exception:

Traceback (most recent call last):
  File "/Users/hayssamhoballah/clawd/polymarket-arbitrage/venv/lib/python3.14/site-packages/py_clob_client/http_helpers/helpers.py", line 49, in request
    resp = _http_client.request(
        method=method,
    ...<2 lines>...
        json=data,
    )
  File "/Users/hayssamhoballah/clawd/polymarket-arbitrage/venv/lib/python3.14/site-packages/httpx/_client.py", line 825, in request
    return self.send(request, auth=auth, follow_redirects=follow_redirects)
           ~~~~~~~~~^^^^^^^^^^^^^^^^^^^^^^^^^^^^^^^^^^^^^^^^^^^^^^^^^^^^^^^
  File "/Users/hayssamhoballah/clawd/polymarket-arbitrage/venv/lib/python3.14/site-packages/httpx/_client.py", line 928, in send
    raise exc
  File "/Users/hayssamhoballah/clawd/polymarket-arbitrage/venv/lib/python3.14/site-packages/httpx/_client.py", line 922, in send
    response.read()
    ~~~~~~~~~~~~~^^
  File "/Users/hayssamhoballah/clawd/polymarket-arbitrage/venv/lib/python3.14/site-packages/httpx/_models.py", line 881, in read
    self._content = b"".join(self.iter_bytes())
                    ~~~~~~~~^^^^^^^^^^^^^^^^^^^
  File "/Users/hayssamhoballah/clawd/polymarket-arbitrage/venv/lib/python3.14/site-packages/httpx/_models.py", line 897, in iter_bytes
    for raw_bytes in self.iter_raw():
                     ~~~~~~~~~~~~~^^
  File "/Users/hayssamhoballah/clawd/polymarket-arbitrage/venv/lib/python3.14/site-packages/httpx/_models.py", line 951, in iter_raw
    for raw_stream_bytes in self.stream:
                            ^^^^^^^^^^^
  File "/Users/hayssamhoballah/clawd/polymarket-arbitrage/venv/lib/python3.14/site-packages/httpx/_client.py", line 153, in __iter__
    for chunk in self._stream:
                 ^^^^^^^^^^^^
  File "/Users/hayssamhoballah/clawd/polymarket-arbitrage/venv/lib/python3.14/site-packages/httpx/_transports/default.py", line 126, in __iter__
    with map_httpcore_exceptions():
         ~~~~~~~~~~~~~~~~~~~~~~~^^
  File "/opt/homebrew/Cellar/python@3.14/3.14.2_1/Frameworks/Python.framework/Versions/3.14/lib/python3.14/contextlib.py", line 162, in __exit__
    self.gen.throw(value)
    ~~~~~~~~~~~~~~^^^^^^^
  File "/Users/hayssamhoballah/clawd/polymarket-arbitrage/venv/lib/python3.14/site-packages/httpx/_transports/default.py", line 118, in map_httpcore_exceptions
    raise mapped_exc(message) from exc
httpx.ReadTimeout: The read operation timed out

During handling of the above exception, another exception occurred:

Traceback (most recent call last):
  File "/Users/hayssamhoballah/clawd/polymarket-arbitrage/src/polymarket_client.py", line 97, in get_markets
    response = self.client.get_markets()
  File "/Users/hayssamhoballah/clawd/polymarket-arbitrage/venv/lib/python3.14/site-packages/py_clob_client/client.py", line 978, in get_markets
    return get("{}{}?next_cursor={}".format(self.host, GET_MARKETS, next_cursor))
  File "/Users/hayssamhoballah/clawd/polymarket-arbitrage/venv/lib/python3.14/site-packages/py_clob_client/http_helpers/helpers.py", line 73, in get
    return request(endpoint, GET, headers, data)
  File "/Users/hayssamhoballah/clawd/polymarket-arbitrage/venv/lib/python3.14/site-packages/py_clob_client/http_helpers/helpers.py", line 65, in request
    raise PolyApiException(error_msg="Request exception!")
py_clob_client.exceptions.PolyApiException: PolyApiException[status_code=None, error_message=Request exception!]

14:18:18 - ERROR - Error fetching markets: PolyApiException[status_code=None, error_message=Request exception!]
14:18:18 - ERROR - Traceback (most recent call last):
  File "/Users/hayssamhoballah/clawd/polymarket-arbitrage/venv/lib/python3.14/site-packages/httpx/_transports/default.py", line 101, in map_httpcore_exceptions
    yield
  File "/Users/hayssamhoballah/clawd/polymarket-arbitrage/venv/lib/python3.14/site-packages/httpx/_transports/default.py", line 250, in handle_request
    resp = self._pool.handle_request(req)
  File "/Users/hayssamhoballah/clawd/polymarket-arbitrage/venv/lib/python3.14/site-packages/httpcore/_sync/connection_pool.py", line 256, in handle_request
    raise exc from None
  File "/Users/hayssamhoballah/clawd/polymarket-arbitrage/venv/lib/python3.14/site-packages/httpcore/_sync/connection_pool.py", line 236, in handle_request
    response = connection.handle_request(
        pool_request.request
    )
  File "/Users/hayssamhoballah/clawd/polymarket-arbitrage/venv/lib/python3.14/site-packages/httpcore/_sync/connection.py", line 101, in handle_request
    raise exc
  File "/Users/hayssamhoballah/clawd/polymarket-arbitrage/venv/lib/python3.14/site-packages/httpcore/_sync/connection.py", line 78, in handle_request
    stream = self._connect(request)
  File "/Users/hayssamhoballah/clawd/polymarket-arbitrage/venv/lib/python3.14/site-packages/httpcore/_sync/connection.py", line 156, in _connect
    stream = stream.start_tls(**kwargs)
  File "/Users/hayssamhoballah/clawd/polymarket-arbitrage/venv/lib/python3.14/site-packages/httpcore/_backends/sync.py", line 154, in start_tls
    with map_exceptions(exc_map):
         ~~~~~~~~~~~~~~^^^^^^^^^
  File "/opt/homebrew/Cellar/python@3.14/3.14.2_1/Frameworks/Python.framework/Versions/3.14/lib/python3.14/contextlib.py", line 162, in __exit__
    self.gen.throw(value)
    ~~~~~~~~~~~~~~^^^^^^^
  File "/Users/hayssamhoballah/clawd/polymarket-arbitrage/venv/lib/python3.14/site-packages/httpcore/_exceptions.py", line 14, in map_exceptions
    raise to_exc(exc) from exc
httpcore.ConnectTimeout: _ssl.c:1063: The handshake operation timed out

The above exception was the direct cause of the following exception:

Traceback (most recent call last):
  File "/Users/hayssamhoballah/clawd/polymarket-arbitrage/venv/lib/python3.14/site-packages/py_clob_client/http_helpers/helpers.py", line 49, in request
    resp = _http_client.request(
        method=method,
    ...<2 lines>...
        json=data,
    )
  File "/Users/hayssamhoballah/clawd/polymarket-arbitrage/venv/lib/python3.14/site-packages/httpx/_client.py", line 825, in request
    return self.send(request, auth=auth, follow_redirects=follow_redirects)
           ~~~~~~~~~^^^^^^^^^^^^^^^^^^^^^^^^^^^^^^^^^^^^^^^^^^^^^^^^^^^^^^^
  File "/Users/hayssamhoballah/clawd/polymarket-arbitrage/venv/lib/python3.14/site-packages/httpx/_client.py", line 914, in send
    response = self._send_handling_auth(
        request,
    ...<2 lines>...
        history=[],
    )
  File "/Users/hayssamhoballah/clawd/polymarket-arbitrage/venv/lib/python3.14/site-packages/httpx/_client.py", line 942, in _send_handling_auth
    response = self._send_handling_redirects(
        request,
        follow_redirects=follow_redirects,
        history=history,
    )
  File "/Users/hayssamhoballah/clawd/polymarket-arbitrage/venv/lib/python3.14/site-packages/httpx/_client.py", line 979, in _send_handling_redirects
    response = self._send_single_request(request)
  File "/Users/hayssamhoballah/clawd/polymarket-arbitrage/venv/lib/python3.14/site-packages/httpx/_client.py", line 1014, in _send_single_request
    response = transport.handle_request(request)
  File "/Users/hayssamhoballah/clawd/polymarket-arbitrage/venv/lib/python3.14/site-packages/httpx/_transports/default.py", line 249, in handle_request
    with map_httpcore_exceptions():
         ~~~~~~~~~~~~~~~~~~~~~~~^^
  File "/opt/homebrew/Cellar/python@3.14/3.14.2_1/Frameworks/Python.framework/Versions/3.14/lib/python3.14/contextlib.py", line 162, in __exit__
    self.gen.throw(value)
    ~~~~~~~~~~~~~~^^^^^^^
  File "/Users/hayssamhoballah/clawd/polymarket-arbitrage/venv/lib/python3.14/site-packages/httpx/_transports/default.py", line 118, in map_httpcore_exceptions
    raise mapped_exc(message) from exc
httpx.ConnectTimeout: _ssl.c:1063: The handshake operation timed out

During handling of the above exception, another exception occurred:

Traceback (most recent call last):
  File "/Users/hayssamhoballah/clawd/polymarket-arbitrage/src/polymarket_client.py", line 97, in get_markets
    response = self.client.get_markets()
  File "/Users/hayssamhoballah/clawd/polymarket-arbitrage/venv/lib/python3.14/site-packages/py_clob_client/client.py", line 978, in get_markets
    return get("{}{}?next_cursor={}".format(self.host, GET_MARKETS, next_cursor))
  File "/Users/hayssamhoballah/clawd/polymarket-arbitrage/venv/lib/python3.14/site-packages/py_clob_client/http_helpers/helpers.py", line 73, in get
    return request(endpoint, GET, headers, data)
  File "/Users/hayssamhoballah/clawd/polymarket-arbitrage/venv/lib/python3.14/site-packages/py_clob_client/http_helpers/helpers.py", line 65, in request
    raise PolyApiException(error_msg="Request exception!")
py_clob_client.exceptions.PolyApiException: PolyApiException[status_code=None, error_message=Request exception!]

14:18:25 - INFO - HTTP Request: GET https://clob.polymarket.com/markets?next_cursor=MA== "HTTP/2 200 OK"
14:18:38 - ERROR - Error fetching markets: PolyApiException[status_code=None, error_message=Request exception!]
14:18:38 - ERROR - Traceback (most recent call last):
  File "/Users/hayssamhoballah/clawd/polymarket-arbitrage/venv/lib/python3.14/site-packages/httpx/_transports/default.py", line 101, in map_httpcore_exceptions
    yield
  File "/Users/hayssamhoballah/clawd/polymarket-arbitrage/venv/lib/python3.14/site-packages/httpx/_transports/default.py", line 127, in __iter__
    for part in self._httpcore_stream:
                ^^^^^^^^^^^^^^^^^^^^^
  File "/Users/hayssamhoballah/clawd/polymarket-arbitrage/venv/lib/python3.14/site-packages/httpcore/_sync/connection_pool.py", line 407, in __iter__
    raise exc from None
  File "/Users/hayssamhoballah/clawd/polymarket-arbitrage/venv/lib/python3.14/site-packages/httpcore/_sync/connection_pool.py", line 403, in __iter__
    for part in self._stream:
                ^^^^^^^^^^^^
  File "/Users/hayssamhoballah/clawd/polymarket-arbitrage/venv/lib/python3.14/site-packages/httpcore/_sync/http2.py", line 585, in __iter__
    raise exc
  File "/Users/hayssamhoballah/clawd/polymarket-arbitrage/venv/lib/python3.14/site-packages/httpcore/_sync/http2.py", line 575, in __iter__
    for chunk in self._connection._receive_response_body(
                 ~~~~~~~~~~~~~~~~~~~~~~~~~~~~~~~~~~~~~~~^
        request=self._request, stream_id=self._stream_id
        ^^^^^^^^^^^^^^^^^^^^^^^^^^^^^^^^^^^^^^^^^^^^^^^^
    ):
    ^
  File "/Users/hayssamhoballah/clawd/polymarket-arbitrage/venv/lib/python3.14/site-packages/httpcore/_sync/http2.py", line 316, in _receive_response_body
    event = self._receive_stream_event(request, stream_id)
  File "/Users/hayssamhoballah/clawd/polymarket-arbitrage/venv/lib/python3.14/site-packages/httpcore/_sync/http2.py", line 336, in _receive_stream_event
    self._receive_events(request, stream_id)
    ~~~~~~~~~~~~~~~~~~~~^^^^^^^^^^^^^^^^^^^^
  File "/Users/hayssamhoballah/clawd/polymarket-arbitrage/venv/lib/python3.14/site-packages/httpcore/_sync/http2.py", line 364, in _receive_events
    events = self._read_incoming_data(request)
  File "/Users/hayssamhoballah/clawd/polymarket-arbitrage/venv/lib/python3.14/site-packages/httpcore/_sync/http2.py", line 455, in _read_incoming_data
    raise exc
  File "/Users/hayssamhoballah/clawd/polymarket-arbitrage/venv/lib/python3.14/site-packages/httpcore/_sync/http2.py", line 441, in _read_incoming_data
    data = self._network_stream.read(self.READ_NUM_BYTES, timeout)
  File "/Users/hayssamhoballah/clawd/polymarket-arbitrage/venv/lib/python3.14/site-packages/httpcore/_backends/sync.py", line 126, in read
    with map_exceptions(exc_map):
         ~~~~~~~~~~~~~~^^^^^^^^^
  File "/opt/homebrew/Cellar/python@3.14/3.14.2_1/Frameworks/Python.framework/Versions/3.14/lib/python3.14/contextlib.py", line 162, in __exit__
    self.gen.throw(value)
    ~~~~~~~~~~~~~~^^^^^^^
  File "/Users/hayssamhoballah/clawd/polymarket-arbitrage/venv/lib/python3.14/site-packages/httpcore/_exceptions.py", line 14, in map_exceptions
    raise to_exc(exc) from exc
httpcore.ReadTimeout: The read operation timed out

The above exception was the direct cause of the following exception:

Traceback (most recent call last):
  File "/Users/hayssamhoballah/clawd/polymarket-arbitrage/venv/lib/python3.14/site-packages/py_clob_client/http_helpers/helpers.py", line 49, in request
    resp = _http_client.request(
        method=method,
    ...<2 lines>...
        json=data,
    )
  File "/Users/hayssamhoballah/clawd/polymarket-arbitrage/venv/lib/python3.14/site-packages/httpx/_client.py", line 825, in request
    return self.send(request, auth=auth, follow_redirects=follow_redirects)
           ~~~~~~~~~^^^^^^^^^^^^^^^^^^^^^^^^^^^^^^^^^^^^^^^^^^^^^^^^^^^^^^^
  File "/Users/hayssamhoballah/clawd/polymarket-arbitrage/venv/lib/python3.14/site-packages/httpx/_client.py", line 928, in send
    raise exc
  File "/Users/hayssamhoballah/clawd/polymarket-arbitrage/venv/lib/python3.14/site-packages/httpx/_client.py", line 922, in send
    response.read()
    ~~~~~~~~~~~~~^^
  File "/Users/hayssamhoballah/clawd/polymarket-arbitrage/venv/lib/python3.14/site-packages/httpx/_models.py", line 881, in read
    self._content = b"".join(self.iter_bytes())
                    ~~~~~~~~^^^^^^^^^^^^^^^^^^^
  File "/Users/hayssamhoballah/clawd/polymarket-arbitrage/venv/lib/python3.14/site-packages/httpx/_models.py", line 897, in iter_bytes
    for raw_bytes in self.iter_raw():
                     ~~~~~~~~~~~~~^^
  File "/Users/hayssamhoballah/clawd/polymarket-arbitrage/venv/lib/python3.14/site-packages/httpx/_models.py", line 951, in iter_raw
    for raw_stream_bytes in self.stream:
                            ^^^^^^^^^^^
  File "/Users/hayssamhoballah/clawd/polymarket-arbitrage/venv/lib/python3.14/site-packages/httpx/_client.py", line 153, in __iter__
    for chunk in self._stream:
                 ^^^^^^^^^^^^
  File "/Users/hayssamhoballah/clawd/polymarket-arbitrage/venv/lib/python3.14/site-packages/httpx/_transports/default.py", line 126, in __iter__
    with map_httpcore_exceptions():
         ~~~~~~~~~~~~~~~~~~~~~~~^^
  File "/opt/homebrew/Cellar/python@3.14/3.14.2_1/Frameworks/Python.framework/Versions/3.14/lib/python3.14/contextlib.py", line 162, in __exit__
    self.gen.throw(value)
    ~~~~~~~~~~~~~~^^^^^^^
  File "/Users/hayssamhoballah/clawd/polymarket-arbitrage/venv/lib/python3.14/site-packages/httpx/_transports/default.py", line 118, in map_httpcore_exceptions
    raise mapped_exc(message) from exc
httpx.ReadTimeout: The read operation timed out

During handling of the above exception, another exception occurred:

Traceback (most recent call last):
  File "/Users/hayssamhoballah/clawd/polymarket-arbitrage/src/polymarket_client.py", line 97, in get_markets
    response = self.client.get_markets()
  File "/Users/hayssamhoballah/clawd/polymarket-arbitrage/venv/lib/python3.14/site-packages/py_clob_client/client.py", line 978, in get_markets
    return get("{}{}?next_cursor={}".format(self.host, GET_MARKETS, next_cursor))
  File "/Users/hayssamhoballah/clawd/polymarket-arbitrage/venv/lib/python3.14/site-packages/py_clob_client/http_helpers/helpers.py", line 73, in get
    return request(endpoint, GET, headers, data)
  File "/Users/hayssamhoballah/clawd/polymarket-arbitrage/venv/lib/python3.14/site-packages/py_clob_client/http_helpers/helpers.py", line 65, in request
    raise PolyApiException(error_msg="Request exception!")
py_clob_client.exceptions.PolyApiException: PolyApiException[status_code=None, error_message=Request exception!]

14:18:44 - INFO - HTTP Request: GET https://clob.polymarket.com/markets?next_cursor=MA== "HTTP/2 200 OK"
14:18:53 - INFO - HTTP Request: GET https://clob.polymarket.com/markets?next_cursor=MA== "HTTP/2 200 OK"
14:19:02 - ERROR - Error fetching markets: PolyApiException[status_code=None, error_message=Request exception!]
14:19:02 - ERROR - Traceback (most recent call last):
  File "/Users/hayssamhoballah/clawd/polymarket-arbitrage/venv/lib/python3.14/site-packages/httpx/_transports/default.py", line 101, in map_httpcore_exceptions
    yield
  File "/Users/hayssamhoballah/clawd/polymarket-arbitrage/venv/lib/python3.14/site-packages/httpx/_transports/default.py", line 127, in __iter__
    for part in self._httpcore_stream:
                ^^^^^^^^^^^^^^^^^^^^^
  File "/Users/hayssamhoballah/clawd/polymarket-arbitrage/venv/lib/python3.14/site-packages/httpcore/_sync/connection_pool.py", line 407, in __iter__
    raise exc from None
  File "/Users/hayssamhoballah/clawd/polymarket-arbitrage/venv/lib/python3.14/site-packages/httpcore/_sync/connection_pool.py", line 403, in __iter__
    for part in self._stream:
                ^^^^^^^^^^^^
  File "/Users/hayssamhoballah/clawd/polymarket-arbitrage/venv/lib/python3.14/site-packages/httpcore/_sync/http2.py", line 585, in __iter__
    raise exc
  File "/Users/hayssamhoballah/clawd/polymarket-arbitrage/venv/lib/python3.14/site-packages/httpcore/_sync/http2.py", line 575, in __iter__
    for chunk in self._connection._receive_response_body(
                 ~~~~~~~~~~~~~~~~~~~~~~~~~~~~~~~~~~~~~~~^
        request=self._request, stream_id=self._stream_id
        ^^^^^^^^^^^^^^^^^^^^^^^^^^^^^^^^^^^^^^^^^^^^^^^^
    ):
    ^
  File "/Users/hayssamhoballah/clawd/polymarket-arbitrage/venv/lib/python3.14/site-packages/httpcore/_sync/http2.py", line 316, in _receive_response_body
    event = self._receive_stream_event(request, stream_id)
  File "/Users/hayssamhoballah/clawd/polymarket-arbitrage/venv/lib/python3.14/site-packages/httpcore/_sync/http2.py", line 336, in _receive_stream_event
    self._receive_events(request, stream_id)
    ~~~~~~~~~~~~~~~~~~~~^^^^^^^^^^^^^^^^^^^^
  File "/Users/hayssamhoballah/clawd/polymarket-arbitrage/venv/lib/python3.14/site-packages/httpcore/_sync/http2.py", line 364, in _receive_events
    events = self._read_incoming_data(request)
  File "/Users/hayssamhoballah/clawd/polymarket-arbitrage/venv/lib/python3.14/site-packages/httpcore/_sync/http2.py", line 455, in _read_incoming_data
    raise exc
  File "/Users/hayssamhoballah/clawd/polymarket-arbitrage/venv/lib/python3.14/site-packages/httpcore/_sync/http2.py", line 441, in _read_incoming_data
    data = self._network_stream.read(self.READ_NUM_BYTES, timeout)
  File "/Users/hayssamhoballah/clawd/polymarket-arbitrage/venv/lib/python3.14/site-packages/httpcore/_backends/sync.py", line 126, in read
    with map_exceptions(exc_map):
         ~~~~~~~~~~~~~~^^^^^^^^^
  File "/opt/homebrew/Cellar/python@3.14/3.14.2_1/Frameworks/Python.framework/Versions/3.14/lib/python3.14/contextlib.py", line 162, in __exit__
    self.gen.throw(value)
    ~~~~~~~~~~~~~~^^^^^^^
  File "/Users/hayssamhoballah/clawd/polymarket-arbitrage/venv/lib/python3.14/site-packages/httpcore/_exceptions.py", line 14, in map_exceptions
    raise to_exc(exc) from exc
httpcore.ReadTimeout: The read operation timed out

The above exception was the direct cause of the following exception:

Traceback (most recent call last):
  File "/Users/hayssamhoballah/clawd/polymarket-arbitrage/venv/lib/python3.14/site-packages/py_clob_client/http_helpers/helpers.py", line 49, in request
    resp = _http_client.request(
        method=method,
    ...<2 lines>...
        json=data,
    )
  File "/Users/hayssamhoballah/clawd/polymarket-arbitrage/venv/lib/python3.14/site-packages/httpx/_client.py", line 825, in request
    return self.send(request, auth=auth, follow_redirects=follow_redirects)
           ~~~~~~~~~^^^^^^^^^^^^^^^^^^^^^^^^^^^^^^^^^^^^^^^^^^^^^^^^^^^^^^^
  File "/Users/hayssamhoballah/clawd/polymarket-arbitrage/venv/lib/python3.14/site-packages/httpx/_client.py", line 928, in send
    raise exc
  File "/Users/hayssamhoballah/clawd/polymarket-arbitrage/venv/lib/python3.14/site-packages/httpx/_client.py", line 922, in send
    response.read()
    ~~~~~~~~~~~~~^^
  File "/Users/hayssamhoballah/clawd/polymarket-arbitrage/venv/lib/python3.14/site-packages/httpx/_models.py", line 881, in read
    self._content = b"".join(self.iter_bytes())
                    ~~~~~~~~^^^^^^^^^^^^^^^^^^^
  File "/Users/hayssamhoballah/clawd/polymarket-arbitrage/venv/lib/python3.14/site-packages/httpx/_models.py", line 897, in iter_bytes
    for raw_bytes in self.iter_raw():
                     ~~~~~~~~~~~~~^^
  File "/Users/hayssamhoballah/clawd/polymarket-arbitrage/venv/lib/python3.14/site-packages/httpx/_models.py", line 951, in iter_raw
    for raw_stream_bytes in self.stream:
                            ^^^^^^^^^^^
  File "/Users/hayssamhoballah/clawd/polymarket-arbitrage/venv/lib/python3.14/site-packages/httpx/_client.py", line 153, in __iter__
    for chunk in self._stream:
                 ^^^^^^^^^^^^
  File "/Users/hayssamhoballah/clawd/polymarket-arbitrage/venv/lib/python3.14/site-packages/httpx/_transports/default.py", line 126, in __iter__
    with map_httpcore_exceptions():
         ~~~~~~~~~~~~~~~~~~~~~~~^^
  File "/opt/homebrew/Cellar/python@3.14/3.14.2_1/Frameworks/Python.framework/Versions/3.14/lib/python3.14/contextlib.py", line 162, in __exit__
    self.gen.throw(value)
    ~~~~~~~~~~~~~~^^^^^^^
  File "/Users/hayssamhoballah/clawd/polymarket-arbitrage/venv/lib/python3.14/site-packages/httpx/_transports/default.py", line 118, in map_httpcore_exceptions
    raise mapped_exc(message) from exc
httpx.ReadTimeout: The read operation timed out

During handling of the above exception, another exception occurred:

Traceback (most recent call last):
  File "/Users/hayssamhoballah/clawd/polymarket-arbitrage/src/polymarket_client.py", line 97, in get_markets
    response = self.client.get_markets()
  File "/Users/hayssamhoballah/clawd/polymarket-arbitrage/venv/lib/python3.14/site-packages/py_clob_client/client.py", line 978, in get_markets
    return get("{}{}?next_cursor={}".format(self.host, GET_MARKETS, next_cursor))
  File "/Users/hayssamhoballah/clawd/polymarket-arbitrage/venv/lib/python3.14/site-packages/py_clob_client/http_helpers/helpers.py", line 73, in get
    return request(endpoint, GET, headers, data)
  File "/Users/hayssamhoballah/clawd/polymarket-arbitrage/venv/lib/python3.14/site-packages/py_clob_client/http_helpers/helpers.py", line 65, in request
    raise PolyApiException(error_msg="Request exception!")
py_clob_client.exceptions.PolyApiException: PolyApiException[status_code=None, error_message=Request exception!]

14:19:09 - INFO - HTTP Request: GET https://clob.polymarket.com/markets?next_cursor=MA== "HTTP/2 200 OK"
14:19:18 - INFO - HTTP Request: GET https://clob.polymarket.com/markets?next_cursor=MA== "HTTP/2 200 OK"
14:19:22 - INFO - HTTP Request: GET https://clob.polymarket.com/markets?next_cursor=MA== "HTTP/2 200 OK"
14:19:24 - INFO - HTTP Request: GET https://clob.polymarket.com/markets?next_cursor=MA== "HTTP/2 200 OK"
14:19:27 - INFO - HTTP Request: GET https://clob.polymarket.com/markets?next_cursor=MA== "HTTP/2 200 OK"
14:19:34 - INFO - HTTP Request: GET https://clob.polymarket.com/markets?next_cursor=MA== "HTTP/2 200 OK"
14:19:40 - INFO - HTTP Request: GET https://clob.polymarket.com/markets?next_cursor=MA== "HTTP/2 200 OK"
14:19:51 - ERROR - Error fetching markets: PolyApiException[status_code=None, error_message=Request exception!]
14:19:51 - ERROR - Traceback (most recent call last):
  File "/Users/hayssamhoballah/clawd/polymarket-arbitrage/venv/lib/python3.14/site-packages/httpx/_transports/default.py", line 101, in map_httpcore_exceptions
    yield
  File "/Users/hayssamhoballah/clawd/polymarket-arbitrage/venv/lib/python3.14/site-packages/httpx/_transports/default.py", line 127, in __iter__
    for part in self._httpcore_stream:
                ^^^^^^^^^^^^^^^^^^^^^
  File "/Users/hayssamhoballah/clawd/polymarket-arbitrage/venv/lib/python3.14/site-packages/httpcore/_sync/connection_pool.py", line 407, in __iter__
    raise exc from None
  File "/Users/hayssamhoballah/clawd/polymarket-arbitrage/venv/lib/python3.14/site-packages/httpcore/_sync/connection_pool.py", line 403, in __iter__
    for part in self._stream:
                ^^^^^^^^^^^^
  File "/Users/hayssamhoballah/clawd/polymarket-arbitrage/venv/lib/python3.14/site-packages/httpcore/_sync/http2.py", line 585, in __iter__
    raise exc
  File "/Users/hayssamhoballah/clawd/polymarket-arbitrage/venv/lib/python3.14/site-packages/httpcore/_sync/http2.py", line 575, in __iter__
    for chunk in self._connection._receive_response_body(
                 ~~~~~~~~~~~~~~~~~~~~~~~~~~~~~~~~~~~~~~~^
        request=self._request, stream_id=self._stream_id
        ^^^^^^^^^^^^^^^^^^^^^^^^^^^^^^^^^^^^^^^^^^^^^^^^
    ):
    ^
  File "/Users/hayssamhoballah/clawd/polymarket-arbitrage/venv/lib/python3.14/site-packages/httpcore/_sync/http2.py", line 316, in _receive_response_body
    event = self._receive_stream_event(request, stream_id)
  File "/Users/hayssamhoballah/clawd/polymarket-arbitrage/venv/lib/python3.14/site-packages/httpcore/_sync/http2.py", line 336, in _receive_stream_event
    self._receive_events(request, stream_id)
    ~~~~~~~~~~~~~~~~~~~~^^^^^^^^^^^^^^^^^^^^
  File "/Users/hayssamhoballah/clawd/polymarket-arbitrage/venv/lib/python3.14/site-packages/httpcore/_sync/http2.py", line 364, in _receive_events
    events = self._read_incoming_data(request)
  File "/Users/hayssamhoballah/clawd/polymarket-arbitrage/venv/lib/python3.14/site-packages/httpcore/_sync/http2.py", line 455, in _read_incoming_data
    raise exc
  File "/Users/hayssamhoballah/clawd/polymarket-arbitrage/venv/lib/python3.14/site-packages/httpcore/_sync/http2.py", line 441, in _read_incoming_data
    data = self._network_stream.read(self.READ_NUM_BYTES, timeout)
  File "/Users/hayssamhoballah/clawd/polymarket-arbitrage/venv/lib/python3.14/site-packages/httpcore/_backends/sync.py", line 126, in read
    with map_exceptions(exc_map):
         ~~~~~~~~~~~~~~^^^^^^^^^
  File "/opt/homebrew/Cellar/python@3.14/3.14.2_1/Frameworks/Python.framework/Versions/3.14/lib/python3.14/contextlib.py", line 162, in __exit__
    self.gen.throw(value)
    ~~~~~~~~~~~~~~^^^^^^^
  File "/Users/hayssamhoballah/clawd/polymarket-arbitrage/venv/lib/python3.14/site-packages/httpcore/_exceptions.py", line 14, in map_exceptions
    raise to_exc(exc) from exc
httpcore.ReadTimeout: The read operation timed out

The above exception was the direct cause of the following exception:

Traceback (most recent call last):
  File "/Users/hayssamhoballah/clawd/polymarket-arbitrage/venv/lib/python3.14/site-packages/py_clob_client/http_helpers/helpers.py", line 49, in request
    resp = _http_client.request(
        method=method,
    ...<2 lines>...
        json=data,
    )
  File "/Users/hayssamhoballah/clawd/polymarket-arbitrage/venv/lib/python3.14/site-packages/httpx/_client.py", line 825, in request
    return self.send(request, auth=auth, follow_redirects=follow_redirects)
           ~~~~~~~~~^^^^^^^^^^^^^^^^^^^^^^^^^^^^^^^^^^^^^^^^^^^^^^^^^^^^^^^
  File "/Users/hayssamhoballah/clawd/polymarket-arbitrage/venv/lib/python3.14/site-packages/httpx/_client.py", line 928, in send
    raise exc
  File "/Users/hayssamhoballah/clawd/polymarket-arbitrage/venv/lib/python3.14/site-packages/httpx/_client.py", line 922, in send
    response.read()
    ~~~~~~~~~~~~~^^
  File "/Users/hayssamhoballah/clawd/polymarket-arbitrage/venv/lib/python3.14/site-packages/httpx/_models.py", line 881, in read
    self._content = b"".join(self.iter_bytes())
                    ~~~~~~~~^^^^^^^^^^^^^^^^^^^
  File "/Users/hayssamhoballah/clawd/polymarket-arbitrage/venv/lib/python3.14/site-packages/httpx/_models.py", line 897, in iter_bytes
    for raw_bytes in self.iter_raw():
                     ~~~~~~~~~~~~~^^
  File "/Users/hayssamhoballah/clawd/polymarket-arbitrage/venv/lib/python3.14/site-packages/httpx/_models.py", line 951, in iter_raw
    for raw_stream_bytes in self.stream:
                            ^^^^^^^^^^^
  File "/Users/hayssamhoballah/clawd/polymarket-arbitrage/venv/lib/python3.14/site-packages/httpx/_client.py", line 153, in __iter__
    for chunk in self._stream:
                 ^^^^^^^^^^^^
  File "/Users/hayssamhoballah/clawd/polymarket-arbitrage/venv/lib/python3.14/site-packages/httpx/_transports/default.py", line 126, in __iter__
    with map_httpcore_exceptions():
         ~~~~~~~~~~~~~~~~~~~~~~~^^
  File "/opt/homebrew/Cellar/python@3.14/3.14.2_1/Frameworks/Python.framework/Versions/3.14/lib/python3.14/contextlib.py", line 162, in __exit__
    self.gen.throw(value)
    ~~~~~~~~~~~~~~^^^^^^^
  File "/Users/hayssamhoballah/clawd/polymarket-arbitrage/venv/lib/python3.14/site-packages/httpx/_transports/default.py", line 118, in map_httpcore_exceptions
    raise mapped_exc(message) from exc
httpx.ReadTimeout: The read operation timed out

During handling of the above exception, another exception occurred:

Traceback (most recent call last):
  File "/Users/hayssamhoballah/clawd/polymarket-arbitrage/src/polymarket_client.py", line 97, in get_markets
    response = self.client.get_markets()
  File "/Users/hayssamhoballah/clawd/polymarket-arbitrage/venv/lib/python3.14/site-packages/py_clob_client/client.py", line 978, in get_markets
    return get("{}{}?next_cursor={}".format(self.host, GET_MARKETS, next_cursor))
  File "/Users/hayssamhoballah/clawd/polymarket-arbitrage/venv/lib/python3.14/site-packages/py_clob_client/http_helpers/helpers.py", line 73, in get
    return request(endpoint, GET, headers, data)
  File "/Users/hayssamhoballah/clawd/polymarket-arbitrage/venv/lib/python3.14/site-packages/py_clob_client/http_helpers/helpers.py", line 65, in request
    raise PolyApiException(error_msg="Request exception!")
py_clob_client.exceptions.PolyApiException: PolyApiException[status_code=None, error_message=Request exception!]

14:19:55 - INFO - HTTP Request: GET https://clob.polymarket.com/markets?next_cursor=MA== "HTTP/2 200 OK"
14:19:57 - INFO - HTTP Request: GET https://clob.polymarket.com/markets?next_cursor=MA== "HTTP/2 200 OK"
14:20:05 - INFO - HTTP Request: GET https://clob.polymarket.com/markets?next_cursor=MA== "HTTP/2 200 OK"
14:20:15 - INFO - HTTP Request: GET https://clob.polymarket.com/markets?next_cursor=MA== "HTTP/2 200 OK"
14:20:17 - INFO - HTTP Request: GET https://clob.polymarket.com/markets?next_cursor=MA== "HTTP/2 200 OK"
14:20:19 - INFO - HTTP Request: GET https://clob.polymarket.com/markets?next_cursor=MA== "HTTP/2 200 OK"
14:20:20 - INFO - HTTP Request: GET https://clob.polymarket.com/markets?next_cursor=MA== "HTTP/2 200 OK"
14:20:27 - INFO - HTTP Request: GET https://clob.polymarket.com/markets?next_cursor=MA== "HTTP/2 200 OK"
14:20:33 - INFO - HTTP Request: GET https://clob.polymarket.com/markets?next_cursor=MA== "HTTP/2 200 OK"
14:20:41 - ERROR - Error fetching markets: PolyApiException[status_code=None, error_message=Request exception!]
14:20:41 - ERROR - Traceback (most recent call last):
  File "/Users/hayssamhoballah/clawd/polymarket-arbitrage/venv/lib/python3.14/site-packages/httpx/_transports/default.py", line 101, in map_httpcore_exceptions
    yield
  File "/Users/hayssamhoballah/clawd/polymarket-arbitrage/venv/lib/python3.14/site-packages/httpx/_transports/default.py", line 127, in __iter__
    for part in self._httpcore_stream:
                ^^^^^^^^^^^^^^^^^^^^^
  File "/Users/hayssamhoballah/clawd/polymarket-arbitrage/venv/lib/python3.14/site-packages/httpcore/_sync/connection_pool.py", line 407, in __iter__
    raise exc from None
  File "/Users/hayssamhoballah/clawd/polymarket-arbitrage/venv/lib/python3.14/site-packages/httpcore/_sync/connection_pool.py", line 403, in __iter__
    for part in self._stream:
                ^^^^^^^^^^^^
  File "/Users/hayssamhoballah/clawd/polymarket-arbitrage/venv/lib/python3.14/site-packages/httpcore/_sync/http2.py", line 585, in __iter__
    raise exc
  File "/Users/hayssamhoballah/clawd/polymarket-arbitrage/venv/lib/python3.14/site-packages/httpcore/_sync/http2.py", line 575, in __iter__
    for chunk in self._connection._receive_response_body(
                 ~~~~~~~~~~~~~~~~~~~~~~~~~~~~~~~~~~~~~~~^
        request=self._request, stream_id=self._stream_id
        ^^^^^^^^^^^^^^^^^^^^^^^^^^^^^^^^^^^^^^^^^^^^^^^^
    ):
    ^
  File "/Users/hayssamhoballah/clawd/polymarket-arbitrage/venv/lib/python3.14/site-packages/httpcore/_sync/http2.py", line 316, in _receive_response_body
    event = self._receive_stream_event(request, stream_id)
  File "/Users/hayssamhoballah/clawd/polymarket-arbitrage/venv/lib/python3.14/site-packages/httpcore/_sync/http2.py", line 336, in _receive_stream_event
    self._receive_events(request, stream_id)
    ~~~~~~~~~~~~~~~~~~~~^^^^^^^^^^^^^^^^^^^^
  File "/Users/hayssamhoballah/clawd/polymarket-arbitrage/venv/lib/python3.14/site-packages/httpcore/_sync/http2.py", line 364, in _receive_events
    events = self._read_incoming_data(request)
  File "/Users/hayssamhoballah/clawd/polymarket-arbitrage/venv/lib/python3.14/site-packages/httpcore/_sync/http2.py", line 455, in _read_incoming_data
    raise exc
  File "/Users/hayssamhoballah/clawd/polymarket-arbitrage/venv/lib/python3.14/site-packages/httpcore/_sync/http2.py", line 441, in _read_incoming_data
    data = self._network_stream.read(self.READ_NUM_BYTES, timeout)
  File "/Users/hayssamhoballah/clawd/polymarket-arbitrage/venv/lib/python3.14/site-packages/httpcore/_backends/sync.py", line 126, in read
    with map_exceptions(exc_map):
         ~~~~~~~~~~~~~~^^^^^^^^^
  File "/opt/homebrew/Cellar/python@3.14/3.14.2_1/Frameworks/Python.framework/Versions/3.14/lib/python3.14/contextlib.py", line 162, in __exit__
    self.gen.throw(value)
    ~~~~~~~~~~~~~~^^^^^^^
  File "/Users/hayssamhoballah/clawd/polymarket-arbitrage/venv/lib/python3.14/site-packages/httpcore/_exceptions.py", line 14, in map_exceptions
    raise to_exc(exc) from exc
httpcore.ReadTimeout: The read operation timed out

The above exception was the direct cause of the following exception:

Traceback (most recent call last):
  File "/Users/hayssamhoballah/clawd/polymarket-arbitrage/venv/lib/python3.14/site-packages/py_clob_client/http_helpers/helpers.py", line 49, in request
    resp = _http_client.request(
        method=method,
    ...<2 lines>...
        json=data,
    )
  File "/Users/hayssamhoballah/clawd/polymarket-arbitrage/venv/lib/python3.14/site-packages/httpx/_client.py", line 825, in request
    return self.send(request, auth=auth, follow_redirects=follow_redirects)
           ~~~~~~~~~^^^^^^^^^^^^^^^^^^^^^^^^^^^^^^^^^^^^^^^^^^^^^^^^^^^^^^^
  File "/Users/hayssamhoballah/clawd/polymarket-arbitrage/venv/lib/python3.14/site-packages/httpx/_client.py", line 928, in send
    raise exc
  File "/Users/hayssamhoballah/clawd/polymarket-arbitrage/venv/lib/python3.14/site-packages/httpx/_client.py", line 922, in send
    response.read()
    ~~~~~~~~~~~~~^^
  File "/Users/hayssamhoballah/clawd/polymarket-arbitrage/venv/lib/python3.14/site-packages/httpx/_models.py", line 881, in read
    self._content = b"".join(self.iter_bytes())
                    ~~~~~~~~^^^^^^^^^^^^^^^^^^^
  File "/Users/hayssamhoballah/clawd/polymarket-arbitrage/venv/lib/python3.14/site-packages/httpx/_models.py", line 897, in iter_bytes
    for raw_bytes in self.iter_raw():
                     ~~~~~~~~~~~~~^^
  File "/Users/hayssamhoballah/clawd/polymarket-arbitrage/venv/lib/python3.14/site-packages/httpx/_models.py", line 951, in iter_raw
    for raw_stream_bytes in self.stream:
                            ^^^^^^^^^^^
  File "/Users/hayssamhoballah/clawd/polymarket-arbitrage/venv/lib/python3.14/site-packages/httpx/_client.py", line 153, in __iter__
    for chunk in self._stream:
                 ^^^^^^^^^^^^
  File "/Users/hayssamhoballah/clawd/polymarket-arbitrage/venv/lib/python3.14/site-packages/httpx/_transports/default.py", line 126, in __iter__
    with map_httpcore_exceptions():
         ~~~~~~~~~~~~~~~~~~~~~~~^^
  File "/opt/homebrew/Cellar/python@3.14/3.14.2_1/Frameworks/Python.framework/Versions/3.14/lib/python3.14/contextlib.py", line 162, in __exit__
    self.gen.throw(value)
    ~~~~~~~~~~~~~~^^^^^^^
  File "/Users/hayssamhoballah/clawd/polymarket-arbitrage/venv/lib/python3.14/site-packages/httpx/_transports/default.py", line 118, in map_httpcore_exceptions
    raise mapped_exc(message) from exc
httpx.ReadTimeout: The read operation timed out

During handling of the above exception, another exception occurred:

Traceback (most recent call last):
  File "/Users/hayssamhoballah/clawd/polymarket-arbitrage/src/polymarket_client.py", line 97, in get_markets
    response = self.client.get_markets()
  File "/Users/hayssamhoballah/clawd/polymarket-arbitrage/venv/lib/python3.14/site-packages/py_clob_client/client.py", line 978, in get_markets
    return get("{}{}?next_cursor={}".format(self.host, GET_MARKETS, next_cursor))
  File "/Users/hayssamhoballah/clawd/polymarket-arbitrage/venv/lib/python3.14/site-packages/py_clob_client/http_helpers/helpers.py", line 73, in get
    return request(endpoint, GET, headers, data)
  File "/Users/hayssamhoballah/clawd/polymarket-arbitrage/venv/lib/python3.14/site-packages/py_clob_client/http_helpers/helpers.py", line 65, in request
    raise PolyApiException(error_msg="Request exception!")
py_clob_client.exceptions.PolyApiException: PolyApiException[status_code=None, error_message=Request exception!]

14:20:55 - INFO - HTTP Request: GET https://clob.polymarket.com/markets?next_cursor=MA== "HTTP/2 200 OK"
14:21:06 - INFO - HTTP Request: GET https://clob.polymarket.com/markets?next_cursor=MA== "HTTP/2 200 OK"
14:21:20 - INFO - HTTP Request: GET https://clob.polymarket.com/markets?next_cursor=MA== "HTTP/2 200 OK"
14:21:32 - INFO - HTTP Request: GET https://clob.polymarket.com/markets?next_cursor=MA== "HTTP/2 200 OK"
14:21:44 - INFO - HTTP Request: GET https://clob.polymarket.com/markets?next_cursor=MA== "HTTP/2 200 OK"
14:21:49 - INFO - HTTP Request: GET https://clob.polymarket.com/markets?next_cursor=MA== "HTTP/2 200 OK"
14:21:54 - INFO - HTTP Request: GET https://clob.polymarket.com/markets?next_cursor=MA== "HTTP/2 200 OK"
14:21:59 - INFO - HTTP Request: GET https://clob.polymarket.com/markets?next_cursor=MA== "HTTP/2 200 OK"
14:22:03 - INFO - HTTP Request: GET https://clob.polymarket.com/markets?next_cursor=MA== "HTTP/2 200 OK"
14:22:07 - INFO - HTTP Request: GET https://clob.polymarket.com/markets?next_cursor=MA== "HTTP/2 200 OK"
14:22:14 - INFO - HTTP Request: GET https://clob.polymarket.com/markets?next_cursor=MA== "HTTP/2 200 OK"
14:22:16 - INFO - HTTP Request: GET https://clob.polymarket.com/markets?next_cursor=MA== "HTTP/2 200 OK"
14:22:19 - INFO - HTTP Request: GET https://clob.polymarket.com/markets?next_cursor=MA== "HTTP/2 200 OK"
14:22:20 - INFO - HTTP Request: GET https://clob.polymarket.com/markets?next_cursor=MA== "HTTP/2 200 OK"
14:22:24 - INFO - HTTP Request: GET https://clob.polymarket.com/markets?next_cursor=MA== "HTTP/2 200 OK"
14:22:27 - INFO - HTTP Request: GET https://clob.polymarket.com/markets?next_cursor=MA== "HTTP/2 200 OK"
14:22:29 - INFO - HTTP Request: GET https://clob.polymarket.com/markets?next_cursor=MA== "HTTP/2 200 OK"
14:22:31 - INFO - HTTP Request: GET https://clob.polymarket.com/markets?next_cursor=MA== "HTTP/2 200 OK"
14:22:35 - INFO - HTTP Request: GET https://clob.polymarket.com/markets?next_cursor=MA== "HTTP/2 200 OK"
14:22:37 - INFO - HTTP Request: GET https://clob.polymarket.com/markets?next_cursor=MA== "HTTP/2 200 OK"
14:22:39 - INFO - HTTP Request: GET https://clob.polymarket.com/markets?next_cursor=MA== "HTTP/2 200 OK"
14:22:41 - INFO - HTTP Request: GET https://clob.polymarket.com/markets?next_cursor=MA== "HTTP/2 200 OK"
14:22:44 - INFO - HTTP Request: GET https://clob.polymarket.com/markets?next_cursor=MA== "HTTP/2 200 OK"
14:22:46 - INFO - HTTP Request: GET https://clob.polymarket.com/markets?next_cursor=MA== "HTTP/2 200 OK"
14:22:48 - INFO - HTTP Request: GET https://clob.polymarket.com/markets?next_cursor=MA== "HTTP/2 200 OK"
14:22:52 - INFO - HTTP Request: GET https://clob.polymarket.com/markets?next_cursor=MA== "HTTP/2 200 OK"
14:22:56 - INFO - HTTP Request: GET https://clob.polymarket.com/markets?next_cursor=MA== "HTTP/2 200 OK"
14:22:58 - INFO - HTTP Request: GET https://clob.polymarket.com/markets?next_cursor=MA== "HTTP/2 200 OK"
14:23:00 - INFO - HTTP Request: GET https://clob.polymarket.com/markets?next_cursor=MA== "HTTP/2 200 OK"
14:23:02 - INFO - HTTP Request: GET https://clob.polymarket.com/markets?next_cursor=MA== "HTTP/2 200 OK"
14:23:06 - INFO - HTTP Request: GET https://clob.polymarket.com/markets?next_cursor=MA== "HTTP/2 200 OK"
14:23:10 - INFO - HTTP Request: GET https://clob.polymarket.com/markets?next_cursor=MA== "HTTP/2 200 OK"
14:23:23 - INFO - HTTP Request: GET https://clob.polymarket.com/markets?next_cursor=MA== "HTTP/2 200 OK"
14:23:33 - INFO - HTTP Request: GET https://clob.polymarket.com/markets?next_cursor=MA== "HTTP/2 200 OK"
14:23:40 - INFO - HTTP Request: GET https://clob.polymarket.com/markets?next_cursor=MA== "HTTP/2 200 OK"
14:23:44 - INFO - HTTP Request: GET https://clob.polymarket.com/markets?next_cursor=MA== "HTTP/2 200 OK"
14:23:46 - INFO - HTTP Request: GET https://clob.polymarket.com/markets?next_cursor=MA== "HTTP/2 200 OK"
14:23:49 - INFO - HTTP Request: GET https://clob.polymarket.com/markets?next_cursor=MA== "HTTP/2 200 OK"
14:23:54 - INFO - HTTP Request: GET https://clob.polymarket.com/markets?next_cursor=MA== "HTTP/2 200 OK"
14:23:56 - INFO - HTTP Request: GET https://clob.polymarket.com/markets?next_cursor=MA== "HTTP/2 200 OK"
14:23:57 - INFO - HTTP Request: GET https://clob.polymarket.com/markets?next_cursor=MA== "HTTP/2 200 OK"
14:23:58 - INFO - HTTP Request: GET https://clob.polymarket.com/markets?next_cursor=MA== "HTTP/2 200 OK"
14:24:02 - INFO - HTTP Request: GET https://clob.polymarket.com/markets?next_cursor=MA== "HTTP/2 200 OK"
14:24:04 - INFO - HTTP Request: GET https://clob.polymarket.com/markets?next_cursor=MA== "HTTP/2 200 OK"
14:24:08 - INFO - HTTP Request: GET https://clob.polymarket.com/markets?next_cursor=MA== "HTTP/2 200 OK"
14:24:13 - INFO - HTTP Request: GET https://clob.polymarket.com/markets?next_cursor=MA== "HTTP/2 200 OK"
14:24:22 - INFO - HTTP Request: GET https://clob.polymarket.com/markets?next_cursor=MA== "HTTP/2 200 OK"
14:24:23 - INFO - HTTP Request: GET https://clob.polymarket.com/markets?next_cursor=MA== "HTTP/2 200 OK"
14:24:24 - INFO - HTTP Request: GET https://clob.polymarket.com/markets?next_cursor=MA== "HTTP/2 200 OK"
14:24:25 - INFO - HTTP Request: GET https://clob.polymarket.com/markets?next_cursor=MA== "HTTP/2 200 OK"
14:24:27 - INFO - HTTP Request: GET https://clob.polymarket.com/markets?next_cursor=MA== "HTTP/2 200 OK"
14:24:28 - INFO - HTTP Request: GET https://clob.polymarket.com/markets?next_cursor=MA== "HTTP/2 200 OK"
14:24:28 - INFO - HTTP Request: GET https://clob.polymarket.com/markets?next_cursor=MA== "HTTP/2 200 OK"
14:24:29 - INFO - HTTP Request: GET https://clob.polymarket.com/markets?next_cursor=MA== "HTTP/2 200 OK"
14:24:31 - INFO - HTTP Request: GET https://clob.polymarket.com/markets?next_cursor=MA== "HTTP/2 200 OK"
14:24:32 - INFO - HTTP Request: GET https://clob.polymarket.com/markets?next_cursor=MA== "HTTP/2 200 OK"
14:24:32 - INFO - HTTP Request: GET https://clob.polymarket.com/markets?next_cursor=MA== "HTTP/2 200 OK"
14:24:33 - INFO - HTTP Request: GET https://clob.polymarket.com/markets?next_cursor=MA== "HTTP/2 200 OK"
14:24:35 - INFO - HTTP Request: GET https://clob.polymarket.com/markets?next_cursor=MA== "HTTP/2 200 OK"
14:24:36 - INFO - HTTP Request: GET https://clob.polymarket.com/markets?next_cursor=MA== "HTTP/2 200 OK"
14:24:36 - INFO - HTTP Request: GET https://clob.polymarket.com/markets?next_cursor=MA== "HTTP/2 200 OK"
14:24:37 - INFO - HTTP Request: GET https://clob.polymarket.com/markets?next_cursor=MA== "HTTP/2 200 OK"
14:24:39 - INFO - HTTP Request: GET https://clob.polymarket.com/markets?next_cursor=MA== "HTTP/2 200 OK"
14:24:40 - INFO - HTTP Request: GET https://clob.polymarket.com/markets?next_cursor=MA== "HTTP/2 200 OK"
14:24:40 - INFO - HTTP Request: GET https://clob.polymarket.com/markets?next_cursor=MA== "HTTP/2 200 OK"
14:24:41 - INFO - HTTP Request: GET https://clob.polymarket.com/markets?next_cursor=MA== "HTTP/2 200 OK"
14:24:44 - INFO - HTTP Request: GET https://clob.polymarket.com/markets?next_cursor=MA== "HTTP/2 200 OK"
14:24:45 - INFO - HTTP Request: GET https://clob.polymarket.com/markets?next_cursor=MA== "HTTP/2 200 OK"
14:24:46 - INFO - HTTP Request: GET https://clob.polymarket.com/markets?next_cursor=MA== "HTTP/2 200 OK"
14:24:46 - INFO - HTTP Request: GET https://clob.polymarket.com/markets?next_cursor=MA== "HTTP/2 200 OK"
14:24:49 - INFO - HTTP Request: GET https://clob.polymarket.com/markets?next_cursor=MA== "HTTP/2 200 OK"
14:24:50 - INFO - HTTP Request: GET https://clob.polymarket.com/markets?next_cursor=MA== "HTTP/2 200 OK"
14:24:51 - INFO - HTTP Request: GET https://clob.polymarket.com/markets?next_cursor=MA== "HTTP/2 200 OK"
14:24:52 - INFO - HTTP Request: GET https://clob.polymarket.com/markets?next_cursor=MA== "HTTP/2 200 OK"
14:24:55 - INFO - HTTP Request: GET https://clob.polymarket.com/markets?next_cursor=MA== "HTTP/2 200 OK"
14:24:55 - INFO - HTTP Request: GET https://clob.polymarket.com/markets?next_cursor=MA== "HTTP/2 200 OK"
14:24:56 - INFO - HTTP Request: GET https://clob.polymarket.com/markets?next_cursor=MA== "HTTP/2 200 OK"
14:24:56 - INFO - HTTP Request: GET https://clob.polymarket.com/markets?next_cursor=MA== "HTTP/2 200 OK"
14:24:59 - INFO - HTTP Request: GET https://clob.polymarket.com/markets?next_cursor=MA== "HTTP/2 200 OK"
14:25:00 - INFO - HTTP Request: GET https://clob.polymarket.com/markets?next_cursor=MA== "HTTP/2 200 OK"
14:25:00 - INFO - HTTP Request: GET https://clob.polymarket.com/markets?next_cursor=MA== "HTTP/2 200 OK"
14:25:01 - INFO - HTTP Request: GET https://clob.polymarket.com/markets?next_cursor=MA== "HTTP/2 200 OK"
14:25:03 - INFO - HTTP Request: GET https://clob.polymarket.com/markets?next_cursor=MA== "HTTP/2 200 OK"
14:25:04 - INFO - HTTP Request: GET https://clob.polymarket.com/markets?next_cursor=MA== "HTTP/2 200 OK"
14:25:04 - INFO - HTTP Request: GET https://clob.polymarket.com/markets?next_cursor=MA== "HTTP/2 200 OK"
14:25:05 - INFO - HTTP Request: GET https://clob.polymarket.com/markets?next_cursor=MA== "HTTP/2 200 OK"
14:25:07 - INFO - HTTP Request: GET https://clob.polymarket.com/markets?next_cursor=MA== "HTTP/2 200 OK"
14:25:09 - INFO - HTTP Request: GET https://clob.polymarket.com/markets?next_cursor=MA== "HTTP/2 200 OK"
14:25:09 - INFO - HTTP Request: GET https://clob.polymarket.com/markets?next_cursor=MA== "HTTP/2 200 OK"
14:25:10 - INFO - HTTP Request: GET https://clob.polymarket.com/markets?next_cursor=MA== "HTTP/2 200 OK"
14:25:12 - INFO - HTTP Request: GET https://clob.polymarket.com/markets?next_cursor=MA== "HTTP/2 200 OK"
14:25:13 - INFO - HTTP Request: GET https://clob.polymarket.com/markets?next_cursor=MA== "HTTP/2 200 OK"
14:25:13 - INFO - HTTP Request: GET https://clob.polymarket.com/markets?next_cursor=MA== "HTTP/2 200 OK"
14:25:14 - INFO - HTTP Request: GET https://clob.polymarket.com/markets?next_cursor=MA== "HTTP/2 200 OK"
14:25:18 - INFO - HTTP Request: GET https://clob.polymarket.com/markets?next_cursor=MA== "HTTP/2 200 OK"
14:25:23 - INFO - HTTP Request: GET https://clob.polymarket.com/markets?next_cursor=MA== "HTTP/2 200 OK"
14:25:24 - INFO - HTTP Request: GET https://clob.polymarket.com/markets?next_cursor=MA== "HTTP/2 200 OK"
14:25:24 - INFO - HTTP Request: GET https://clob.polymarket.com/markets?next_cursor=MA== "HTTP/2 200 OK"
14:25:27 - INFO - HTTP Request: GET https://clob.polymarket.com/markets?next_cursor=MA== "HTTP/2 200 OK"
14:25:28 - INFO - HTTP Request: GET https://clob.polymarket.com/markets?next_cursor=MA== "HTTP/2 200 OK"
14:25:28 - INFO - HTTP Request: GET https://clob.polymarket.com/markets?next_cursor=MA== "HTTP/2 200 OK"
14:25:29 - INFO - HTTP Request: GET https://clob.polymarket.com/markets?next_cursor=MA== "HTTP/2 200 OK"
14:25:32 - INFO - HTTP Request: GET https://clob.polymarket.com/markets?next_cursor=MA== "HTTP/2 200 OK"
14:25:32 - INFO - HTTP Request: GET https://clob.polymarket.com/markets?next_cursor=MA== "HTTP/2 200 OK"
14:25:33 - INFO - HTTP Request: GET https://clob.polymarket.com/markets?next_cursor=MA== "HTTP/2 200 OK"
14:25:34 - INFO - HTTP Request: GET https://clob.polymarket.com/markets?next_cursor=MA== "HTTP/2 200 OK"
14:25:37 - INFO - HTTP Request: GET https://clob.polymarket.com/markets?next_cursor=MA== "HTTP/2 200 OK"
14:25:37 - INFO - HTTP Request: GET https://clob.polymarket.com/markets?next_cursor=MA== "HTTP/2 200 OK"
14:25:38 - INFO - HTTP Request: GET https://clob.polymarket.com/markets?next_cursor=MA== "HTTP/2 200 OK"
14:25:38 - INFO - HTTP Request: GET https://clob.polymarket.com/markets?next_cursor=MA== "HTTP/2 200 OK"
14:25:41 - INFO - HTTP Request: GET https://clob.polymarket.com/markets?next_cursor=MA== "HTTP/2 200 OK"
14:25:41 - INFO - HTTP Request: GET https://clob.polymarket.com/markets?next_cursor=MA== "HTTP/2 200 OK"
14:25:42 - INFO - HTTP Request: GET https://clob.polymarket.com/markets?next_cursor=MA== "HTTP/2 200 OK"
14:25:42 - INFO - HTTP Request: GET https://clob.polymarket.com/markets?next_cursor=MA== "HTTP/2 200 OK"
14:25:45 - INFO - HTTP Request: GET https://clob.polymarket.com/markets?next_cursor=MA== "HTTP/2 200 OK"
14:25:46 - INFO - HTTP Request: GET https://clob.polymarket.com/markets?next_cursor=MA== "HTTP/2 200 OK"
14:25:46 - INFO - HTTP Request: GET https://clob.polymarket.com/markets?next_cursor=MA== "HTTP/2 200 OK"
14:25:47 - INFO - HTTP Request: GET https://clob.polymarket.com/markets?next_cursor=MA== "HTTP/2 200 OK"
14:25:49 - INFO - HTTP Request: GET https://clob.polymarket.com/markets?next_cursor=MA== "HTTP/2 200 OK"
14:25:50 - INFO - HTTP Request: GET https://clob.polymarket.com/markets?next_cursor=MA== "HTTP/2 200 OK"
14:25:50 - INFO - HTTP Request: GET https://clob.polymarket.com/markets?next_cursor=MA== "HTTP/2 200 OK"
14:25:51 - INFO - HTTP Request: GET https://clob.polymarket.com/markets?next_cursor=MA== "HTTP/2 200 OK"
14:25:53 - INFO - HTTP Request: GET https://clob.polymarket.com/markets?next_cursor=MA== "HTTP/2 200 OK"
14:25:54 - INFO - HTTP Request: GET https://clob.polymarket.com/markets?next_cursor=MA== "HTTP/2 200 OK"
14:25:54 - INFO - HTTP Request: GET https://clob.polymarket.com/markets?next_cursor=MA== "HTTP/2 200 OK"
14:25:55 - INFO - HTTP Request: GET https://clob.polymarket.com/markets?next_cursor=MA== "HTTP/2 200 OK"
14:25:58 - INFO - HTTP Request: GET https://clob.polymarket.com/markets?next_cursor=MA== "HTTP/2 200 OK"
14:25:58 - INFO - HTTP Request: GET https://clob.polymarket.com/markets?next_cursor=MA== "HTTP/2 200 OK"
14:25:59 - INFO - HTTP Request: GET https://clob.polymarket.com/markets?next_cursor=MA== "HTTP/2 200 OK"
14:25:59 - INFO - HTTP Request: GET https://clob.polymarket.com/markets?next_cursor=MA== "HTTP/2 200 OK"
14:26:02 - INFO - HTTP Request: GET https://clob.polymarket.com/markets?next_cursor=MA== "HTTP/2 200 OK"
14:26:02 - INFO - HTTP Request: GET https://clob.polymarket.com/markets?next_cursor=MA== "HTTP/2 200 OK"
14:26:03 - INFO - HTTP Request: GET https://clob.polymarket.com/markets?next_cursor=MA== "HTTP/2 200 OK"
14:26:04 - INFO - HTTP Request: GET https://clob.polymarket.com/markets?next_cursor=MA== "HTTP/2 200 OK"
14:26:06 - INFO - HTTP Request: GET https://clob.polymarket.com/markets?next_cursor=MA== "HTTP/2 200 OK"
14:26:07 - INFO - HTTP Request: GET https://clob.polymarket.com/markets?next_cursor=MA== "HTTP/2 200 OK"
14:26:07 - INFO - HTTP Request: GET https://clob.polymarket.com/markets?next_cursor=MA== "HTTP/2 200 OK"
14:26:08 - INFO - HTTP Request: GET https://clob.polymarket.com/markets?next_cursor=MA== "HTTP/2 200 OK"
14:26:10 - INFO - HTTP Request: GET https://clob.polymarket.com/markets?next_cursor=MA== "HTTP/2 200 OK"
14:26:11 - INFO - HTTP Request: GET https://clob.polymarket.com/markets?next_cursor=MA== "HTTP/2 200 OK"
14:26:11 - INFO - HTTP Request: GET https://clob.polymarket.com/markets?next_cursor=MA== "HTTP/2 200 OK"
14:26:12 - INFO - HTTP Request: GET https://clob.polymarket.com/markets?next_cursor=MA== "HTTP/2 200 OK"
14:26:14 - INFO - HTTP Request: GET https://clob.polymarket.com/markets?next_cursor=MA== "HTTP/2 200 OK"
14:26:15 - INFO - HTTP Request: GET https://clob.polymarket.com/markets?next_cursor=MA== "HTTP/2 200 OK"
14:26:15 - INFO - HTTP Request: GET https://clob.polymarket.com/markets?next_cursor=MA== "HTTP/2 200 OK"
14:26:15 - INFO - HTTP Request: GET https://clob.polymarket.com/markets?next_cursor=MA== "HTTP/2 200 OK"
14:26:18 - INFO - HTTP Request: GET https://clob.polymarket.com/markets?next_cursor=MA== "HTTP/2 200 OK"
14:26:19 - INFO - HTTP Request: GET https://clob.polymarket.com/markets?next_cursor=MA== "HTTP/2 200 OK"
14:26:19 - INFO - HTTP Request: GET https://clob.polymarket.com/markets?next_cursor=MA== "HTTP/2 200 OK"
14:26:20 - INFO - HTTP Request: GET https://clob.polymarket.com/markets?next_cursor=MA== "HTTP/2 200 OK"
14:26:22 - INFO - HTTP Request: GET https://clob.polymarket.com/markets?next_cursor=MA== "HTTP/2 200 OK"
14:26:23 - INFO - HTTP Request: GET https://clob.polymarket.com/markets?next_cursor=MA== "HTTP/2 200 OK"
14:26:24 - INFO - HTTP Request: GET https://clob.polymarket.com/markets?next_cursor=MA== "HTTP/2 200 OK"
14:26:24 - INFO - HTTP Request: GET https://clob.polymarket.com/markets?next_cursor=MA== "HTTP/2 200 OK"
14:26:26 - INFO - HTTP Request: GET https://clob.polymarket.com/markets?next_cursor=MA== "HTTP/2 200 OK"
14:26:27 - INFO - HTTP Request: GET https://clob.polymarket.com/markets?next_cursor=MA== "HTTP/2 200 OK"
14:26:27 - INFO - HTTP Request: GET https://clob.polymarket.com/markets?next_cursor=MA== "HTTP/2 200 OK"
14:26:28 - INFO - HTTP Request: GET https://clob.polymarket.com/markets?next_cursor=MA== "HTTP/2 200 OK"
14:26:30 - INFO - HTTP Request: GET https://clob.polymarket.com/markets?next_cursor=MA== "HTTP/2 200 OK"
14:26:30 - INFO - HTTP Request: GET https://clob.polymarket.com/markets?next_cursor=MA== "HTTP/2 200 OK"
14:26:31 - INFO - HTTP Request: GET https://clob.polymarket.com/markets?next_cursor=MA== "HTTP/2 200 OK"
14:26:31 - INFO - HTTP Request: GET https://clob.polymarket.com/markets?next_cursor=MA== "HTTP/2 200 OK"
14:26:33 - INFO - HTTP Request: GET https://clob.polymarket.com/markets?next_cursor=MA== "HTTP/2 200 OK"
14:26:34 - INFO - HTTP Request: GET https://clob.polymarket.com/markets?next_cursor=MA== "HTTP/2 200 OK"
14:26:34 - INFO - HTTP Request: GET https://clob.polymarket.com/markets?next_cursor=MA== "HTTP/2 200 OK"
14:26:34 - INFO - HTTP Request: GET https://clob.polymarket.com/markets?next_cursor=MA== "HTTP/2 200 OK"
14:26:37 - INFO - HTTP Request: GET https://clob.polymarket.com/markets?next_cursor=MA== "HTTP/2 200 OK"
14:26:37 - INFO - HTTP Request: GET https://clob.polymarket.com/markets?next_cursor=MA== "HTTP/2 200 OK"
14:26:38 - INFO - HTTP Request: GET https://clob.polymarket.com/markets?next_cursor=MA== "HTTP/2 200 OK"
14:26:38 - INFO - HTTP Request: GET https://clob.polymarket.com/markets?next_cursor=MA== "HTTP/2 200 OK"
14:26:41 - INFO - HTTP Request: GET https://clob.polymarket.com/markets?next_cursor=MA== "HTTP/2 200 OK"
14:26:41 - INFO - HTTP Request: GET https://clob.polymarket.com/markets?next_cursor=MA== "HTTP/2 200 OK"
14:26:42 - INFO - HTTP Request: GET https://clob.polymarket.com/markets?next_cursor=MA== "HTTP/2 200 OK"
14:26:42 - INFO - HTTP Request: GET https://clob.polymarket.com/markets?next_cursor=MA== "HTTP/2 200 OK"
14:26:45 - INFO - HTTP Request: GET https://clob.polymarket.com/markets?next_cursor=MA== "HTTP/2 200 OK"
14:26:45 - INFO - HTTP Request: GET https://clob.polymarket.com/markets?next_cursor=MA== "HTTP/2 200 OK"
14:26:46 - INFO - HTTP Request: GET https://clob.polymarket.com/markets?next_cursor=MA== "HTTP/2 200 OK"
14:26:46 - INFO - HTTP Request: GET https://clob.polymarket.com/markets?next_cursor=MA== "HTTP/2 200 OK"
14:26:49 - INFO - HTTP Request: GET https://clob.polymarket.com/markets?next_cursor=MA== "HTTP/2 200 OK"
14:26:49 - INFO - HTTP Request: GET https://clob.polymarket.com/markets?next_cursor=MA== "HTTP/2 200 OK"
14:26:50 - INFO - HTTP Request: GET https://clob.polymarket.com/markets?next_cursor=MA== "HTTP/2 200 OK"
14:26:50 - INFO - HTTP Request: GET https://clob.polymarket.com/markets?next_cursor=MA== "HTTP/2 200 OK"
14:26:53 - INFO - HTTP Request: GET https://clob.polymarket.com/markets?next_cursor=MA== "HTTP/2 200 OK"
14:26:54 - INFO - HTTP Request: GET https://clob.polymarket.com/markets?next_cursor=MA== "HTTP/2 200 OK"
14:26:54 - INFO - HTTP Request: GET https://clob.polymarket.com/markets?next_cursor=MA== "HTTP/2 200 OK"
14:26:55 - INFO - HTTP Request: GET https://clob.polymarket.com/markets?next_cursor=MA== "HTTP/2 200 OK"
14:26:57 - INFO - HTTP Request: GET https://clob.polymarket.com/markets?next_cursor=MA== "HTTP/2 200 OK"
14:26:58 - INFO - HTTP Request: GET https://clob.polymarket.com/markets?next_cursor=MA== "HTTP/2 200 OK"
14:26:58 - INFO - HTTP Request: GET https://clob.polymarket.com/markets?next_cursor=MA== "HTTP/2 200 OK"
14:26:58 - INFO - HTTP Request: GET https://clob.polymarket.com/markets?next_cursor=MA== "HTTP/2 200 OK"
14:27:01 - INFO - HTTP Request: GET https://clob.polymarket.com/markets?next_cursor=MA== "HTTP/2 200 OK"
14:27:02 - INFO - HTTP Request: GET https://clob.polymarket.com/markets?next_cursor=MA== "HTTP/2 200 OK"
14:27:02 - INFO - HTTP Request: GET https://clob.polymarket.com/markets?next_cursor=MA== "HTTP/2 200 OK"
14:27:03 - INFO - HTTP Request: GET https://clob.polymarket.com/markets?next_cursor=MA== "HTTP/2 200 OK"
14:27:05 - INFO - HTTP Request: GET https://clob.polymarket.com/markets?next_cursor=MA== "HTTP/2 200 OK"
14:27:06 - INFO - HTTP Request: GET https://clob.polymarket.com/markets?next_cursor=MA== "HTTP/2 200 OK"
14:27:06 - INFO - HTTP Request: GET https://clob.polymarket.com/markets?next_cursor=MA== "HTTP/2 200 OK"
14:27:07 - INFO - HTTP Request: GET https://clob.polymarket.com/markets?next_cursor=MA== "HTTP/2 200 OK"
14:27:09 - INFO - HTTP Request: GET https://clob.polymarket.com/markets?next_cursor=MA== "HTTP/2 200 OK"
14:27:10 - INFO - HTTP Request: GET https://clob.polymarket.com/markets?next_cursor=MA== "HTTP/2 200 OK"
14:27:11 - INFO - HTTP Request: GET https://clob.polymarket.com/markets?next_cursor=MA== "HTTP/2 200 OK"
14:27:11 - INFO - HTTP Request: GET https://clob.polymarket.com/markets?next_cursor=MA== "HTTP/2 200 OK"
14:27:14 - INFO - HTTP Request: GET https://clob.polymarket.com/markets?next_cursor=MA== "HTTP/2 200 OK"
14:27:15 - INFO - HTTP Request: GET https://clob.polymarket.com/markets?next_cursor=MA== "HTTP/2 200 OK"
14:27:16 - INFO - HTTP Request: GET https://clob.polymarket.com/markets?next_cursor=MA== "HTTP/2 200 OK"
14:27:17 - INFO - HTTP Request: GET https://clob.polymarket.com/markets?next_cursor=MA== "HTTP/2 200 OK"
14:27:20 - INFO - HTTP Request: GET https://clob.polymarket.com/markets?next_cursor=MA== "HTTP/2 200 OK"
14:27:20 - INFO - HTTP Request: GET https://clob.polymarket.com/markets?next_cursor=MA== "HTTP/2 200 OK"
14:27:21 - INFO - HTTP Request: GET https://clob.polymarket.com/markets?next_cursor=MA== "HTTP/2 200 OK"
14:27:21 - INFO - HTTP Request: GET https://clob.polymarket.com/markets?next_cursor=MA== "HTTP/2 200 OK"
14:27:24 - INFO - HTTP Request: GET https://clob.polymarket.com/markets?next_cursor=MA== "HTTP/2 200 OK"
14:27:25 - INFO - HTTP Request: GET https://clob.polymarket.com/markets?next_cursor=MA== "HTTP/2 200 OK"
14:27:26 - INFO - HTTP Request: GET https://clob.polymarket.com/markets?next_cursor=MA== "HTTP/2 200 OK"
14:27:26 - INFO - HTTP Request: GET https://clob.polymarket.com/markets?next_cursor=MA== "HTTP/2 200 OK"
14:27:28 - INFO - HTTP Request: GET https://clob.polymarket.com/markets?next_cursor=MA== "HTTP/2 200 OK"
14:27:29 - INFO - HTTP Request: GET https://clob.polymarket.com/markets?next_cursor=MA== "HTTP/2 200 OK"
14:27:30 - INFO - HTTP Request: GET https://clob.polymarket.com/markets?next_cursor=MA== "HTTP/2 200 OK"
14:27:31 - INFO - HTTP Request: GET https://clob.polymarket.com/markets?next_cursor=MA== "HTTP/2 200 OK"
14:27:33 - INFO - HTTP Request: GET https://clob.polymarket.com/markets?next_cursor=MA== "HTTP/2 200 OK"
14:27:34 - INFO - HTTP Request: GET https://clob.polymarket.com/markets?next_cursor=MA== "HTTP/2 200 OK"
14:27:34 - INFO - HTTP Request: GET https://clob.polymarket.com/markets?next_cursor=MA== "HTTP/2 200 OK"
14:27:35 - INFO - HTTP Request: GET https://clob.polymarket.com/markets?next_cursor=MA== "HTTP/2 200 OK"
14:27:38 - INFO - HTTP Request: GET https://clob.polymarket.com/markets?next_cursor=MA== "HTTP/2 200 OK"
14:27:38 - INFO - HTTP Request: GET https://clob.polymarket.com/markets?next_cursor=MA== "HTTP/2 200 OK"
14:27:38 - INFO - HTTP Request: GET https://clob.polymarket.com/markets?next_cursor=MA== "HTTP/2 200 OK"
14:27:39 - INFO - HTTP Request: GET https://clob.polymarket.com/markets?next_cursor=MA== "HTTP/2 200 OK"
14:27:41 - INFO - HTTP Request: GET https://clob.polymarket.com/markets?next_cursor=MA== "HTTP/2 200 OK"
14:27:41 - INFO - HTTP Request: GET https://clob.polymarket.com/markets?next_cursor=MA== "HTTP/2 200 OK"
14:27:42 - INFO - HTTP Request: GET https://clob.polymarket.com/markets?next_cursor=MA== "HTTP/2 200 OK"
14:27:42 - INFO - HTTP Request: GET https://clob.polymarket.com/markets?next_cursor=MA== "HTTP/2 200 OK"
14:27:45 - INFO - HTTP Request: GET https://clob.polymarket.com/markets?next_cursor=MA== "HTTP/2 200 OK"
14:27:45 - INFO - HTTP Request: GET https://clob.polymarket.com/markets?next_cursor=MA== "HTTP/2 200 OK"
14:27:46 - INFO - HTTP Request: GET https://clob.polymarket.com/markets?next_cursor=MA== "HTTP/2 200 OK"
14:27:46 - INFO - HTTP Request: GET https://clob.polymarket.com/markets?next_cursor=MA== "HTTP/2 200 OK"
14:27:49 - INFO - HTTP Request: GET https://clob.polymarket.com/markets?next_cursor=MA== "HTTP/2 200 OK"
14:27:49 - INFO - HTTP Request: GET https://clob.polymarket.com/markets?next_cursor=MA== "HTTP/2 200 OK"
14:27:49 - INFO - HTTP Request: GET https://clob.polymarket.com/markets?next_cursor=MA== "HTTP/2 200 OK"
14:27:50 - INFO - HTTP Request: GET https://clob.polymarket.com/markets?next_cursor=MA== "HTTP/2 200 OK"
14:27:52 - INFO - HTTP Request: GET https://clob.polymarket.com/markets?next_cursor=MA== "HTTP/2 200 OK"
14:27:53 - INFO - HTTP Request: GET https://clob.polymarket.com/markets?next_cursor=MA== "HTTP/2 200 OK"
14:27:53 - INFO - HTTP Request: GET https://clob.polymarket.com/markets?next_cursor=MA== "HTTP/2 200 OK"
14:27:54 - INFO - HTTP Request: GET https://clob.polymarket.com/markets?next_cursor=MA== "HTTP/2 200 OK"
14:27:57 - INFO - HTTP Request: GET https://clob.polymarket.com/markets?next_cursor=MA== "HTTP/2 200 OK"
14:27:58 - INFO - HTTP Request: GET https://clob.polymarket.com/markets?next_cursor=MA== "HTTP/2 200 OK"
14:27:59 - INFO - HTTP Request: GET https://clob.polymarket.com/markets?next_cursor=MA== "HTTP/2 200 OK"
14:27:59 - INFO - HTTP Request: GET https://clob.polymarket.com/markets?next_cursor=MA== "HTTP/2 200 OK"
14:28:01 - INFO - HTTP Request: GET https://clob.polymarket.com/markets?next_cursor=MA== "HTTP/2 200 OK"
14:28:02 - INFO - HTTP Request: GET https://clob.polymarket.com/markets?next_cursor=MA== "HTTP/2 200 OK"
14:28:02 - INFO - HTTP Request: GET https://clob.polymarket.com/markets?next_cursor=MA== "HTTP/2 200 OK"
14:28:03 - INFO - HTTP Request: GET https://clob.polymarket.com/markets?next_cursor=MA== "HTTP/2 200 OK"
14:28:05 - INFO - HTTP Request: GET https://clob.polymarket.com/markets?next_cursor=MA== "HTTP/2 200 OK"
14:28:06 - INFO - HTTP Request: GET https://clob.polymarket.com/markets?next_cursor=MA== "HTTP/2 200 OK"
14:28:06 - INFO - HTTP Request: GET https://clob.polymarket.com/markets?next_cursor=MA== "HTTP/2 200 OK"
14:28:06 - INFO - HTTP Request: GET https://clob.polymarket.com/markets?next_cursor=MA== "HTTP/2 200 OK"
14:28:09 - INFO - HTTP Request: GET https://clob.polymarket.com/markets?next_cursor=MA== "HTTP/2 200 OK"
14:28:10 - INFO - HTTP Request: GET https://clob.polymarket.com/markets?next_cursor=MA== "HTTP/2 200 OK"
14:28:10 - INFO - HTTP Request: GET https://clob.polymarket.com/markets?next_cursor=MA== "HTTP/2 200 OK"
14:28:11 - INFO - HTTP Request: GET https://clob.polymarket.com/markets?next_cursor=MA== "HTTP/2 200 OK"
14:28:13 - INFO - HTTP Request: GET https://clob.polymarket.com/markets?next_cursor=MA== "HTTP/2 200 OK"
14:28:14 - INFO - HTTP Request: GET https://clob.polymarket.com/markets?next_cursor=MA== "HTTP/2 200 OK"
14:28:14 - INFO - HTTP Request: GET https://clob.polymarket.com/markets?next_cursor=MA== "HTTP/2 200 OK"
14:28:14 - INFO - HTTP Request: GET https://clob.polymarket.com/markets?next_cursor=MA== "HTTP/2 200 OK"
14:28:17 - INFO - HTTP Request: GET https://clob.polymarket.com/markets?next_cursor=MA== "HTTP/2 200 OK"
14:28:17 - INFO - HTTP Request: GET https://clob.polymarket.com/markets?next_cursor=MA== "HTTP/2 200 OK"
14:28:18 - INFO - HTTP Request: GET https://clob.polymarket.com/markets?next_cursor=MA== "HTTP/2 200 OK"
14:28:18 - INFO - HTTP Request: GET https://clob.polymarket.com/markets?next_cursor=MA== "HTTP/2 200 OK"
14:28:21 - INFO - HTTP Request: GET https://clob.polymarket.com/markets?next_cursor=MA== "HTTP/2 200 OK"
14:28:21 - INFO - HTTP Request: GET https://clob.polymarket.com/markets?next_cursor=MA== "HTTP/2 200 OK"
14:28:22 - INFO - HTTP Request: GET https://clob.polymarket.com/markets?next_cursor=MA== "HTTP/2 200 OK"
14:28:22 - INFO - HTTP Request: GET https://clob.polymarket.com/markets?next_cursor=MA== "HTTP/2 200 OK"
14:28:25 - INFO - HTTP Request: GET https://clob.polymarket.com/markets?next_cursor=MA== "HTTP/2 200 OK"
14:28:26 - INFO - HTTP Request: GET https://clob.polymarket.com/markets?next_cursor=MA== "HTTP/2 200 OK"
14:28:26 - INFO - HTTP Request: GET https://clob.polymarket.com/markets?next_cursor=MA== "HTTP/2 200 OK"
14:28:26 - INFO - HTTP Request: GET https://clob.polymarket.com/markets?next_cursor=MA== "HTTP/2 200 OK"
14:28:30 - INFO - HTTP Request: GET https://clob.polymarket.com/markets?next_cursor=MA== "HTTP/2 200 OK"
14:28:31 - INFO - HTTP Request: GET https://clob.polymarket.com/markets?next_cursor=MA== "HTTP/2 200 OK"
14:28:31 - INFO - HTTP Request: GET https://clob.polymarket.com/markets?next_cursor=MA== "HTTP/2 200 OK"
14:28:32 - INFO - HTTP Request: GET https://clob.polymarket.com/markets?next_cursor=MA== "HTTP/2 200 OK"
14:28:34 - INFO - HTTP Request: GET https://clob.polymarket.com/markets?next_cursor=MA== "HTTP/2 200 OK"
14:28:35 - INFO - HTTP Request: GET https://clob.polymarket.com/markets?next_cursor=MA== "HTTP/2 200 OK"
14:28:35 - INFO - HTTP Request: GET https://clob.polymarket.com/markets?next_cursor=MA== "HTTP/2 200 OK"
14:28:35 - INFO - HTTP Request: GET https://clob.polymarket.com/markets?next_cursor=MA== "HTTP/2 200 OK"
14:28:38 - INFO - HTTP Request: GET https://clob.polymarket.com/markets?next_cursor=MA== "HTTP/2 200 OK"
14:28:39 - INFO - HTTP Request: GET https://clob.polymarket.com/markets?next_cursor=MA== "HTTP/2 200 OK"
14:28:39 - INFO - HTTP Request: GET https://clob.polymarket.com/markets?next_cursor=MA== "HTTP/2 200 OK"
14:28:40 - INFO - HTTP Request: GET https://clob.polymarket.com/markets?next_cursor=MA== "HTTP/2 200 OK"
14:28:43 - INFO - HTTP Request: GET https://clob.polymarket.com/markets?next_cursor=MA== "HTTP/2 200 OK"
14:28:44 - INFO - HTTP Request: GET https://clob.polymarket.com/markets?next_cursor=MA== "HTTP/2 200 OK"
14:28:44 - INFO - HTTP Request: GET https://clob.polymarket.com/markets?next_cursor=MA== "HTTP/2 200 OK"
14:28:45 - INFO - HTTP Request: GET https://clob.polymarket.com/markets?next_cursor=MA== "HTTP/2 200 OK"
14:28:48 - INFO - HTTP Request: GET https://clob.polymarket.com/markets?next_cursor=MA== "HTTP/2 200 OK"
14:28:48 - INFO - HTTP Request: GET https://clob.polymarket.com/markets?next_cursor=MA== "HTTP/2 200 OK"
14:28:49 - INFO - HTTP Request: GET https://clob.polymarket.com/markets?next_cursor=MA== "HTTP/2 200 OK"
14:28:50 - INFO - HTTP Request: GET https://clob.polymarket.com/markets?next_cursor=MA== "HTTP/2 200 OK"
14:28:52 - INFO - HTTP Request: GET https://clob.polymarket.com/markets?next_cursor=MA== "HTTP/2 200 OK"
14:28:53 - INFO - HTTP Request: GET https://clob.polymarket.com/markets?next_cursor=MA== "HTTP/2 200 OK"
14:28:53 - INFO - HTTP Request: GET https://clob.polymarket.com/markets?next_cursor=MA== "HTTP/2 200 OK"
14:28:54 - INFO - HTTP Request: GET https://clob.polymarket.com/markets?next_cursor=MA== "HTTP/2 200 OK"
14:28:56 - INFO - HTTP Request: GET https://clob.polymarket.com/markets?next_cursor=MA== "HTTP/2 200 OK"
14:28:57 - INFO - HTTP Request: GET https://clob.polymarket.com/markets?next_cursor=MA== "HTTP/2 200 OK"
14:28:58 - INFO - HTTP Request: GET https://clob.polymarket.com/markets?next_cursor=MA== "HTTP/2 200 OK"
14:28:59 - INFO - HTTP Request: GET https://clob.polymarket.com/markets?next_cursor=MA== "HTTP/2 200 OK"
14:29:05 - INFO - HTTP Request: GET https://clob.polymarket.com/markets?next_cursor=MA== "HTTP/2 200 OK"
14:29:09 - INFO - HTTP Request: GET https://clob.polymarket.com/markets?next_cursor=MA== "HTTP/2 200 OK"
14:29:10 - INFO - HTTP Request: GET https://clob.polymarket.com/markets?next_cursor=MA== "HTTP/2 200 OK"
14:29:12 - INFO - HTTP Request: GET https://clob.polymarket.com/markets?next_cursor=MA== "HTTP/2 200 OK"
14:29:15 - INFO - HTTP Request: GET https://clob.polymarket.com/markets?next_cursor=MA== "HTTP/2 200 OK"
14:29:17 - INFO - HTTP Request: GET https://clob.polymarket.com/markets?next_cursor=MA== "HTTP/2 200 OK"
14:29:20 - INFO - HTTP Request: GET https://clob.polymarket.com/markets?next_cursor=MA== "HTTP/2 200 OK"
14:29:24 - INFO - HTTP Request: GET https://clob.polymarket.com/markets?next_cursor=MA== "HTTP/2 200 OK"
14:29:30 - INFO - HTTP Request: GET https://clob.polymarket.com/markets?next_cursor=MA== "HTTP/2 200 OK"
14:29:37 - INFO - HTTP Request: GET https://clob.polymarket.com/markets?next_cursor=MA== "HTTP/2 200 OK"
14:29:41 - INFO - HTTP Request: GET https://clob.polymarket.com/markets?next_cursor=MA== "HTTP/2 200 OK"
14:29:51 - INFO - HTTP Request: GET https://clob.polymarket.com/markets?next_cursor=MA== "HTTP/2 200 OK"
14:29:57 - INFO - HTTP Request: GET https://clob.polymarket.com/markets?next_cursor=MA== "HTTP/2 200 OK"
14:29:59 - INFO - HTTP Request: GET https://clob.polymarket.com/markets?next_cursor=MA== "HTTP/2 200 OK"
14:30:01 - INFO - HTTP Request: GET https://clob.polymarket.com/markets?next_cursor=MA== "HTTP/2 200 OK"
14:30:03 - INFO - HTTP Request: GET https://clob.polymarket.com/markets?next_cursor=MA== "HTTP/2 200 OK"
14:30:08 - INFO - HTTP Request: GET https://clob.polymarket.com/markets?next_cursor=MA== "HTTP/2 200 OK"
14:30:12 - INFO - HTTP Request: GET https://clob.polymarket.com/markets?next_cursor=MA== "HTTP/2 200 OK"
14:30:14 - INFO - HTTP Request: GET https://clob.polymarket.com/markets?next_cursor=MA== "HTTP/2 200 OK"
14:30:15 - INFO - HTTP Request: GET https://clob.polymarket.com/markets?next_cursor=MA== "HTTP/2 200 OK"
14:30:19 - INFO - HTTP Request: GET https://clob.polymarket.com/markets?next_cursor=MA== "HTTP/2 200 OK"
14:30:20 - INFO - HTTP Request: GET https://clob.polymarket.com/markets?next_cursor=MA== "HTTP/2 200 OK"
14:30:22 - INFO - HTTP Request: GET https://clob.polymarket.com/markets?next_cursor=MA== "HTTP/2 200 OK"
14:30:26 - INFO - HTTP Request: GET https://clob.polymarket.com/markets?next_cursor=MA== "HTTP/2 200 OK"
14:30:30 - INFO - HTTP Request: GET https://clob.polymarket.com/markets?next_cursor=MA== "HTTP/2 200 OK"
14:30:31 - INFO - HTTP Request: GET https://clob.polymarket.com/markets?next_cursor=MA== "HTTP/2 200 OK"
14:30:33 - INFO - HTTP Request: GET https://clob.polymarket.com/markets?next_cursor=MA== "HTTP/2 200 OK"
14:30:34 - INFO - HTTP Request: GET https://clob.polymarket.com/markets?next_cursor=MA== "HTTP/2 200 OK"
14:30:36 - INFO - HTTP Request: GET https://clob.polymarket.com/markets?next_cursor=MA== "HTTP/2 200 OK"
14:30:38 - INFO - HTTP Request: GET https://clob.polymarket.com/markets?next_cursor=MA== "HTTP/2 200 OK"
14:30:40 - INFO - HTTP Request: GET https://clob.polymarket.com/markets?next_cursor=MA== "HTTP/2 200 OK"
14:30:41 - INFO - HTTP Request: GET https://clob.polymarket.com/markets?next_cursor=MA== "HTTP/2 200 OK"
14:30:45 - INFO - HTTP Request: GET https://clob.polymarket.com/markets?next_cursor=MA== "HTTP/2 200 OK"
14:30:47 - INFO - HTTP Request: GET https://clob.polymarket.com/markets?next_cursor=MA== "HTTP/2 200 OK"
14:30:49 - INFO - HTTP Request: GET https://clob.polymarket.com/markets?next_cursor=MA== "HTTP/2 200 OK"
14:30:50 - INFO - HTTP Request: GET https://clob.polymarket.com/markets?next_cursor=MA== "HTTP/2 200 OK"
14:30:54 - INFO - HTTP Request: GET https://clob.polymarket.com/markets?next_cursor=MA== "HTTP/2 200 OK"
14:30:55 - INFO - HTTP Request: GET https://clob.polymarket.com/markets?next_cursor=MA== "HTTP/2 200 OK"
14:30:57 - INFO - HTTP Request: GET https://clob.polymarket.com/markets?next_cursor=MA== "HTTP/2 200 OK"
14:30:58 - INFO - HTTP Request: GET https://clob.polymarket.com/markets?next_cursor=MA== "HTTP/2 200 OK"
14:31:01 - INFO - HTTP Request: GET https://clob.polymarket.com/markets?next_cursor=MA== "HTTP/2 200 OK"
14:31:02 - INFO - HTTP Request: GET https://clob.polymarket.com/markets?next_cursor=MA== "HTTP/2 200 OK"
14:31:03 - INFO - HTTP Request: GET https://clob.polymarket.com/markets?next_cursor=MA== "HTTP/2 200 OK"
14:31:04 - INFO - HTTP Request: GET https://clob.polymarket.com/markets?next_cursor=MA== "HTTP/2 200 OK"
14:31:07 - INFO - HTTP Request: GET https://clob.polymarket.com/markets?next_cursor=MA== "HTTP/2 200 OK"
14:31:07 - INFO - HTTP Request: GET https://clob.polymarket.com/markets?next_cursor=MA== "HTTP/2 200 OK"
14:31:08 - INFO - HTTP Request: GET https://clob.polymarket.com/markets?next_cursor=MA== "HTTP/2 200 OK"
14:31:09 - INFO - HTTP Request: GET https://clob.polymarket.com/markets?next_cursor=MA== "HTTP/2 200 OK"
14:31:12 - INFO - HTTP Request: GET https://clob.polymarket.com/markets?next_cursor=MA== "HTTP/2 200 OK"
14:31:12 - INFO - HTTP Request: GET https://clob.polymarket.com/markets?next_cursor=MA== "HTTP/2 200 OK"
14:31:13 - INFO - HTTP Request: GET https://clob.polymarket.com/markets?next_cursor=MA== "HTTP/2 200 OK"
14:31:14 - INFO - HTTP Request: GET https://clob.polymarket.com/markets?next_cursor=MA== "HTTP/2 200 OK"
14:31:16 - INFO - HTTP Request: GET https://clob.polymarket.com/markets?next_cursor=MA== "HTTP/2 200 OK"
14:31:17 - INFO - HTTP Request: GET https://clob.polymarket.com/markets?next_cursor=MA== "HTTP/2 200 OK"
14:31:19 - INFO - HTTP Request: GET https://clob.polymarket.com/markets?next_cursor=MA== "HTTP/2 200 OK"
14:31:19 - INFO - HTTP Request: GET https://clob.polymarket.com/markets?next_cursor=MA== "HTTP/2 200 OK"
14:31:22 - INFO - HTTP Request: GET https://clob.polymarket.com/markets?next_cursor=MA== "HTTP/2 200 OK"
14:31:23 - INFO - HTTP Request: GET https://clob.polymarket.com/markets?next_cursor=MA== "HTTP/2 200 OK"
14:31:24 - INFO - HTTP Request: GET https://clob.polymarket.com/markets?next_cursor=MA== "HTTP/2 200 OK"
14:31:25 - INFO - HTTP Request: GET https://clob.polymarket.com/markets?next_cursor=MA== "HTTP/2 200 OK"
14:31:28 - INFO - HTTP Request: GET https://clob.polymarket.com/markets?next_cursor=MA== "HTTP/2 200 OK"
14:31:28 - INFO - HTTP Request: GET https://clob.polymarket.com/markets?next_cursor=MA== "HTTP/2 200 OK"
14:31:29 - INFO - HTTP Request: GET https://clob.polymarket.com/markets?next_cursor=MA== "HTTP/2 200 OK"
14:31:30 - INFO - HTTP Request: GET https://clob.polymarket.com/markets?next_cursor=MA== "HTTP/2 200 OK"
14:31:33 - INFO - HTTP Request: GET https://clob.polymarket.com/markets?next_cursor=MA== "HTTP/2 200 OK"
14:31:33 - INFO - HTTP Request: GET https://clob.polymarket.com/markets?next_cursor=MA== "HTTP/2 200 OK"
14:31:34 - INFO - HTTP Request: GET https://clob.polymarket.com/markets?next_cursor=MA== "HTTP/2 200 OK"
14:31:35 - INFO - HTTP Request: GET https://clob.polymarket.com/markets?next_cursor=MA== "HTTP/2 200 OK"
14:31:37 - INFO - HTTP Request: GET https://clob.polymarket.com/markets?next_cursor=MA== "HTTP/2 200 OK"
14:31:38 - INFO - HTTP Request: GET https://clob.polymarket.com/markets?next_cursor=MA== "HTTP/2 200 OK"
14:31:39 - INFO - HTTP Request: GET https://clob.polymarket.com/markets?next_cursor=MA== "HTTP/2 200 OK"
14:31:39 - INFO - HTTP Request: GET https://clob.polymarket.com/markets?next_cursor=MA== "HTTP/2 200 OK"
14:31:42 - INFO - HTTP Request: GET https://clob.polymarket.com/markets?next_cursor=MA== "HTTP/2 200 OK"
14:31:43 - INFO - HTTP Request: GET https://clob.polymarket.com/markets?next_cursor=MA== "HTTP/2 200 OK"
14:31:44 - INFO - HTTP Request: GET https://clob.polymarket.com/markets?next_cursor=MA== "HTTP/2 200 OK"
14:31:45 - INFO - HTTP Request: GET https://clob.polymarket.com/markets?next_cursor=MA== "HTTP/2 200 OK"
14:31:47 - INFO - HTTP Request: GET https://clob.polymarket.com/markets?next_cursor=MA== "HTTP/2 200 OK"
14:31:48 - INFO - HTTP Request: GET https://clob.polymarket.com/markets?next_cursor=MA== "HTTP/2 200 OK"
14:31:48 - INFO - HTTP Request: GET https://clob.polymarket.com/markets?next_cursor=MA== "HTTP/2 200 OK"
14:31:49 - INFO - HTTP Request: GET https://clob.polymarket.com/markets?next_cursor=MA== "HTTP/2 200 OK"
14:31:52 - INFO - HTTP Request: GET https://clob.polymarket.com/markets?next_cursor=MA== "HTTP/2 200 OK"
14:31:52 - INFO - HTTP Request: GET https://clob.polymarket.com/markets?next_cursor=MA== "HTTP/2 200 OK"
14:31:53 - INFO - HTTP Request: GET https://clob.polymarket.com/markets?next_cursor=MA== "HTTP/2 200 OK"
14:31:53 - INFO - HTTP Request: GET https://clob.polymarket.com/markets?next_cursor=MA== "HTTP/2 200 OK"
14:31:56 - INFO - HTTP Request: GET https://clob.polymarket.com/markets?next_cursor=MA== "HTTP/2 200 OK"
14:31:56 - INFO - HTTP Request: GET https://clob.polymarket.com/markets?next_cursor=MA== "HTTP/2 200 OK"
14:31:56 - INFO - HTTP Request: GET https://clob.polymarket.com/markets?next_cursor=MA== "HTTP/2 200 OK"
14:31:57 - INFO - HTTP Request: GET https://clob.polymarket.com/markets?next_cursor=MA== "HTTP/2 200 OK"
14:31:59 - INFO - HTTP Request: GET https://clob.polymarket.com/markets?next_cursor=MA== "HTTP/2 200 OK"
14:32:00 - INFO - HTTP Request: GET https://clob.polymarket.com/markets?next_cursor=MA== "HTTP/2 200 OK"
14:32:01 - INFO - HTTP Request: GET https://clob.polymarket.com/markets?next_cursor=MA== "HTTP/2 200 OK"
14:32:02 - INFO - HTTP Request: GET https://clob.polymarket.com/markets?next_cursor=MA== "HTTP/2 200 OK"
14:32:05 - INFO - HTTP Request: GET https://clob.polymarket.com/markets?next_cursor=MA== "HTTP/2 200 OK"
14:32:05 - INFO - HTTP Request: GET https://clob.polymarket.com/markets?next_cursor=MA== "HTTP/2 200 OK"
14:32:05 - INFO - HTTP Request: GET https://clob.polymarket.com/markets?next_cursor=MA== "HTTP/2 200 OK"
14:32:06 - INFO - HTTP Request: GET https://clob.polymarket.com/markets?next_cursor=MA== "HTTP/2 200 OK"
14:32:08 - INFO - HTTP Request: GET https://clob.polymarket.com/markets?next_cursor=MA== "HTTP/2 200 OK"
14:32:09 - INFO - HTTP Request: GET https://clob.polymarket.com/markets?next_cursor=MA== "HTTP/2 200 OK"
14:32:09 - INFO - HTTP Request: GET https://clob.polymarket.com/markets?next_cursor=MA== "HTTP/2 200 OK"
14:32:10 - INFO - HTTP Request: GET https://clob.polymarket.com/markets?next_cursor=MA== "HTTP/2 200 OK"
14:32:12 - INFO - HTTP Request: GET https://clob.polymarket.com/markets?next_cursor=MA== "HTTP/2 200 OK"
14:32:13 - INFO - HTTP Request: GET https://clob.polymarket.com/markets?next_cursor=MA== "HTTP/2 200 OK"
14:32:13 - INFO - HTTP Request: GET https://clob.polymarket.com/markets?next_cursor=MA== "HTTP/2 200 OK"
14:32:14 - INFO - HTTP Request: GET https://clob.polymarket.com/markets?next_cursor=MA== "HTTP/2 200 OK"
14:32:17 - INFO - HTTP Request: GET https://clob.polymarket.com/markets?next_cursor=MA== "HTTP/2 200 OK"
14:32:17 - INFO - HTTP Request: GET https://clob.polymarket.com/markets?next_cursor=MA== "HTTP/2 200 OK"
14:32:18 - INFO - HTTP Request: GET https://clob.polymarket.com/markets?next_cursor=MA== "HTTP/2 200 OK"
14:32:18 - INFO - HTTP Request: GET https://clob.polymarket.com/markets?next_cursor=MA== "HTTP/2 200 OK"
14:32:21 - INFO - HTTP Request: GET https://clob.polymarket.com/markets?next_cursor=MA== "HTTP/2 200 OK"
14:32:21 - INFO - HTTP Request: GET https://clob.polymarket.com/markets?next_cursor=MA== "HTTP/2 200 OK"
14:32:22 - INFO - HTTP Request: GET https://clob.polymarket.com/markets?next_cursor=MA== "HTTP/2 200 OK"
14:32:22 - INFO - HTTP Request: GET https://clob.polymarket.com/markets?next_cursor=MA== "HTTP/2 200 OK"
14:32:25 - INFO - HTTP Request: GET https://clob.polymarket.com/markets?next_cursor=MA== "HTTP/2 200 OK"
14:32:25 - INFO - HTTP Request: GET https://clob.polymarket.com/markets?next_cursor=MA== "HTTP/2 200 OK"
14:32:26 - INFO - HTTP Request: GET https://clob.polymarket.com/markets?next_cursor=MA== "HTTP/2 200 OK"
14:32:27 - INFO - HTTP Request: GET https://clob.polymarket.com/markets?next_cursor=MA== "HTTP/2 200 OK"
14:32:29 - INFO - HTTP Request: GET https://clob.polymarket.com/markets?next_cursor=MA== "HTTP/2 200 OK"
14:32:30 - INFO - HTTP Request: GET https://clob.polymarket.com/markets?next_cursor=MA== "HTTP/2 200 OK"
14:32:30 - INFO - HTTP Request: GET https://clob.polymarket.com/markets?next_cursor=MA== "HTTP/2 200 OK"
14:32:31 - INFO - HTTP Request: GET https://clob.polymarket.com/markets?next_cursor=MA== "HTTP/2 200 OK"
14:32:33 - INFO - HTTP Request: GET https://clob.polymarket.com/markets?next_cursor=MA== "HTTP/2 200 OK"
14:32:34 - INFO - HTTP Request: GET https://clob.polymarket.com/markets?next_cursor=MA== "HTTP/2 200 OK"
14:32:34 - INFO - HTTP Request: GET https://clob.polymarket.com/markets?next_cursor=MA== "HTTP/2 200 OK"
14:32:34 - INFO - HTTP Request: GET https://clob.polymarket.com/markets?next_cursor=MA== "HTTP/2 200 OK"
14:32:37 - INFO - HTTP Request: GET https://clob.polymarket.com/markets?next_cursor=MA== "HTTP/2 200 OK"
14:32:38 - INFO - HTTP Request: GET https://clob.polymarket.com/markets?next_cursor=MA== "HTTP/2 200 OK"
14:32:38 - INFO - HTTP Request: GET https://clob.polymarket.com/markets?next_cursor=MA== "HTTP/2 200 OK"
14:32:39 - INFO - HTTP Request: GET https://clob.polymarket.com/markets?next_cursor=MA== "HTTP/2 200 OK"
14:32:41 - INFO - HTTP Request: GET https://clob.polymarket.com/markets?next_cursor=MA== "HTTP/2 200 OK"
14:32:42 - INFO - HTTP Request: GET https://clob.polymarket.com/markets?next_cursor=MA== "HTTP/2 200 OK"
14:32:42 - INFO - HTTP Request: GET https://clob.polymarket.com/markets?next_cursor=MA== "HTTP/2 200 OK"
14:32:43 - INFO - HTTP Request: GET https://clob.polymarket.com/markets?next_cursor=MA== "HTTP/2 200 OK"
14:32:46 - INFO - HTTP Request: GET https://clob.polymarket.com/markets?next_cursor=MA== "HTTP/2 200 OK"
14:32:46 - INFO - HTTP Request: GET https://clob.polymarket.com/markets?next_cursor=MA== "HTTP/2 200 OK"
14:32:47 - INFO - HTTP Request: GET https://clob.polymarket.com/markets?next_cursor=MA== "HTTP/2 200 OK"
14:32:48 - INFO - HTTP Request: GET https://clob.polymarket.com/markets?next_cursor=MA== "HTTP/2 200 OK"
14:32:50 - INFO - HTTP Request: GET https://clob.polymarket.com/markets?next_cursor=MA== "HTTP/2 200 OK"
14:32:50 - INFO - HTTP Request: GET https://clob.polymarket.com/markets?next_cursor=MA== "HTTP/2 200 OK"
14:32:51 - INFO - HTTP Request: GET https://clob.polymarket.com/markets?next_cursor=MA== "HTTP/2 200 OK"
14:32:52 - INFO - HTTP Request: GET https://clob.polymarket.com/markets?next_cursor=MA== "HTTP/2 200 OK"
14:32:54 - INFO - HTTP Request: GET https://clob.polymarket.com/markets?next_cursor=MA== "HTTP/2 200 OK"
14:32:55 - INFO - HTTP Request: GET https://clob.polymarket.com/markets?next_cursor=MA== "HTTP/2 200 OK"
14:32:55 - INFO - HTTP Request: GET https://clob.polymarket.com/markets?next_cursor=MA== "HTTP/2 200 OK"
14:32:56 - INFO - HTTP Request: GET https://clob.polymarket.com/markets?next_cursor=MA== "HTTP/2 200 OK"
14:32:58 - INFO - HTTP Request: GET https://clob.polymarket.com/markets?next_cursor=MA== "HTTP/2 200 OK"
14:32:59 - INFO - HTTP Request: GET https://clob.polymarket.com/markets?next_cursor=MA== "HTTP/2 200 OK"
14:32:59 - INFO - HTTP Request: GET https://clob.polymarket.com/markets?next_cursor=MA== "HTTP/2 200 OK"
14:33:00 - INFO - HTTP Request: GET https://clob.polymarket.com/markets?next_cursor=MA== "HTTP/2 200 OK"
14:33:02 - INFO - HTTP Request: GET https://clob.polymarket.com/markets?next_cursor=MA== "HTTP/2 200 OK"
14:33:03 - INFO - HTTP Request: GET https://clob.polymarket.com/markets?next_cursor=MA== "HTTP/2 200 OK"
14:33:03 - INFO - HTTP Request: GET https://clob.polymarket.com/markets?next_cursor=MA== "HTTP/2 200 OK"
14:33:03 - INFO - HTTP Request: GET https://clob.polymarket.com/markets?next_cursor=MA== "HTTP/2 200 OK"
14:33:06 - INFO - HTTP Request: GET https://clob.polymarket.com/markets?next_cursor=MA== "HTTP/2 200 OK"
14:33:06 - INFO - HTTP Request: GET https://clob.polymarket.com/markets?next_cursor=MA== "HTTP/2 200 OK"
14:33:07 - INFO - HTTP Request: GET https://clob.polymarket.com/markets?next_cursor=MA== "HTTP/2 200 OK"
14:33:07 - INFO - HTTP Request: GET https://clob.polymarket.com/markets?next_cursor=MA== "HTTP/2 200 OK"
14:33:10 - INFO - HTTP Request: GET https://clob.polymarket.com/markets?next_cursor=MA== "HTTP/2 200 OK"
14:33:11 - INFO - HTTP Request: GET https://clob.polymarket.com/markets?next_cursor=MA== "HTTP/2 200 OK"
14:33:11 - INFO - HTTP Request: GET https://clob.polymarket.com/markets?next_cursor=MA== "HTTP/2 200 OK"
14:33:12 - INFO - HTTP Request: GET https://clob.polymarket.com/markets?next_cursor=MA== "HTTP/2 200 OK"
14:33:15 - INFO - HTTP Request: GET https://clob.polymarket.com/markets?next_cursor=MA== "HTTP/2 200 OK"
14:33:15 - INFO - HTTP Request: GET https://clob.polymarket.com/markets?next_cursor=MA== "HTTP/2 200 OK"
14:33:16 - INFO - HTTP Request: GET https://clob.polymarket.com/markets?next_cursor=MA== "HTTP/2 200 OK"
14:33:17 - INFO - HTTP Request: GET https://clob.polymarket.com/markets?next_cursor=MA== "HTTP/2 200 OK"
14:33:19 - INFO - HTTP Request: GET https://clob.polymarket.com/markets?next_cursor=MA== "HTTP/2 200 OK"
14:33:20 - INFO - HTTP Request: GET https://clob.polymarket.com/markets?next_cursor=MA== "HTTP/2 200 OK"
14:33:21 - INFO - HTTP Request: GET https://clob.polymarket.com/markets?next_cursor=MA== "HTTP/2 200 OK"
14:33:21 - INFO - HTTP Request: GET https://clob.polymarket.com/markets?next_cursor=MA== "HTTP/2 200 OK"
14:33:24 - INFO - HTTP Request: GET https://clob.polymarket.com/markets?next_cursor=MA== "HTTP/2 200 OK"
14:33:25 - INFO - HTTP Request: GET https://clob.polymarket.com/markets?next_cursor=MA== "HTTP/2 200 OK"
14:33:26 - INFO - HTTP Request: GET https://clob.polymarket.com/markets?next_cursor=MA== "HTTP/2 200 OK"
14:33:26 - INFO - HTTP Request: GET https://clob.polymarket.com/markets?next_cursor=MA== "HTTP/2 200 OK"
14:33:29 - INFO - HTTP Request: GET https://clob.polymarket.com/markets?next_cursor=MA== "HTTP/2 200 OK"
14:33:29 - INFO - HTTP Request: GET https://clob.polymarket.com/markets?next_cursor=MA== "HTTP/2 200 OK"
14:33:30 - INFO - HTTP Request: GET https://clob.polymarket.com/markets?next_cursor=MA== "HTTP/2 200 OK"
14:33:30 - INFO - HTTP Request: GET https://clob.polymarket.com/markets?next_cursor=MA== "HTTP/2 200 OK"
14:33:35 - INFO - HTTP Request: GET https://clob.polymarket.com/markets?next_cursor=MA== "HTTP/2 200 OK"
14:33:35 - INFO - HTTP Request: GET https://clob.polymarket.com/markets?next_cursor=MA== "HTTP/2 200 OK"
14:33:36 - INFO - HTTP Request: GET https://clob.polymarket.com/markets?next_cursor=MA== "HTTP/2 200 OK"
14:33:38 - INFO - HTTP Request: GET https://clob.polymarket.com/markets?next_cursor=MA== "HTTP/2 200 OK"
14:33:41 - INFO - HTTP Request: GET https://clob.polymarket.com/markets?next_cursor=MA== "HTTP/2 200 OK"
14:33:43 - INFO - HTTP Request: GET https://clob.polymarket.com/markets?next_cursor=MA== "HTTP/2 200 OK"
14:33:43 - INFO - HTTP Request: GET https://clob.polymarket.com/markets?next_cursor=MA== "HTTP/2 200 OK"
14:33:44 - INFO - HTTP Request: GET https://clob.polymarket.com/markets?next_cursor=MA== "HTTP/2 200 OK"
14:33:47 - INFO - HTTP Request: GET https://clob.polymarket.com/markets?next_cursor=MA== "HTTP/2 200 OK"
14:33:48 - INFO - HTTP Request: GET https://clob.polymarket.com/markets?next_cursor=MA== "HTTP/2 200 OK"
14:33:48 - INFO - HTTP Request: GET https://clob.polymarket.com/markets?next_cursor=MA== "HTTP/2 200 OK"
14:33:48 - INFO - HTTP Request: GET https://clob.polymarket.com/markets?next_cursor=MA== "HTTP/2 200 OK"
14:33:51 - INFO - HTTP Request: GET https://clob.polymarket.com/markets?next_cursor=MA== "HTTP/2 200 OK"
14:33:52 - INFO - HTTP Request: GET https://clob.polymarket.com/markets?next_cursor=MA== "HTTP/2 200 OK"
14:33:52 - INFO - HTTP Request: GET https://clob.polymarket.com/markets?next_cursor=MA== "HTTP/2 200 OK"
14:33:53 - INFO - HTTP Request: GET https://clob.polymarket.com/markets?next_cursor=MA== "HTTP/2 200 OK"
14:33:56 - INFO - HTTP Request: GET https://clob.polymarket.com/markets?next_cursor=MA== "HTTP/2 200 OK"
14:33:56 - INFO - HTTP Request: GET https://clob.polymarket.com/markets?next_cursor=MA== "HTTP/2 200 OK"
14:33:57 - INFO - HTTP Request: GET https://clob.polymarket.com/markets?next_cursor=MA== "HTTP/2 200 OK"
14:33:57 - INFO - HTTP Request: GET https://clob.polymarket.com/markets?next_cursor=MA== "HTTP/2 200 OK"
14:34:00 - INFO - HTTP Request: GET https://clob.polymarket.com/markets?next_cursor=MA== "HTTP/2 200 OK"
14:34:01 - INFO - HTTP Request: GET https://clob.polymarket.com/markets?next_cursor=MA== "HTTP/2 200 OK"
14:34:01 - INFO - HTTP Request: GET https://clob.polymarket.com/markets?next_cursor=MA== "HTTP/2 200 OK"
14:34:02 - INFO - HTTP Request: GET https://clob.polymarket.com/markets?next_cursor=MA== "HTTP/2 200 OK"
14:34:04 - INFO - HTTP Request: GET https://clob.polymarket.com/markets?next_cursor=MA== "HTTP/2 200 OK"
14:34:05 - INFO - HTTP Request: GET https://clob.polymarket.com/markets?next_cursor=MA== "HTTP/2 200 OK"
14:34:05 - INFO - HTTP Request: GET https://clob.polymarket.com/markets?next_cursor=MA== "HTTP/2 200 OK"
14:34:06 - INFO - HTTP Request: GET https://clob.polymarket.com/markets?next_cursor=MA== "HTTP/2 200 OK"
14:34:08 - INFO - HTTP Request: GET https://clob.polymarket.com/markets?next_cursor=MA== "HTTP/2 200 OK"
14:34:09 - INFO - HTTP Request: GET https://clob.polymarket.com/markets?next_cursor=MA== "HTTP/2 200 OK"
14:34:10 - INFO - HTTP Request: GET https://clob.polymarket.com/markets?next_cursor=MA== "HTTP/2 200 OK"
14:34:10 - INFO - HTTP Request: GET https://clob.polymarket.com/markets?next_cursor=MA== "HTTP/2 200 OK"
14:34:12 - INFO - HTTP Request: GET https://clob.polymarket.com/markets?next_cursor=MA== "HTTP/2 200 OK"
14:34:13 - INFO - HTTP Request: GET https://clob.polymarket.com/markets?next_cursor=MA== "HTTP/2 200 OK"
14:34:13 - INFO - HTTP Request: GET https://clob.polymarket.com/markets?next_cursor=MA== "HTTP/2 200 OK"
14:34:14 - INFO - HTTP Request: GET https://clob.polymarket.com/markets?next_cursor=MA== "HTTP/2 200 OK"
14:34:16 - INFO - HTTP Request: GET https://clob.polymarket.com/markets?next_cursor=MA== "HTTP/2 200 OK"
14:34:17 - INFO - HTTP Request: GET https://clob.polymarket.com/markets?next_cursor=MA== "HTTP/2 200 OK"
14:34:17 - INFO - HTTP Request: GET https://clob.polymarket.com/markets?next_cursor=MA== "HTTP/2 200 OK"
14:34:17 - INFO - HTTP Request: GET https://clob.polymarket.com/markets?next_cursor=MA== "HTTP/2 200 OK"
14:34:20 - INFO - HTTP Request: GET https://clob.polymarket.com/markets?next_cursor=MA== "HTTP/2 200 OK"
14:34:21 - INFO - HTTP Request: GET https://clob.polymarket.com/markets?next_cursor=MA== "HTTP/2 200 OK"
14:34:21 - INFO - HTTP Request: GET https://clob.polymarket.com/markets?next_cursor=MA== "HTTP/2 200 OK"
14:34:21 - INFO - HTTP Request: GET https://clob.polymarket.com/markets?next_cursor=MA== "HTTP/2 200 OK"
14:34:24 - INFO - HTTP Request: GET https://clob.polymarket.com/markets?next_cursor=MA== "HTTP/2 200 OK"
14:34:24 - INFO - HTTP Request: GET https://clob.polymarket.com/markets?next_cursor=MA== "HTTP/2 200 OK"
14:34:25 - INFO - HTTP Request: GET https://clob.polymarket.com/markets?next_cursor=MA== "HTTP/2 200 OK"
14:34:25 - INFO - HTTP Request: GET https://clob.polymarket.com/markets?next_cursor=MA== "HTTP/2 200 OK"
14:34:28 - INFO - HTTP Request: GET https://clob.polymarket.com/markets?next_cursor=MA== "HTTP/2 200 OK"
14:34:28 - INFO - HTTP Request: GET https://clob.polymarket.com/markets?next_cursor=MA== "HTTP/2 200 OK"
14:34:29 - INFO - HTTP Request: GET https://clob.polymarket.com/markets?next_cursor=MA== "HTTP/2 200 OK"
14:34:29 - INFO - HTTP Request: GET https://clob.polymarket.com/markets?next_cursor=MA== "HTTP/2 200 OK"
14:34:31 - INFO - HTTP Request: GET https://clob.polymarket.com/markets?next_cursor=MA== "HTTP/2 200 OK"
14:34:32 - INFO - HTTP Request: GET https://clob.polymarket.com/markets?next_cursor=MA== "HTTP/2 200 OK"
14:34:32 - INFO - HTTP Request: GET https://clob.polymarket.com/markets?next_cursor=MA== "HTTP/2 200 OK"
14:34:32 - INFO - HTTP Request: GET https://clob.polymarket.com/markets?next_cursor=MA== "HTTP/2 200 OK"
14:34:34 - INFO - HTTP Request: GET https://clob.polymarket.com/markets?next_cursor=MA== "HTTP/2 200 OK"
14:34:35 - INFO - HTTP Request: GET https://clob.polymarket.com/markets?next_cursor=MA== "HTTP/2 200 OK"
14:34:35 - INFO - HTTP Request: GET https://clob.polymarket.com/markets?next_cursor=MA== "HTTP/2 200 OK"
14:34:35 - INFO - HTTP Request: GET https://clob.polymarket.com/markets?next_cursor=MA== "HTTP/2 200 OK"
